This is pdfTeX, Version 3.14159265-2.6-1.40.15 (TeX Live 2014) (preloaded format=pdflatex 2014.5.25)  27 AUG 2014 15:49
entering extended mode
 \write18 enabled.
 file:line:error style messages enabled.
 %&-line parsing enabled.
**Dissertation_Main.tex
(./Dissertation_Main.tex
LaTeX2e <2014/05/01>
Babel <3.9k> and hyphenation patterns for 78 languages loaded.
(/usr/local/texlive/2014/texmf-dist/tex/latex/base/report.cls
Document Class: report 2007/10/19 v1.4h Standard LaTeX document class
(/usr/local/texlive/2014/texmf-dist/tex/latex/base/size12.clo
File: size12.clo 2007/10/19 v1.4h Standard LaTeX file (size option)
)
\c@part=\count79
\c@chapter=\count80
\c@section=\count81
\c@subsection=\count82
\c@subsubsection=\count83
\c@paragraph=\count84
\c@subparagraph=\count85
\c@figure=\count86
\c@table=\count87
\abovecaptionskip=\skip41
\belowcaptionskip=\skip42
\bibindent=\dimen102
)
(/usr/local/texlive/2014/texmf-dist/tex/latex/base/fontenc.sty
Package: fontenc 2005/09/27 v1.99g Standard LaTeX package

(/usr/local/texlive/2014/texmf-dist/tex/latex/base/t1enc.def
File: t1enc.def 2005/09/27 v1.99g Standard LaTeX file
LaTeX Font Info:    Redeclaring font encoding T1 on input line 43.
))
(/usr/local/texlive/2014/texmf-dist/tex/latex/base/inputenc.sty
Package: inputenc 2014/04/30 v1.2b Input encoding file
\inpenc@prehook=\toks14
\inpenc@posthook=\toks15

(/usr/local/texlive/2014/texmf-dist/tex/latex/base/latin9.def
File: latin9.def 2014/04/30 v1.2b Input encoding file
))
(/usr/local/texlive/2014/texmf-dist/tex/generic/babel/babel.sty
Package: babel 2014/03/24 3.9k The Babel package

(/usr/local/texlive/2014/texmf-dist/tex/generic/babel-english/english.ldf
Language: english 2012/08/20 v3.3p English support from the babel system

(/usr/local/texlive/2014/texmf-dist/tex/generic/babel/babel.def
File: babel.def 2014/03/24 3.9k Babel common definitions
\babel@savecnt=\count88
\U@D=\dimen103
)
\l@canadian = a dialect from \language\l@american 
\l@australian = a dialect from \language\l@british 
\l@newzealand = a dialect from \language\l@british 
))
(/usr/local/texlive/2014/texmf-dist/tex/latex/tools/longtable.sty
Package: longtable 2004/02/01 v4.11 Multi-page Table package (DPC)
\LTleft=\skip43
\LTright=\skip44
\LTpre=\skip45
\LTpost=\skip46
\LTchunksize=\count89
\LTcapwidth=\dimen104
\LT@head=\box26
\LT@firsthead=\box27
\LT@foot=\box28
\LT@lastfoot=\box29
\LT@cols=\count90
\LT@rows=\count91
\c@LT@tables=\count92
\c@LT@chunks=\count93
\LT@p@ftn=\toks16
)
(/usr/local/texlive/2014/texmf-dist/tex/latex/float/float.sty
Package: float 2001/11/08 v1.3d Float enhancements (AL)
\c@float@type=\count94
\float@exts=\toks17
\float@box=\box30
\@float@everytoks=\toks18
\@floatcapt=\box31
)
(/usr/local/texlive/2014/texmf-dist/tex/latex/tools/calc.sty
Package: calc 2007/08/22 v4.3 Infix arithmetic (KKT,FJ)
\calc@Acount=\count95
\calc@Bcount=\count96
\calc@Adimen=\dimen105
\calc@Bdimen=\dimen106
\calc@Askip=\skip47
\calc@Bskip=\skip48
LaTeX Info: Redefining \setlength on input line 75.
LaTeX Info: Redefining \addtolength on input line 76.
\calc@Ccount=\count97
\calc@Cskip=\skip49
)
(/usr/local/texlive/2014/texmf-dist/tex/latex/amscls/amsthm.sty
Package: amsthm 2004/08/06 v2.20
\thm@style=\toks19
\thm@bodyfont=\toks20
\thm@headfont=\toks21
\thm@notefont=\toks22
\thm@headpunct=\toks23
\thm@preskip=\skip50
\thm@postskip=\skip51
\thm@headsep=\skip52
\dth@everypar=\toks24
)
(/usr/local/texlive/2014/texmf-dist/tex/latex/amsmath/amsmath.sty
Package: amsmath 2013/01/14 v2.14 AMS math features
\@mathmargin=\skip53

For additional information on amsmath, use the `?' option.
(/usr/local/texlive/2014/texmf-dist/tex/latex/amsmath/amstext.sty
Package: amstext 2000/06/29 v2.01

(/usr/local/texlive/2014/texmf-dist/tex/latex/amsmath/amsgen.sty
File: amsgen.sty 1999/11/30 v2.0
\@emptytoks=\toks25
\ex@=\dimen107
))
(/usr/local/texlive/2014/texmf-dist/tex/latex/amsmath/amsbsy.sty
Package: amsbsy 1999/11/29 v1.2d
\pmbraise@=\dimen108
)
(/usr/local/texlive/2014/texmf-dist/tex/latex/amsmath/amsopn.sty
Package: amsopn 1999/12/14 v2.01 operator names
)
\inf@bad=\count98
LaTeX Info: Redefining \frac on input line 210.
\uproot@=\count99
\leftroot@=\count100
LaTeX Info: Redefining \overline on input line 306.
\classnum@=\count101
\DOTSCASE@=\count102
LaTeX Info: Redefining \ldots on input line 378.
LaTeX Info: Redefining \dots on input line 381.
LaTeX Info: Redefining \cdots on input line 466.
\Mathstrutbox@=\box32
\strutbox@=\box33
\big@size=\dimen109
LaTeX Font Info:    Redeclaring font encoding OML on input line 566.
LaTeX Font Info:    Redeclaring font encoding OMS on input line 567.
\macc@depth=\count103
\c@MaxMatrixCols=\count104
\dotsspace@=\muskip10
\c@parentequation=\count105
\dspbrk@lvl=\count106
\tag@help=\toks26
\row@=\count107
\column@=\count108
\maxfields@=\count109
\andhelp@=\toks27
\eqnshift@=\dimen110
\alignsep@=\dimen111
\tagshift@=\dimen112
\tagwidth@=\dimen113
\totwidth@=\dimen114
\lineht@=\dimen115
\@envbody=\toks28
\multlinegap=\skip54
\multlinetaggap=\skip55
\mathdisplay@stack=\toks29
LaTeX Info: Redefining \[ on input line 2665.
LaTeX Info: Redefining \] on input line 2666.
)
(/usr/local/texlive/2014/texmf-dist/tex/latex/setspace/setspace.sty
Package: setspace 2011/12/19 v6.7a set line spacing
)
(/usr/local/texlive/2014/texmf-dist/tex/latex/hyperref/hyperref.sty
Package: hyperref 2012/11/06 v6.83m Hypertext links for LaTeX

(/usr/local/texlive/2014/texmf-dist/tex/generic/oberdiek/hobsub-hyperref.sty
Package: hobsub-hyperref 2012/05/28 v1.13 Bundle oberdiek, subset hyperref (HO)


(/usr/local/texlive/2014/texmf-dist/tex/generic/oberdiek/hobsub-generic.sty
Package: hobsub-generic 2012/05/28 v1.13 Bundle oberdiek, subset generic (HO)
Package: hobsub 2012/05/28 v1.13 Construct package bundles (HO)
Package: infwarerr 2010/04/08 v1.3 Providing info/warning/error messages (HO)
Package: ltxcmds 2011/11/09 v1.22 LaTeX kernel commands for general use (HO)
Package: ifluatex 2010/03/01 v1.3 Provides the ifluatex switch (HO)
Package ifluatex Info: LuaTeX not detected.
Package: ifvtex 2010/03/01 v1.5 Detect VTeX and its facilities (HO)
Package ifvtex Info: VTeX not detected.
Package: intcalc 2007/09/27 v1.1 Expandable calculations with integers (HO)
Package: ifpdf 2011/01/30 v2.3 Provides the ifpdf switch (HO)
Package ifpdf Info: pdfTeX in PDF mode is detected.
Package: etexcmds 2011/02/16 v1.5 Avoid name clashes with e-TeX commands (HO)
Package etexcmds Info: Could not find \expanded.
(etexcmds)             That can mean that you are not using pdfTeX 1.50 or
(etexcmds)             that some package has redefined \expanded.
(etexcmds)             In the latter case, load this package earlier.
Package: kvsetkeys 2012/04/25 v1.16 Key value parser (HO)
Package: kvdefinekeys 2011/04/07 v1.3 Define keys (HO)
Package: pdftexcmds 2011/11/29 v0.20 Utility functions of pdfTeX for LuaTeX (HO
)
Package pdftexcmds Info: LuaTeX not detected.
Package pdftexcmds Info: \pdf@primitive is available.
Package pdftexcmds Info: \pdf@ifprimitive is available.
Package pdftexcmds Info: \pdfdraftmode found.
Package: pdfescape 2011/11/25 v1.13 Implements pdfTeX's escape features (HO)
Package: bigintcalc 2012/04/08 v1.3 Expandable calculations on big integers (HO
)
Package: bitset 2011/01/30 v1.1 Handle bit-vector datatype (HO)
Package: uniquecounter 2011/01/30 v1.2 Provide unlimited unique counter (HO)
)
Package hobsub Info: Skipping package `hobsub' (already loaded).
Package: letltxmacro 2010/09/02 v1.4 Let assignment for LaTeX macros (HO)
Package: hopatch 2012/05/28 v1.2 Wrapper for package hooks (HO)
Package: xcolor-patch 2011/01/30 xcolor patch
Package: atveryend 2011/06/30 v1.8 Hooks at the very end of document (HO)
Package atveryend Info: \enddocument detected (standard20110627).
Package: atbegshi 2011/10/05 v1.16 At begin shipout hook (HO)
Package: refcount 2011/10/16 v3.4 Data extraction from label references (HO)
Package: hycolor 2011/01/30 v1.7 Color options for hyperref/bookmark (HO)
)
(/usr/local/texlive/2014/texmf-dist/tex/latex/graphics/keyval.sty
Package: keyval 2014/05/08 v1.15 key=value parser (DPC)
\KV@toks@=\toks30
)
(/usr/local/texlive/2014/texmf-dist/tex/generic/ifxetex/ifxetex.sty
Package: ifxetex 2010/09/12 v0.6 Provides ifxetex conditional
)
(/usr/local/texlive/2014/texmf-dist/tex/latex/oberdiek/auxhook.sty
Package: auxhook 2011/03/04 v1.3 Hooks for auxiliary files (HO)
)
(/usr/local/texlive/2014/texmf-dist/tex/latex/oberdiek/kvoptions.sty
Package: kvoptions 2011/06/30 v3.11 Key value format for package options (HO)
)
\@linkdim=\dimen116
\Hy@linkcounter=\count110
\Hy@pagecounter=\count111

(/usr/local/texlive/2014/texmf-dist/tex/latex/hyperref/pd1enc.def
File: pd1enc.def 2012/11/06 v6.83m Hyperref: PDFDocEncoding definition (HO)
)
\Hy@SavedSpaceFactor=\count112

(/usr/local/texlive/2014/texmf-dist/tex/latex/latexconfig/hyperref.cfg
File: hyperref.cfg 2002/06/06 v1.2 hyperref configuration of TeXLive
)
Package hyperref Info: Option `unicode' set `true' on input line 4319.

(/usr/local/texlive/2014/texmf-dist/tex/latex/hyperref/puenc.def
File: puenc.def 2012/11/06 v6.83m Hyperref: PDF Unicode definition (HO)
)
Package hyperref Info: Option `pdfusetitle' set `true' on input line 4319.
Package hyperref Info: Option `bookmarks' set `true' on input line 4319.
Package hyperref Info: Option `bookmarksnumbered' set `false' on input line 431
9.
Package hyperref Info: Option `bookmarksopen' set `false' on input line 4319.
Package hyperref Info: Option `breaklinks' set `false' on input line 4319.
Package hyperref Info: Option `colorlinks' set `false' on input line 4319.
Package hyperref Info: Hyper figures OFF on input line 4443.
Package hyperref Info: Link nesting OFF on input line 4448.
Package hyperref Info: Hyper index ON on input line 4451.
Package hyperref Info: Plain pages OFF on input line 4458.
Package hyperref Info: Backreferencing OFF on input line 4463.
Package hyperref Info: Implicit mode ON; LaTeX internals redefined.
Package hyperref Info: Bookmarks ON on input line 4688.
\c@Hy@tempcnt=\count113

(/usr/local/texlive/2014/texmf-dist/tex/latex/url/url.sty
\Urlmuskip=\muskip11
Package: url 2013/09/16  ver 3.4  Verb mode for urls, etc.
)
LaTeX Info: Redefining \url on input line 5041.
\XeTeXLinkMargin=\dimen117
\Fld@menulength=\count114
\Field@Width=\dimen118
\Fld@charsize=\dimen119
Package hyperref Info: Hyper figures OFF on input line 6295.
Package hyperref Info: Link nesting OFF on input line 6300.
Package hyperref Info: Hyper index ON on input line 6303.
Package hyperref Info: backreferencing OFF on input line 6310.
Package hyperref Info: Link coloring OFF on input line 6315.
Package hyperref Info: Link coloring with OCG OFF on input line 6320.
Package hyperref Info: PDF/A mode OFF on input line 6325.
LaTeX Info: Redefining \ref on input line 6365.
LaTeX Info: Redefining \pageref on input line 6369.
\Hy@abspage=\count115
\c@Item=\count116
\c@Hfootnote=\count117
)

Package hyperref Message: Driver (autodetected): hpdftex.

(/usr/local/texlive/2014/texmf-dist/tex/latex/hyperref/hpdftex.def
File: hpdftex.def 2012/11/06 v6.83m Hyperref driver for pdfTeX
\Fld@listcount=\count118
\c@bookmark@seq@number=\count119

(/usr/local/texlive/2014/texmf-dist/tex/latex/oberdiek/rerunfilecheck.sty
Package: rerunfilecheck 2011/04/15 v1.7 Rerun checks for auxiliary files (HO)
Package uniquecounter Info: New unique counter `rerunfilecheck' on input line 2
82.
)
\Hy@SectionHShift=\skip56
)
(/usr/local/texlive/2014/texmf-dist/tex/latex/graphics/graphicx.sty
Package: graphicx 2014/04/25 v1.0g Enhanced LaTeX Graphics (DPC,SPQR)

(/usr/local/texlive/2014/texmf-dist/tex/latex/graphics/graphics.sty
Package: graphics 2009/02/05 v1.0o Standard LaTeX Graphics (DPC,SPQR)

(/usr/local/texlive/2014/texmf-dist/tex/latex/graphics/trig.sty
Package: trig 1999/03/16 v1.09 sin cos tan (DPC)
)
(/usr/local/texlive/2014/texmf-dist/tex/latex/latexconfig/graphics.cfg
File: graphics.cfg 2010/04/23 v1.9 graphics configuration of TeX Live
)
Package graphics Info: Driver file: pdftex.def on input line 91.

(/usr/local/texlive/2014/texmf-dist/tex/latex/pdftex-def/pdftex.def
File: pdftex.def 2011/05/27 v0.06d Graphics/color for pdfTeX
\Gread@gobject=\count120
))
\Gin@req@height=\dimen120
\Gin@req@width=\dimen121
)
(/usr/local/texlive/2014/texmf-dist/tex/latex/graphics/color.sty
Package: color 2014/04/23 v1.1a Standard LaTeX Color (DPC)

(/usr/local/texlive/2014/texmf-dist/tex/latex/latexconfig/color.cfg
File: color.cfg 2007/01/18 v1.5 color configuration of teTeX/TeXLive
)
Package color Info: Driver file: pdftex.def on input line 137.
)
(/usr/local/texlive/2014/texmf-dist/tex/latex/graphics/epsfig.sty
Package: epsfig 1999/02/16 v1.7a (e)psfig emulation (SPQR)
\epsfxsize=\dimen122
\epsfysize=\dimen123
)
(/usr/local/texlive/2014/texmf-dist/tex/latex/amsfonts/amssymb.sty
Package: amssymb 2013/01/14 v3.01 AMS font symbols

(/usr/local/texlive/2014/texmf-dist/tex/latex/amsfonts/amsfonts.sty
Package: amsfonts 2013/01/14 v3.01 Basic AMSFonts support
\symAMSa=\mathgroup4
\symAMSb=\mathgroup5
LaTeX Font Info:    Overwriting math alphabet `\mathfrak' in version `bold'
(Font)                  U/euf/m/n --> U/euf/b/n on input line 106.
))
(/usr/local/texlive/2014/texmf-dist/tex/latex/mh/mathtools.sty
Package: mathtools 2014/05/21 v1.14 mathematical typesetting tools

(/usr/local/texlive/2014/texmf-dist/tex/latex/mh/mhsetup.sty
Package: mhsetup 2010/01/21 v1.2a programming setup (MH)
)
LaTeX Info: Thecontrolsequence`\['isalreadyrobust on input line 129.
LaTeX Info: Thecontrolsequence`\]'isalreadyrobust on input line 129.
\g_MT_multlinerow_int=\count121
\l_MT_multwidth_dim=\dimen124
\origjot=\skip57
\l_MT_shortvdotswithinadjustabove_dim=\dimen125
\l_MT_shortvdotswithinadjustbelow_dim=\dimen126
\l_MT_above_intertext_sep=\dimen127
\l_MT_below_intertext_sep=\dimen128
\l_MT_above_shortintertext_sep=\dimen129
\l_MT_below_shortintertext_sep=\dimen130
)
(/usr/local/texlive/2014/texmf-dist/tex/latex/oberdiek/epstopdf.sty
Package: epstopdf 2010/02/09 v2.5 Conversion with epstopdf on the fly (HO)

(/usr/local/texlive/2014/texmf-dist/tex/latex/oberdiek/epstopdf-base.sty
Package: epstopdf-base 2010/02/09 v2.5 Base part for package epstopdf

(/usr/local/texlive/2014/texmf-dist/tex/latex/oberdiek/grfext.sty
Package: grfext 2010/08/19 v1.1 Manage graphics extensions (HO)
)
Package grfext Info: Graphics extension search list:
(grfext)             [.png,.pdf,.jpg,.mps,.jpeg,.jbig2,.jb2,.PNG,.PDF,.JPG,.JPE
G,.JBIG2,.JB2,.eps]
(grfext)             \AppendGraphicsExtensions on input line 452.

(/usr/local/texlive/2014/texmf-dist/tex/latex/latexconfig/epstopdf-sys.cfg
File: epstopdf-sys.cfg 2010/07/13 v1.3 Configuration of (r)epstopdf for TeX Liv
e
)))
(/usr/local/texlive/2014/texmf-dist/tex/latex/etoolbox/etoolbox.sty
Package: etoolbox 2011/01/03 v2.1 e-TeX tools for LaTeX

(/usr/local/texlive/2014/texmf-dist/tex/latex/etex-pkg/etex.sty
Package: etex 1998/03/26 v2.0 eTeX basic definition package (PEB)
\et@xins=\count122
)
\etb@tempcnta=\count123
)
(/usr/local/texlive/2014/texmf-dist/tex/latex/pgf/frontendlayer/tikz.sty
(/usr/local/texlive/2014/texmf-dist/tex/latex/pgf/basiclayer/pgf.sty
(/usr/local/texlive/2014/texmf-dist/tex/latex/pgf/utilities/pgfrcs.sty
(/usr/local/texlive/2014/texmf-dist/tex/generic/pgf/utilities/pgfutil-common.te
x
\pgfutil@everybye=\toks31
\pgfutil@tempdima=\dimen131
\pgfutil@tempdimb=\dimen132

(/usr/local/texlive/2014/texmf-dist/tex/generic/pgf/utilities/pgfutil-common-li
sts.tex))
(/usr/local/texlive/2014/texmf-dist/tex/generic/pgf/utilities/pgfutil-latex.def
\pgfutil@abb=\box34
(/usr/local/texlive/2014/texmf-dist/tex/latex/ms/everyshi.sty
Package: everyshi 2001/05/15 v3.00 EveryShipout Package (MS)
))
(/usr/local/texlive/2014/texmf-dist/tex/generic/pgf/utilities/pgfrcs.code.tex
Package: pgfrcs 2013/12/20 v3.0.0 (rcs-revision 1.28)
))
Package: pgf 2013/12/18 v3.0.0 (rcs-revision 1.14)
(/usr/local/texlive/2014/texmf-dist/tex/latex/pgf/basiclayer/pgfcore.sty
(/usr/local/texlive/2014/texmf-dist/tex/latex/pgf/systemlayer/pgfsys.sty
(/usr/local/texlive/2014/texmf-dist/tex/generic/pgf/systemlayer/pgfsys.code.tex
Package: pgfsys 2013/11/30 v3.0.0 (rcs-revision 1.47)
(/usr/local/texlive/2014/texmf-dist/tex/generic/pgf/utilities/pgfkeys.code.tex
\pgfkeys@pathtoks=\toks32
\pgfkeys@temptoks=\toks33

(/usr/local/texlive/2014/texmf-dist/tex/generic/pgf/utilities/pgfkeysfiltered.c
ode.tex
\pgfkeys@tmptoks=\toks34
))
\pgf@x=\dimen133
\pgf@y=\dimen134
\pgf@xa=\dimen135
\pgf@ya=\dimen136
\pgf@xb=\dimen137
\pgf@yb=\dimen138
\pgf@xc=\dimen139
\pgf@yc=\dimen140
\w@pgf@writea=\write3
\r@pgf@reada=\read1
\c@pgf@counta=\count124
\c@pgf@countb=\count125
\c@pgf@countc=\count126
\c@pgf@countd=\count127
\t@pgf@toka=\toks35
\t@pgf@tokb=\toks36
\t@pgf@tokc=\toks37

(/usr/local/texlive/2014/texmf-dist/tex/generic/pgf/systemlayer/pgf.cfg
File: pgf.cfg 2008/05/14  (rcs-revision 1.7)
)
Driver file for pgf: pgfsys-pdftex.def

(/usr/local/texlive/2014/texmf-dist/tex/generic/pgf/systemlayer/pgfsys-pdftex.d
ef
File: pgfsys-pdftex.def 2013/07/18  (rcs-revision 1.33)

(/usr/local/texlive/2014/texmf-dist/tex/generic/pgf/systemlayer/pgfsys-common-p
df.def
File: pgfsys-common-pdf.def 2013/10/10  (rcs-revision 1.13)
)))
(/usr/local/texlive/2014/texmf-dist/tex/generic/pgf/systemlayer/pgfsyssoftpath.
code.tex
File: pgfsyssoftpath.code.tex 2013/09/09  (rcs-revision 1.9)
\pgfsyssoftpath@smallbuffer@items=\count128
\pgfsyssoftpath@bigbuffer@items=\count129
)
(/usr/local/texlive/2014/texmf-dist/tex/generic/pgf/systemlayer/pgfsysprotocol.
code.tex
File: pgfsysprotocol.code.tex 2006/10/16  (rcs-revision 1.4)
)) (/usr/local/texlive/2014/texmf-dist/tex/latex/xcolor/xcolor.sty
Package: xcolor 2007/01/21 v2.11 LaTeX color extensions (UK)

(/usr/local/texlive/2014/texmf-dist/tex/latex/latexconfig/color.cfg
File: color.cfg 2007/01/18 v1.5 color configuration of teTeX/TeXLive
)
Package xcolor Info: Driver file: pdftex.def on input line 225.
LaTeX Info: Redefining \color on input line 702.
Package xcolor Info: Model `cmy' substituted by `cmy0' on input line 1337.
Package xcolor Info: Model `hsb' substituted by `rgb' on input line 1341.
Package xcolor Info: Model `RGB' extended on input line 1353.
Package xcolor Info: Model `HTML' substituted by `rgb' on input line 1355.
Package xcolor Info: Model `Hsb' substituted by `hsb' on input line 1356.
Package xcolor Info: Model `tHsb' substituted by `hsb' on input line 1357.
Package xcolor Info: Model `HSB' substituted by `hsb' on input line 1358.
Package xcolor Info: Model `Gray' substituted by `gray' on input line 1359.
Package xcolor Info: Model `wave' substituted by `hsb' on input line 1360.
)
(/usr/local/texlive/2014/texmf-dist/tex/generic/pgf/basiclayer/pgfcore.code.tex
Package: pgfcore 2010/04/11 v3.0.0 (rcs-revision 1.7)
(/usr/local/texlive/2014/texmf-dist/tex/generic/pgf/math/pgfmath.code.tex
(/usr/local/texlive/2014/texmf-dist/tex/generic/pgf/math/pgfmathcalc.code.tex
(/usr/local/texlive/2014/texmf-dist/tex/generic/pgf/math/pgfmathutil.code.tex)
(/usr/local/texlive/2014/texmf-dist/tex/generic/pgf/math/pgfmathparser.code.tex
\pgfmath@dimen=\dimen141
\pgfmath@count=\count130
\pgfmath@box=\box35
\pgfmath@toks=\toks38
\pgfmath@stack@operand=\toks39
\pgfmath@stack@operation=\toks40
)
(/usr/local/texlive/2014/texmf-dist/tex/generic/pgf/math/pgfmathfunctions.code.
tex
(/usr/local/texlive/2014/texmf-dist/tex/generic/pgf/math/pgfmathfunctions.basic
.code.tex)
(/usr/local/texlive/2014/texmf-dist/tex/generic/pgf/math/pgfmathfunctions.trigo
nometric.code.tex)
(/usr/local/texlive/2014/texmf-dist/tex/generic/pgf/math/pgfmathfunctions.rando
m.code.tex)
(/usr/local/texlive/2014/texmf-dist/tex/generic/pgf/math/pgfmathfunctions.compa
rison.code.tex)
(/usr/local/texlive/2014/texmf-dist/tex/generic/pgf/math/pgfmathfunctions.base.
code.tex)
(/usr/local/texlive/2014/texmf-dist/tex/generic/pgf/math/pgfmathfunctions.round
.code.tex)
(/usr/local/texlive/2014/texmf-dist/tex/generic/pgf/math/pgfmathfunctions.misc.
code.tex)
(/usr/local/texlive/2014/texmf-dist/tex/generic/pgf/math/pgfmathfunctions.integ
erarithmetics.code.tex)))
(/usr/local/texlive/2014/texmf-dist/tex/generic/pgf/math/pgfmathfloat.code.tex
\c@pgfmathroundto@lastzeros=\count131
))
(/usr/local/texlive/2014/texmf-dist/tex/generic/pgf/basiclayer/pgfcorepoints.co
de.tex
File: pgfcorepoints.code.tex 2013/10/07  (rcs-revision 1.27)
\pgf@picminx=\dimen142
\pgf@picmaxx=\dimen143
\pgf@picminy=\dimen144
\pgf@picmaxy=\dimen145
\pgf@pathminx=\dimen146
\pgf@pathmaxx=\dimen147
\pgf@pathminy=\dimen148
\pgf@pathmaxy=\dimen149
\pgf@xx=\dimen150
\pgf@xy=\dimen151
\pgf@yx=\dimen152
\pgf@yy=\dimen153
\pgf@zx=\dimen154
\pgf@zy=\dimen155
)
(/usr/local/texlive/2014/texmf-dist/tex/generic/pgf/basiclayer/pgfcorepathconst
ruct.code.tex
File: pgfcorepathconstruct.code.tex 2013/10/07  (rcs-revision 1.29)
\pgf@path@lastx=\dimen156
\pgf@path@lasty=\dimen157
)
(/usr/local/texlive/2014/texmf-dist/tex/generic/pgf/basiclayer/pgfcorepathusage
.code.tex
File: pgfcorepathusage.code.tex 2013/12/13  (rcs-revision 1.23)
\pgf@shorten@end@additional=\dimen158
\pgf@shorten@start@additional=\dimen159
)
(/usr/local/texlive/2014/texmf-dist/tex/generic/pgf/basiclayer/pgfcorescopes.co
de.tex
File: pgfcorescopes.code.tex 2013/10/09  (rcs-revision 1.44)
\pgfpic=\box36
\pgf@hbox=\box37
\pgf@layerbox@main=\box38
\pgf@picture@serial@count=\count132
)
(/usr/local/texlive/2014/texmf-dist/tex/generic/pgf/basiclayer/pgfcoregraphicst
ate.code.tex
File: pgfcoregraphicstate.code.tex 2013/09/19  (rcs-revision 1.11)
\pgflinewidth=\dimen160
)
(/usr/local/texlive/2014/texmf-dist/tex/generic/pgf/basiclayer/pgfcoretransform
ations.code.tex
File: pgfcoretransformations.code.tex 2013/10/10  (rcs-revision 1.17)
\pgf@pt@x=\dimen161
\pgf@pt@y=\dimen162
\pgf@pt@temp=\dimen163
)
(/usr/local/texlive/2014/texmf-dist/tex/generic/pgf/basiclayer/pgfcorequick.cod
e.tex
File: pgfcorequick.code.tex 2008/10/09  (rcs-revision 1.3)
)
(/usr/local/texlive/2014/texmf-dist/tex/generic/pgf/basiclayer/pgfcoreobjects.c
ode.tex
File: pgfcoreobjects.code.tex 2006/10/11  (rcs-revision 1.2)
)
(/usr/local/texlive/2014/texmf-dist/tex/generic/pgf/basiclayer/pgfcorepathproce
ssing.code.tex
File: pgfcorepathprocessing.code.tex 2013/09/09  (rcs-revision 1.9)
)
(/usr/local/texlive/2014/texmf-dist/tex/generic/pgf/basiclayer/pgfcorearrows.co
de.tex
File: pgfcorearrows.code.tex 2013/11/07  (rcs-revision 1.40)
\pgfarrowsep=\dimen164
)
(/usr/local/texlive/2014/texmf-dist/tex/generic/pgf/basiclayer/pgfcoreshade.cod
e.tex
File: pgfcoreshade.code.tex 2013/07/15  (rcs-revision 1.15)
\pgf@max=\dimen165
\pgf@sys@shading@range@num=\count133
)
(/usr/local/texlive/2014/texmf-dist/tex/generic/pgf/basiclayer/pgfcoreimage.cod
e.tex
File: pgfcoreimage.code.tex 2013/07/15  (rcs-revision 1.18)

(/usr/local/texlive/2014/texmf-dist/tex/generic/pgf/basiclayer/pgfcoreexternal.
code.tex
File: pgfcoreexternal.code.tex 2013/07/15  (rcs-revision 1.20)
\pgfexternal@startupbox=\box39
))
(/usr/local/texlive/2014/texmf-dist/tex/generic/pgf/basiclayer/pgfcorelayers.co
de.tex
File: pgfcorelayers.code.tex 2013/07/18  (rcs-revision 1.7)
)
(/usr/local/texlive/2014/texmf-dist/tex/generic/pgf/basiclayer/pgfcoretranspare
ncy.code.tex
File: pgfcoretransparency.code.tex 2013/09/30  (rcs-revision 1.5)
)
(/usr/local/texlive/2014/texmf-dist/tex/generic/pgf/basiclayer/pgfcorepatterns.
code.tex
File: pgfcorepatterns.code.tex 2013/11/07  (rcs-revision 1.5)
)))
(/usr/local/texlive/2014/texmf-dist/tex/generic/pgf/modules/pgfmoduleshapes.cod
e.tex
File: pgfmoduleshapes.code.tex 2013/10/31  (rcs-revision 1.34)
\pgfnodeparttextbox=\box40
)
(/usr/local/texlive/2014/texmf-dist/tex/generic/pgf/modules/pgfmoduleplot.code.
tex
File: pgfmoduleplot.code.tex 2013/07/31  (rcs-revision 1.12)
)
(/usr/local/texlive/2014/texmf-dist/tex/latex/pgf/compatibility/pgfcomp-version
-0-65.sty
Package: pgfcomp-version-0-65 2007/07/03 v3.0.0 (rcs-revision 1.7)
\pgf@nodesepstart=\dimen166
\pgf@nodesepend=\dimen167
)
(/usr/local/texlive/2014/texmf-dist/tex/latex/pgf/compatibility/pgfcomp-version
-1-18.sty
Package: pgfcomp-version-1-18 2007/07/23 v3.0.0 (rcs-revision 1.1)
))
(/usr/local/texlive/2014/texmf-dist/tex/latex/pgf/utilities/pgffor.sty
(/usr/local/texlive/2014/texmf-dist/tex/latex/pgf/utilities/pgfkeys.sty
(/usr/local/texlive/2014/texmf-dist/tex/generic/pgf/utilities/pgfkeys.code.tex)
) (/usr/local/texlive/2014/texmf-dist/tex/latex/pgf/math/pgfmath.sty
(/usr/local/texlive/2014/texmf-dist/tex/generic/pgf/math/pgfmath.code.tex))
(/usr/local/texlive/2014/texmf-dist/tex/generic/pgf/utilities/pgffor.code.tex
Package: pgffor 2013/12/13 v3.0.0 (rcs-revision 1.25)

(/usr/local/texlive/2014/texmf-dist/tex/generic/pgf/math/pgfmath.code.tex)
\pgffor@iter=\dimen168
\pgffor@skip=\dimen169
\pgffor@stack=\toks41
\pgffor@toks=\toks42
))
(/usr/local/texlive/2014/texmf-dist/tex/generic/pgf/frontendlayer/tikz/tikz.cod
e.tex
Package: tikz 2013/12/13 v3.0.0 (rcs-revision 1.142)

(/usr/local/texlive/2014/texmf-dist/tex/generic/pgf/libraries/pgflibraryplothan
dlers.code.tex
File: pgflibraryplothandlers.code.tex 2013/08/31 v3.0.0 (rcs-revision 1.20)
\pgf@plot@mark@count=\count134
\pgfplotmarksize=\dimen170
)
\tikz@lastx=\dimen171
\tikz@lasty=\dimen172
\tikz@lastxsaved=\dimen173
\tikz@lastysaved=\dimen174
\tikzleveldistance=\dimen175
\tikzsiblingdistance=\dimen176
\tikz@figbox=\box41
\tikz@figbox@bg=\box42
\tikz@tempbox=\box43
\tikz@tempbox@bg=\box44
\tikztreelevel=\count135
\tikznumberofchildren=\count136
\tikznumberofcurrentchild=\count137
\tikz@fig@count=\count138

(/usr/local/texlive/2014/texmf-dist/tex/generic/pgf/modules/pgfmodulematrix.cod
e.tex
File: pgfmodulematrix.code.tex 2013/09/17  (rcs-revision 1.8)
\pgfmatrixcurrentrow=\count139
\pgfmatrixcurrentcolumn=\count140
\pgf@matrix@numberofcolumns=\count141
)
\tikz@expandcount=\count142

(/usr/local/texlive/2014/texmf-dist/tex/generic/pgf/frontendlayer/tikz/librarie
s/tikzlibrarytopaths.code.tex
File: tikzlibrarytopaths.code.tex 2008/06/17 v3.0.0 (rcs-revision 1.2)
)))
(/usr/local/texlive/2014/texmf-dist/tex/latex/l3packages/xfrac/xfrac.sty
(/usr/local/texlive/2014/texmf-dist/tex/latex/l3packages/l3keys2e/l3keys2e.sty
(/usr/local/texlive/2014/texmf-dist/tex/latex/l3kernel/expl3.sty
Package: expl3 2014/05/20 v4814 L3 programming layer (loader) 

(/usr/local/texlive/2014/texmf-dist/tex/latex/l3kernel/expl3-code.tex
Package: expl3 2014/05/20 v4814 L3 programming layer (code) 
L3 Module: l3bootstrap 2014/05/16 v4782 L3 Bootstrap code
L3 Module: l3names 2014/05/04 v4728 L3 Namespace for primitives
L3 Module: l3basics 2014/05/04 v4728 L3 Basic definitions
L3 Module: l3expan 2014/04/30 v4712 L3 Argument expansion
L3 Module: l3tl 2014/05/04 v4728 L3 Token lists
L3 Module: l3seq 2014/04/30 v4712 L3 Sequences and stacks
L3 Module: l3int 2014/05/16 v4776 L3 Integers
\c_max_int=\count143
\l_tmpa_int=\count144
\l_tmpb_int=\count145
\g_tmpa_int=\count146
\g_tmpb_int=\count147
L3 Module: l3quark 2014/05/04 v4728 L3 Quarks
L3 Module: l3prg 2014/05/04 v4728 L3 Control structures
\g__prg_map_int=\count148
L3 Module: l3clist 2014/05/04 v4728 L3 Comma separated lists
L3 Module: l3token 2014/05/04 v4728 L3 Experimental token manipulation
L3 Module: l3prop 2014/04/30 v4712 L3 Property lists
L3 Module: l3msg 2014/05/04 v4728 L3 Messages
L3 Module: l3file 2014/05/05 v4737 L3 File and I/O operations
\l_iow_line_count_int=\count149
\l__iow_target_count_int=\count150
\l__iow_current_line_int=\count151
\l__iow_current_word_int=\count152
\l__iow_current_indentation_int=\count153
L3 Module: l3skip 2014/05/05 v4738 L3 Dimensions and skips
\c_zero_dim=\dimen177
\c_max_dim=\dimen178
\l_tmpa_dim=\dimen179
\l_tmpb_dim=\dimen180
\g_tmpa_dim=\dimen181
\g_tmpb_dim=\dimen182
\c_zero_skip=\skip58
\c_max_skip=\skip59
\l_tmpa_skip=\skip60
\l_tmpb_skip=\skip61
\g_tmpa_skip=\skip62
\g_tmpb_skip=\skip63
\c_zero_muskip=\muskip12
\c_max_muskip=\muskip13
\l_tmpa_muskip=\muskip14
\l_tmpb_muskip=\muskip15
\g_tmpa_muskip=\muskip16
\g_tmpb_muskip=\muskip17
L3 Module: l3keys 2014/05/08 v4753 L3 Key-value interfaces
\g__keyval_level_int=\count154
\l_keys_choice_int=\count155
L3 Module: l3fp 2014/04/30 v4712 L3 Floating points
\c__fp_leading_shift_int=\count156
\c__fp_middle_shift_int=\count157
\c__fp_trailing_shift_int=\count158
\c__fp_big_leading_shift_int=\count159
\c__fp_big_middle_shift_int=\count160
\c__fp_big_trailing_shift_int=\count161
\c__fp_Bigg_leading_shift_int=\count162
\c__fp_Bigg_middle_shift_int=\count163
\c__fp_Bigg_trailing_shift_int=\count164
L3 Module: l3box 2014/05/04 v4728 L3 Experimental boxes
\c_empty_box=\box45
\l_tmpa_box=\box46
\l_tmpb_box=\box47
\g_tmpa_box=\box48
\g_tmpb_box=\box49
L3 Module: l3coffins 2014/05/04 v4728 L3 Coffin code layer
\l__coffin_internal_box=\box50
\l__coffin_internal_dim=\dimen183
\l__coffin_offset_x_dim=\dimen184
\l__coffin_offset_y_dim=\dimen185
\l__coffin_x_dim=\dimen186
\l__coffin_y_dim=\dimen187
\l__coffin_x_prime_dim=\dimen188
\l__coffin_y_prime_dim=\dimen189
\c_empty_coffin=\box51
\l__coffin_aligned_coffin=\box52
\l__coffin_aligned_internal_coffin=\box53
\l_tmpa_coffin=\box54
\l_tmpb_coffin=\box55
\l__coffin_display_coffin=\box56
\l__coffin_display_coord_coffin=\box57
\l__coffin_display_pole_coffin=\box58
\l__coffin_display_offset_dim=\dimen190
\l__coffin_display_x_dim=\dimen191
\l__coffin_display_y_dim=\dimen192
L3 Module: l3color 2014/04/30 v4712 L3 Experimental color support
L3 Module: l3luatex 2014/04/30 v4712 L3 Experimental LuaTeX-specific functions
\g__cctab_allocate_int=\count165
\g__cctab_stack_int=\count166
L3 Module: l3candidates 2014/05/04 v4734 L3 Experimental additions to l3kernel
\l__box_top_dim=\dimen193
\l__box_bottom_dim=\dimen194
\l__box_left_dim=\dimen195
\l__box_right_dim=\dimen196
\l__box_top_new_dim=\dimen197
\l__box_bottom_new_dim=\dimen198
\l__box_left_new_dim=\dimen199
\l__box_right_new_dim=\dimen200
\l__box_internal_box=\box59
\l__coffin_bounding_shift_dim=\dimen201
Normal \dimen register pool exhausted, switching to extended pool.
\l__coffin_left_corner_dim=\dimen256
\l__coffin_right_corner_dim=\dimen257
\l__coffin_bottom_corner_dim=\dimen258
\l__coffin_top_corner_dim=\dimen259
\l__coffin_scaled_total_height_dim=\dimen260
\l__coffin_scaled_width_dim=\dimen261
))
Package: l3keys2e 2014/05/05 v4740 LaTeX2e option processing using LaTeX3 keys
)
(/usr/local/texlive/2014/texmf-dist/tex/latex/base/textcomp.sty
Package: textcomp 2005/09/27 v1.99g Standard LaTeX package
Package textcomp Info: Sub-encoding information:
(textcomp)               5 = only ISO-Adobe without \textcurrency
(textcomp)               4 = 5 + \texteuro
(textcomp)               3 = 4 + \textohm
(textcomp)               2 = 3 + \textestimated + \textcurrency
(textcomp)               1 = TS1 - \textcircled - \t
(textcomp)               0 = TS1 (full)
(textcomp)             Font families with sub-encoding setting implement
(textcomp)             only a restricted character set as indicated.
(textcomp)             Family '?' is the default used for unknown fonts.
(textcomp)             See the documentation for details.
Package textcomp Info: Setting ? sub-encoding to TS1/1 on input line 71.

(/usr/local/texlive/2014/texmf-dist/tex/latex/base/ts1enc.def
File: ts1enc.def 2001/06/05 v3.0e (jk/car/fm) Standard LaTeX file
)
LaTeX Info: Redefining \oldstylenums on input line 266.
Package textcomp Info: Setting cmr sub-encoding to TS1/0 on input line 281.
Package textcomp Info: Setting cmss sub-encoding to TS1/0 on input line 282.
Package textcomp Info: Setting cmtt sub-encoding to TS1/0 on input line 283.
Package textcomp Info: Setting cmvtt sub-encoding to TS1/0 on input line 284.
Package textcomp Info: Setting cmbr sub-encoding to TS1/0 on input line 285.
Package textcomp Info: Setting cmtl sub-encoding to TS1/0 on input line 286.
Package textcomp Info: Setting ccr sub-encoding to TS1/0 on input line 287.
Package textcomp Info: Setting ptm sub-encoding to TS1/4 on input line 288.
Package textcomp Info: Setting pcr sub-encoding to TS1/4 on input line 289.
Package textcomp Info: Setting phv sub-encoding to TS1/4 on input line 290.
Package textcomp Info: Setting ppl sub-encoding to TS1/3 on input line 291.
Package textcomp Info: Setting pag sub-encoding to TS1/4 on input line 292.
Package textcomp Info: Setting pbk sub-encoding to TS1/4 on input line 293.
Package textcomp Info: Setting pnc sub-encoding to TS1/4 on input line 294.
Package textcomp Info: Setting pzc sub-encoding to TS1/4 on input line 295.
Package textcomp Info: Setting bch sub-encoding to TS1/4 on input line 296.
Package textcomp Info: Setting put sub-encoding to TS1/5 on input line 297.
Package textcomp Info: Setting uag sub-encoding to TS1/5 on input line 298.
Package textcomp Info: Setting ugq sub-encoding to TS1/5 on input line 299.
Package textcomp Info: Setting ul8 sub-encoding to TS1/4 on input line 300.
Package textcomp Info: Setting ul9 sub-encoding to TS1/4 on input line 301.
Package textcomp Info: Setting augie sub-encoding to TS1/5 on input line 302.
Package textcomp Info: Setting dayrom sub-encoding to TS1/3 on input line 303.
Package textcomp Info: Setting dayroms sub-encoding to TS1/3 on input line 304.

Package textcomp Info: Setting pxr sub-encoding to TS1/0 on input line 305.
Package textcomp Info: Setting pxss sub-encoding to TS1/0 on input line 306.
Package textcomp Info: Setting pxtt sub-encoding to TS1/0 on input line 307.
Package textcomp Info: Setting txr sub-encoding to TS1/0 on input line 308.
Package textcomp Info: Setting txss sub-encoding to TS1/0 on input line 309.
Package textcomp Info: Setting txtt sub-encoding to TS1/0 on input line 310.
Package textcomp Info: Setting lmr sub-encoding to TS1/0 on input line 311.
Package textcomp Info: Setting lmdh sub-encoding to TS1/0 on input line 312.
Package textcomp Info: Setting lmss sub-encoding to TS1/0 on input line 313.
Package textcomp Info: Setting lmssq sub-encoding to TS1/0 on input line 314.
Package textcomp Info: Setting lmvtt sub-encoding to TS1/0 on input line 315.
Package textcomp Info: Setting qhv sub-encoding to TS1/0 on input line 316.
Package textcomp Info: Setting qag sub-encoding to TS1/0 on input line 317.
Package textcomp Info: Setting qbk sub-encoding to TS1/0 on input line 318.
Package textcomp Info: Setting qcr sub-encoding to TS1/0 on input line 319.
Package textcomp Info: Setting qcs sub-encoding to TS1/0 on input line 320.
Package textcomp Info: Setting qpl sub-encoding to TS1/0 on input line 321.
Package textcomp Info: Setting qtm sub-encoding to TS1/0 on input line 322.
Package textcomp Info: Setting qzc sub-encoding to TS1/0 on input line 323.
Package textcomp Info: Setting qhvc sub-encoding to TS1/0 on input line 324.
Package textcomp Info: Setting futs sub-encoding to TS1/4 on input line 325.
Package textcomp Info: Setting futx sub-encoding to TS1/4 on input line 326.
Package textcomp Info: Setting futj sub-encoding to TS1/4 on input line 327.
Package textcomp Info: Setting hlh sub-encoding to TS1/3 on input line 328.
Package textcomp Info: Setting hls sub-encoding to TS1/3 on input line 329.
Package textcomp Info: Setting hlst sub-encoding to TS1/3 on input line 330.
Package textcomp Info: Setting hlct sub-encoding to TS1/5 on input line 331.
Package textcomp Info: Setting hlx sub-encoding to TS1/5 on input line 332.
Package textcomp Info: Setting hlce sub-encoding to TS1/5 on input line 333.
Package textcomp Info: Setting hlcn sub-encoding to TS1/5 on input line 334.
Package textcomp Info: Setting hlcw sub-encoding to TS1/5 on input line 335.
Package textcomp Info: Setting hlcf sub-encoding to TS1/5 on input line 336.
Package textcomp Info: Setting pplx sub-encoding to TS1/3 on input line 337.
Package textcomp Info: Setting pplj sub-encoding to TS1/3 on input line 338.
Package textcomp Info: Setting ptmx sub-encoding to TS1/4 on input line 339.
Package textcomp Info: Setting ptmj sub-encoding to TS1/4 on input line 340.
)
(/usr/local/texlive/2014/texmf-dist/tex/latex/l3packages/xparse/xparse.sty
Package: xparse 2014/05/05 v4740 L3 Experimental document command parser
\l__xparse_current_arg_int=\count167
\l__xparse_m_args_int=\count168
\l__xparse_mandatory_args_int=\count169
\l__xparse_processor_int=\count170
\l__xparse_v_nesting_int=\count171
)
(/usr/local/texlive/2014/texmf-dist/tex/latex/l3packages/xtemplate/xtemplate.st
y
Package: xtemplate 2014/05/05 v4740 L3 Experimental prototype document function
s
\l__xtemplate_tmp_dim=\dimen262
\l__xtemplate_tmp_int=\count172
\l__xtemplate_tmp_muskip=\muskip18
\l__xtemplate_tmp_skip=\skip64
Variant \prop_get:NoNTF already defined; not changing it on line 106
Variant \prop_get:NoNT already defined; not changing it on line 107
Variant \prop_get:NoNF already defined; not changing it on line 108
)
Package: xfrac 2014/05/04 v4728 L3 Experimental split-level fractions
\l__xfrac_slash_box=\box60
\l__xfrac_tmp_box=\box61
\l__xfrac_denominator_bot_sep_dim=\dimen263
\l__xfrac_numerator_bot_sep_dim=\dimen264
\l__xfrac_numerator_top_sep_dim=\dimen265
\l__xfrac_slash_left_sep_dim=\dimen266
\l__xfrac_slash_right_sep_dim=\dimen267
\l__xfrac_slash_left_muskip=\muskip19
\l__xfrac_slash_right_muskip=\muskip20
.................................................
. xtemplate info: "declare-object-type"
. 
. Declaring object type 'xfrac' taking 3 argument(s) on line 96.
.................................................
.................................................
. LaTeX info: "xparse/define-command"
. 
. Defining document command \sfrac with arg. spec. 'omom' on line 436.
.................................................
) (/usr/local/texlive/2014/texmf-dist/tex/latex/import/import.sty
Package: import 2009/03/23  v 5.1
)
(/usr/local/texlive/2014/texmf-dist/tex/latex/placeins/placeins.sty
Package: placeins 2005/04/18  v 2.2
)
(/usr/local/texlive/2014/texmf-dist/tex/latex/morefloats/morefloats.sty
Package: morefloats 2012/01/28 v1.0f Raise limit of unprocessed floats (HMM; DH
)
Package morefloats Info: Maximum number of possible floats asked for: 36.
(morefloats)             LaTeX might run out of memory before this
(morefloats)             (in which case it will notify you).
(morefloats)              on input line 171.
\bx@S=\insert233
\bx@T=\insert232
\bx@U=\insert231
\bx@V=\insert230
\bx@W=\insert229
\bx@X=\insert228
\bx@Y=\insert227
\bx@Z=\insert226
\bx@AA=\insert225
\bx@AB=\insert224
\bx@AC=\insert223
\bx@AD=\insert222
\bx@AE=\insert221
\bx@AF=\insert220
\bx@AG=\insert219
\bx@AH=\insert218
\bx@AI=\insert217
\bx@AJ=\insert216
)
(/usr/local/texlive/2014/texmf-dist/tex/latex/cleveref/cleveref.sty
Package: cleveref 2013/12/28 v0.19 Intelligent cross-referencing
Package cleveref Info: `hyperref' support loaded on input line 2230.
LaTeX Info: Redefining \cref on input line 2230.
LaTeX Info: Redefining \Cref on input line 2230.
LaTeX Info: Redefining \crefrange on input line 2230.
LaTeX Info: Redefining \Crefrange on input line 2230.
LaTeX Info: Redefining \cpageref on input line 2230.
LaTeX Info: Redefining \Cpageref on input line 2230.
LaTeX Info: Redefining \cpagerefrange on input line 2230.
LaTeX Info: Redefining \Cpagerefrange on input line 2230.
LaTeX Info: Redefining \labelcref on input line 2230.
LaTeX Info: Redefining \labelcpageref on input line 2230.
Package cleveref Info: `amsthm' support loaded on input line 2858.
)
(./UTSAthesis.sty
UTSAthesis.sty by Prof. Weining Zhang, March 2012
Vertion 2.0.1 Confirm to UTSA Thesis/Dissertation Style 2011
Last updated on September 23, 2012 by Weining Zhang
(/usr/local/texlive/2014/texmf-dist/tex/latex/psnfss/times.sty
Package: times 2005/04/12 PSNFSS-v9.2a (SPQR) 
)
(/usr/local/texlive/2014/texmf-dist/tex/latex/graphics/lscape.sty
Package: lscape 2000/10/22 v3.01 Landscape Pages (DPC)
)
(/usr/local/texlive/2014/texmf-dist/tex/latex/cite/cite.sty
LaTeX Info: Redefining \cite on input line 302.
LaTeX Info: Redefining \nocite on input line 373.
Package: cite 2010/09/10  v 5.3
)
(/usr/local/texlive/2014/texmf-dist/tex/latex/base/latexsym.sty
Package: latexsym 1998/08/17 v2.2e Standard LaTeX package (lasy symbols)
\symlasy=\mathgroup6
LaTeX Font Info:    Overwriting symbol font `lasy' in version `bold'
(Font)                  U/lasy/m/n --> U/lasy/b/n on input line 47.
)
(/usr/local/texlive/2014/texmf-dist/tex/latex/algorithms/algorithm.sty
Package: algorithm 2009/08/24 v0.1 Document Style `algorithm' - floating enviro
nment

(/usr/local/texlive/2014/texmf-dist/tex/latex/base/ifthen.sty
Package: ifthen 2001/05/26 v1.1c Standard LaTeX ifthen package (DPC)
)
\@float@every@algorithm=\toks43
\c@algorithm=\count173
)
(/usr/local/texlive/2014/texmf-dist/tex/latex/algorithms/algorithmic.sty
Package: algorithmic 2009/08/24 v0.1 Document Style `algorithmic'
\c@ALC@unique=\count174
\c@ALC@line=\count175
\c@ALC@rem=\count176
\c@ALC@depth=\count177
\ALC@tlm=\skip65
\algorithmicindent=\skip66
)
(/usr/local/texlive/2014/texmf-dist/tex/latex/tools/xspace.sty
Package: xspace 2009/10/20 v1.13 Space after command names (DPC,MH)
)
(/usr/local/texlive/2014/texmf-dist/tex/latex/tools/enumerate.sty
Package: enumerate 1999/03/05 v3.00 enumerate extensions (DPC)
\@enLab=\toks44
)
(/usr/local/texlive/2014/texmf-dist/tex/latex/tools/array.sty
Package: array 2008/09/09 v2.4c Tabular extension package (FMi)
\col@sep=\dimen268
\extrarowheight=\dimen269
\NC@list=\toks45
\extratabsurround=\skip67
\backup@length=\skip68
)
(/usr/local/texlive/2014/texmf-dist/tex/latex/subfig/subfig.sty
Package: subfig 2005/06/28 ver: 1.3 subfig package

(/usr/local/texlive/2014/texmf-dist/tex/latex/caption/caption.sty
Package: caption 2013/05/02 v3.3-89 Customizing captions (AR)

(/usr/local/texlive/2014/texmf-dist/tex/latex/caption/caption3.sty
Package: caption3 2013/05/02 v1.6-88 caption3 kernel (AR)
Package caption3 Info: TeX engine: e-TeX on input line 57.
\captionmargin=\dimen270
\captionmargin@=\dimen271
\captionwidth=\dimen272
\caption@tempdima=\dimen273
\caption@indent=\dimen274
\caption@parindent=\dimen275
\caption@hangindent=\dimen276
)
\c@ContinuedFloat=\count178
Package caption Info: float package is loaded.
Package caption Info: hyperref package is loaded.
Package caption Info: longtable package is loaded.

(/usr/local/texlive/2014/texmf-dist/tex/latex/caption/ltcaption.sty
Package: ltcaption 2013/02/03 v1.3-62 longtable captions (AR)
))
\c@KVtest=\count179
\sf@farskip=\skip69
\sf@captopadj=\dimen277
\sf@capskip=\skip70
\sf@nearskip=\skip71
\c@subfigure=\count180
\c@subfigure@save=\count181
\c@lofdepth=\count182
\c@subtable=\count183
\c@subtable@save=\count184
\c@lotdepth=\count185
\sf@top=\skip72
\sf@bottom=\skip73
)
(/usr/local/texlive/2014/texmf-dist/tex/latex/cases/cases.sty
Package: cases 2002/05/02 ver 2.5 
)
(/usr/local/texlive/2014/texmf-dist/tex/latex/textcase/textcase.sty
Package: textcase 2004/10/07 v0.07 Text only upper/lower case changing (DPC)
))
\c@defn=\count186
\c@thm=\count187

(./Dissertation_Main.aux (./Introduction.aux) (./LitReview.aux)
(./PDBackground.aux) (./ModelDev.aux) (./Results.aux) (./Conclusion.aux))
\openout1 = `Dissertation_Main.aux'.

LaTeX Font Info:    Checking defaults for OML/cmm/m/it on input line 102.
LaTeX Font Info:    ... okay on input line 102.
LaTeX Font Info:    Checking defaults for T1/cmr/m/n on input line 102.
LaTeX Font Info:    ... okay on input line 102.
LaTeX Font Info:    Checking defaults for OT1/cmr/m/n on input line 102.
LaTeX Font Info:    ... okay on input line 102.
LaTeX Font Info:    Checking defaults for OMS/cmsy/m/n on input line 102.
LaTeX Font Info:    ... okay on input line 102.
LaTeX Font Info:    Checking defaults for OMX/cmex/m/n on input line 102.
LaTeX Font Info:    ... okay on input line 102.
LaTeX Font Info:    Checking defaults for U/cmr/m/n on input line 102.
LaTeX Font Info:    ... okay on input line 102.
LaTeX Font Info:    Checking defaults for PD1/pdf/m/n on input line 102.
LaTeX Font Info:    ... okay on input line 102.
LaTeX Font Info:    Checking defaults for PU/pdf/m/n on input line 102.
LaTeX Font Info:    ... okay on input line 102.
LaTeX Font Info:    Checking defaults for TS1/cmr/m/n on input line 102.
LaTeX Font Info:    Try loading font information for TS1+cmr on input line 102.


(/usr/local/texlive/2014/texmf-dist/tex/latex/base/ts1cmr.fd
File: ts1cmr.fd 1999/05/25 v2.5h Standard LaTeX font definitions
)
LaTeX Font Info:    ... okay on input line 102.
LaTeX Font Info:    Try loading font information for T1+ptm on input line 102.

(/usr/local/texlive/2014/texmf-dist/tex/latex/psnfss/t1ptm.fd
File: t1ptm.fd 2001/06/04 font definitions for T1/ptm.
)
\AtBeginShipoutBox=\box62
Package hyperref Info: Link coloring OFF on input line 102.

(/usr/local/texlive/2014/texmf-dist/tex/latex/hyperref/nameref.sty
Package: nameref 2012/10/27 v2.43 Cross-referencing by name of section

(/usr/local/texlive/2014/texmf-dist/tex/generic/oberdiek/gettitlestring.sty
Package: gettitlestring 2010/12/03 v1.4 Cleanup title references (HO)
)
\c@section@level=\count188
)
LaTeX Info: Redefining \ref on input line 102.
LaTeX Info: Redefining \pageref on input line 102.
LaTeX Info: Redefining \nameref on input line 102.

(./Dissertation_Main.out) (./Dissertation_Main.out)
\@outlinefile=\write4
\openout4 = `Dissertation_Main.out'.


(/usr/local/texlive/2014/texmf-dist/tex/context/base/supp-pdf.mkii
[Loading MPS to PDF converter (version 2006.09.02).]
\scratchcounter=\count189
\scratchdimen=\dimen278
\scratchbox=\box63
\nofMPsegments=\count190
\nofMParguments=\count191
\everyMPshowfont=\toks46
\MPscratchCnt=\count192
\MPscratchDim=\dimen279
\MPnumerator=\count193
\makeMPintoPDFobject=\count194
\everyMPtoPDFconversion=\toks47
) ABD: EveryShipout initializing macros
Package caption Info: Begin \AtBeginDocument code.
Package caption Info: subfig package v1.3 is loaded.
Package caption Info: Incompatible package detected (regarding \@caption).
(caption)             \@caption = \long macro:#1[#2]#3->\par \addcontentsline {
\csname ext@#1\endcsname }{#1}{\protect \numberline {\csname ffnum@#1\endcsname
 }{\ignorespaces #2}}\begingroup \@parboxrestore \if@minipage \@setminipage \fi
 \normalsize \@makecaption {\csname fnum@#1\endcsname }{\ignorespaces #3}\par \
endgroup .


Package caption Warning: \caption will not be redefined since it's already
(caption)                redefined by a document class or package which is
(caption)                unknown to the caption package.
See the caption package documentation for explanation.

Package caption Info: End \AtBeginDocument code.
LaTeX Font Info:    Font shape `T1/ptm/bx/n' in size <12> not available
(Font)              Font shape `T1/ptm/b/n' tried instead on input line 126.
[1

{/usr/local/texlive/2014/texmf-var/fonts/map/pdftex/updmap/pdftex.map}]
[1] [2] [3] [4] [5] (./Dissertation_Main.toc
Package cleveref Info: loaded `english' language definitions on input line 1.
LaTeX Font Info:    Try loading font information for U+msa on input line 2.

(/usr/local/texlive/2014/texmf-dist/tex/latex/amsfonts/umsa.fd
File: umsa.fd 2013/01/14 v3.01 AMS symbols A
)
LaTeX Font Info:    Try loading font information for U+msb on input line 2.

(/usr/local/texlive/2014/texmf-dist/tex/latex/amsfonts/umsb.fd
File: umsb.fd 2013/01/14 v3.01 AMS symbols B
)
LaTeX Font Info:    Try loading font information for U+lasy on input line 2.

(/usr/local/texlive/2014/texmf-dist/tex/latex/base/ulasy.fd
File: ulasy.fd 1998/08/17 v2.2e LaTeX symbol font definitions
) [6

] [7]
Underfull \hbox (badness 10000) in paragraph at lines 51--51
 [] []\T1/ptm/b/n/12 Vita[]  
 []

)
\tf@toc=\write5
\openout5 = `Dissertation_Main.toc'.

 [8] (./Dissertation_Main.lot
Package cleveref Info: loaded `english' language definitions on input line 1.
)
\tf@lot=\write6
\openout6 = `Dissertation_Main.lot'.

 [9

] (./Dissertation_Main.lof
Package cleveref Info: loaded `english' language definitions on input line 1.
 [10

]
Overfull \hbox (1.56482pt too wide) in paragraph at lines 36--36
 [][] [][]\T1/ptm/m/n/12 Accurately mod-el-ing resid-ual plas-tic de-for-ma-tio
n also re-quires a small hori- 
 []


Overfull \hbox (0.52199pt too wide) in paragraph at lines 38--38
 [][] [][]\T1/ptm/m/n/12 The Bond-Pair Model Con-verges on Ac-cu-rate Plate De-
flec-tion with Smaller 
 []

)
\tf@lof=\write7
\openout7 = `Dissertation_Main.lof'.

 [11]
\openout2 = `Introduction.aux'.

 (./Introduction.tex
Chapter 1.
LaTeX Font Info:    Font shape `T1/ptm/bx/n' in size <14.4> not available
(Font)              Font shape `T1/ptm/b/n' tried instead on input line 1.
LaTeX Font Info:    Calculating math sizes for size <8.39996> on input line 21.


LaTeX Font Warning: Font shape `OT1/cmr/m/n' in size <4.19998> not available
(Font)              size <5> substituted on input line 21.


LaTeX Font Warning: Font shape `OML/cmm/m/it' in size <4.19998> not available
(Font)              size <5> substituted on input line 21.


LaTeX Font Warning: Font shape `OMS/cmsy/m/n' in size <4.19998> not available
(Font)              size <5> substituted on input line 21.


LaTeX Font Warning: Font shape `OT1/cmr/bx/n' in size <4.19998> not available
(Font)              size <5> substituted on input line 21.


LaTeX Font Warning: Font shape `U/lasy/m/n' in size <4.19998> not available
(Font)              size <5> substituted on input line 21.

pdfTeX warning (ext4): destination with the same identifier (name{page.1}) has 
been already used, duplicate ignored
<to be read again> 
                   \relax 
l.27 
      [1


]) [2]
\openout2 = `LitReview.aux'.

 (./LitReview.tex
Chapter 2.
(./plots/CrackEnrichment.pgf)

LaTeX Warning: `h' float specifier changed to `ht'.

[3



] <./images/XFEMenrichments.pdf, id=384, 279.6322pt x 110.63463pt>
File: ./images/XFEMenrichments.pdf Graphic file (type pdf)

<use ./images/XFEMenrichments.pdf>
Package pdftex.def Info: ./images/XFEMenrichments.pdf used on input line 35.
(pdftex.def)             Requested size: 279.63152pt x 110.63434pt.
 [4 <./images/XFEMenrichments.pdf>]
<./images/FEMvsRKPM.pdf, id=495, 361.76807pt x 148.13956pt>
File: ./images/FEMvsRKPM.pdf Graphic file (type pdf)

<use ./images/FEMvsRKPM.pdf>
Package pdftex.def Info: ./images/FEMvsRKPM.pdf used on input line 53.
(pdftex.def)             Requested size: 361.76717pt x 148.13918pt.
 [5 <./images/FEMvsRKPM.pdf>]
Overfull \hbox (1.42883pt too wide) in paragraph at lines 75--81
[]\T1/ptm/m/n/12 Particle meth-ods of mod-el-ing fail-ure in-clude the Smooth P
ar-ti-cle Hy-dro-dy-namic (SPH) method,
 []

[6] [7] (./diagrams/PDbody.eps_tex
Package epstopdf Info: Source file: <./diagrams/PDbody.eps>
(epstopdf)                    date: 2013-10-21 09:33:28
(epstopdf)                    size: 53321 bytes
(epstopdf)             Output file: <./diagrams/PDbody-eps-converted-to.pdf>
(epstopdf)                    date: 2013-10-21 09:34:28
(epstopdf)                    size: 62384 bytes
(epstopdf)             Command: <epstopdf --outfile=./diagrams/PDbody-eps-conve
rted-to.pdf ./diagrams/PDbody.eps>
(epstopdf)             \includegraphics on input line 52.
Package epstopdf Info: Output file is already uptodate.

<./diagrams/PDbody-eps-converted-to.pdf, id=656, 304.13625pt x 128.48pt>
File: ./diagrams/PDbody-eps-converted-to.pdf Graphic file (type pdf)

<use ./diagrams/PDbody-eps-converted-to.pdf>
Package pdftex.def Info: ./diagrams/PDbody-eps-converted-to.pdf used on input l
ine 52.
(pdftex.def)             Requested size: 303.44969pt x 128.19344pt.
)

LaTeX Warning: `h' float specifier changed to `ht'.

[8] <./images/demmie07impact.pdf, id=669, 459.14095pt x 218.79219pt>
File: ./images/demmie07impact.pdf Graphic file (type pdf)

<use ./images/demmie07impact.pdf>
Package pdftex.def Info: ./images/demmie07impact.pdf used on input line 148.
(pdftex.def)             Requested size: 375.80542pt x 179.08357pt.

<./images/PDmultiscale.pdf, id=679, 335.53346pt x 85.01532pt>
File: ./images/PDmultiscale.pdf Graphic file (type pdf)

<use ./images/PDmultiscale.pdf>
Package pdftex.def Info: ./images/PDmultiscale.pdf used on input line 165.
(pdftex.def)             Requested size: 335.53264pt x 85.0151pt.
 [9 <./diagrams/PDbody-eps-converted-to.pdf> <./images/demmie07impact.pdf>] [10
 <./images/PDmultiscale.pdf>]

LaTeX Font Warning: Font shape `OT1/cmr/m/it' in size <4.19998> not available
(Font)              size <5> substituted on input line 183.

[11] [12] <./images/PDmembrane.pdf, id=873, 316.01372pt x 248.5029pt>
File: ./images/PDmembrane.pdf Graphic file (type pdf)

<use ./images/PDmembrane.pdf>
Package pdftex.def Info: ./images/PDmembrane.pdf used on input line 236.
(pdftex.def)             Requested size: 316.01294pt x 248.50227pt.

<./images/LittlewoodCylinder.pdf, id=878, 633.23251pt x 293.70728pt>
File: ./images/LittlewoodCylinder.pdf Graphic file (type pdf)

<use ./images/LittlewoodCylinder.pdf>
Package pdftex.def Info: ./images/LittlewoodCylinder.pdf used on input line 247
.
(pdftex.def)             Requested size: 375.80542pt x 174.30759pt.


LaTeX Warning: `h' float specifier changed to `ht'.


LaTeX Warning: `!h' float specifier changed to `!ht'.

[13]) [14 <./images/PDmembrane.pdf> <./images/LittlewoodCylinder.pdf>]
\openout2 = `PDBackground.aux'.


(./PDBackground.tex
Chapter 3.
<./images/VectorState.pdf, id=1017, 353.82788pt x 202.59674pt>
File: ./images/VectorState.pdf Graphic file (type pdf)

<use ./images/VectorState.pdf>
Package pdftex.def Info: ./images/VectorState.pdf used on input line 12.
(pdftex.def)             Requested size: 353.82701pt x 202.59624pt.
 [15



 <./images/VectorState.pdf>]
(./diagrams/PDbodyDeformed.eps_tex
Package epstopdf Info: Source file: <./diagrams/PDbodyDeformed.eps>
(epstopdf)                    date: 2013-09-24 14:35:00
(epstopdf)                    size: 4402 bytes
(epstopdf)             Output file: <./diagrams/PDbodyDeformed-eps-converted-to
.pdf>
(epstopdf)                    date: 2013-09-24 14:35:04
(epstopdf)                    size: 3339 bytes
(epstopdf)             Command: <epstopdf --outfile=./diagrams/PDbodyDeformed-e
ps-converted-to.pdf ./diagrams/PDbodyDeformed.eps>
(epstopdf)             \includegraphics on input line 52.
Package epstopdf Info: Output file is already uptodate.

<./diagrams/PDbodyDeformed-eps-converted-to.pdf, id=1083, 329.23pt x 128.48pt>
File: ./diagrams/PDbodyDeformed-eps-converted-to.pdf Graphic file (type pdf)

<use ./diagrams/PDbodyDeformed-eps-converted-to.pdf>
Package pdftex.def Info: ./diagrams/PDbodyDeformed-eps-converted-to.pdf used on
 input line 52.
(pdftex.def)             Requested size: 328.5768pt x 128.22873pt.
)
<./images/PDmodelTypes.pdf, id=1088, 360.84467pt x 218.14366pt>
File: ./images/PDmodelTypes.pdf Graphic file (type pdf)

<use ./images/PDmodelTypes.pdf>
Package pdftex.def Info: ./images/PDmodelTypes.pdf used on input line 62.
(pdftex.def)             Requested size: 360.84378pt x 218.14311pt.
 [16 <./diagrams/PDbodyDeformed-eps-converted-to.pdf>]
LaTeX Font Info:    Font shape `U/lasy/b/n' in size <8> not available
(Font)              Font shape `U/lasy/m/n' tried instead on input line 69.
LaTeX Font Info:    Font shape `U/lasy/b/n' in size <6> not available
(Font)              Font shape `U/lasy/m/n' tried instead on input line 69.
 (./diagrams/BondForce.eps_tex
Package epstopdf Info: Source file: <./diagrams/BondForce.eps>
(epstopdf)                    date: 2013-09-30 15:25:21
(epstopdf)                    size: 5852 bytes
(epstopdf)             Output file: <./diagrams/BondForce-eps-converted-to.pdf>

(epstopdf)                    date: 2013-09-30 15:25:26
(epstopdf)                    size: 2984 bytes
(epstopdf)             Command: <epstopdf --outfile=./diagrams/BondForce-eps-co
nverted-to.pdf ./diagrams/BondForce.eps>
(epstopdf)             \includegraphics on input line 52.
Package epstopdf Info: Output file is already uptodate.

<./diagrams/BondForce-eps-converted-to.pdf, id=1100, 229.85875pt x 230.8625pt>
File: ./diagrams/BondForce-eps-converted-to.pdf Graphic file (type pdf)

<use ./diagrams/BondForce-eps-converted-to.pdf>
Package pdftex.def Info: ./diagrams/BondForce-eps-converted-to.pdf used on inpu
t line 52.
(pdftex.def)             Requested size: 229.4472pt x 230.46033pt.
) [17 <./images/PDmodelTypes.pdf>] [18 <./diagrams/BondForce-eps-converted-to.p
df>] [19] [20pdfTeX warning (ext4): destination with the same identifier (name{
equation.3.4.9}) has been already used, duplicate ignored

\AtBegShi@Output ...ipout \box \AtBeginShipoutBox 
                                                  \fi \fi 
l.154 \end{align}
                 ]
LaTeX Font Info:    Try loading font information for TS1+ptm on input line 155.


(/usr/local/texlive/2014/texmf-dist/tex/latex/psnfss/ts1ptm.fd
File: ts1ptm.fd 2001/06/04 font definitions for TS1/ptm.
) [21pdfTeX warning (ext4): destination with the same identifier (name{equation
.3.4.9}) has been already used, duplicate ignored

\AtBegShi@Output ...ipout \box \AtBeginShipoutBox 
                                                  \fi \fi 
l.173 \end{equation}
                    ] [22pdfTeX warning (ext4): destination with the same ident
ifier (name{equation.3.4.12}) has been already used, duplicate ignored

\AtBegShi@Output ...ipout \box \AtBeginShipoutBox 
                                                  \fi \fi 
l.201 \begin{equation}
                      pdfTeX warning (ext4): destination with the same identifi
er (name{equation.3.4.12}) has been already used, duplicate ignored

\AtBegShi@Output ...ipout \box \AtBeginShipoutBox 
                                                  \fi \fi 
l.201 \begin{equation}
                      ]pdfTeX warning (ext4): destination with the same identif
ier (name{equation.3.4.14}) has been already used, duplicate ignored
<to be read again> 
                   \relax 
l.201 \begin{equation}
                      pdfTeX warning (ext4): destination with the same identifi
er (name{equation.3.4.14}) has been already used, duplicate ignored
<to be read again> 
                   \relax 
l.201 \begin{equation}
                      pdfTeX warning (ext4): destination with the same identifi
er (name{equation.3.4.14}) has been already used, duplicate ignored
<to be read again> 
                   \relax 
l.201 \begin{equation}
                      pdfTeX warning (ext4): destination with the same identifi
er (name{equation.3.4.14}) has been already used, duplicate ignored
<to be read again> 
                   \relax 
l.201 \begin{equation}
                      ) [23]
\openout2 = `ModelDev.aux'.

 (./ModelDev.tex
Chapter 4.
(./diagrams/simpleBondPair.eps_tex
Package epstopdf Info: Source file: <./diagrams/simpleBondPair.eps>
(epstopdf)                    date: 2013-12-12 15:51:46
(epstopdf)                    size: 13405 bytes
(epstopdf)             Output file: <./diagrams/simpleBondPair-eps-converted-to
.pdf>
(epstopdf)                    date: 2013-12-12 15:51:49
(epstopdf)                    size: 8497 bytes
(epstopdf)             Command: <epstopdf --outfile=./diagrams/simpleBondPair-e
ps-converted-to.pdf ./diagrams/simpleBondPair.eps>
(epstopdf)             \includegraphics on input line 52.
Package epstopdf Info: Output file is already uptodate.

<./diagrams/simpleBondPair-eps-converted-to.pdf, id=1202, 281.05pt x 54.2025pt>
File: ./diagrams/simpleBondPair-eps-converted-to.pdf Graphic file (type pdf)
<use ./diagrams/simpleBondPair-eps-converted-to.pdf>
Package pdftex.def Info: ./diagrams/simpleBondPair-eps-converted-to.pdf used on
 input line 52.
(pdftex.def)             Requested size: 281.04999pt x 54.20566pt.
)
(./diagrams/bondPair.eps_tex
Package epstopdf Info: Source file: <./diagrams/bondPair.eps>
(epstopdf)                    date: 2013-08-07 15:44:47
(epstopdf)                    size: 15272 bytes
(epstopdf)             Output file: <./diagrams/bondPair-eps-converted-to.pdf>
(epstopdf)                    date: 2013-08-07 15:44:54
(epstopdf)                    size: 11425 bytes
(epstopdf)             Command: <epstopdf --outfile=./diagrams/bondPair-eps-con
verted-to.pdf ./diagrams/bondPair.eps>
(epstopdf)             \includegraphics on input line 52.
Package epstopdf Info: Output file is already uptodate.

<./diagrams/bondPair-eps-converted-to.pdf, id=1207, 281.05pt x 54.2025pt>
File: ./diagrams/bondPair-eps-converted-to.pdf Graphic file (type pdf)

<use ./diagrams/bondPair-eps-converted-to.pdf>
Package pdftex.def Info: ./diagrams/bondPair-eps-converted-to.pdf used on input
 line 52.
(pdftex.def)             Requested size: 281.04999pt x 54.20566pt.
) [24



 <./diagrams/simpleBondPair-eps-converted-to.pdf> <./diagrams/bondPair-eps-conv
erted-to.pdf>]
(./diagrams/continuousBeam.eps_tex
Package epstopdf Info: Source file: <./diagrams/continuousBeam.eps>
(epstopdf)                    date: 2013-10-21 09:38:29
(epstopdf)                    size: 3545 bytes
(epstopdf)             Output file: <./diagrams/continuousBeam-eps-converted-to
.pdf>
(epstopdf)                    date: 2013-10-21 09:38:32
(epstopdf)                    size: 2671 bytes
(epstopdf)             Command: <epstopdf --outfile=./diagrams/continuousBeam-e
ps-converted-to.pdf ./diagrams/continuousBeam.eps>
(epstopdf)             \includegraphics on input line 52.
Package epstopdf Info: Output file is already uptodate.

<./diagrams/continuousBeam-eps-converted-to.pdf, id=1220, 405.515pt x 85.31876p
t>
File: ./diagrams/continuousBeam-eps-converted-to.pdf Graphic file (type pdf)
 <use ./diagrams/continuousBeam-eps-converted-to.pdf>
Package pdftex.def Info: ./diagrams/continuousBeam-eps-converted-to.pdf used on
 input line 52.
(pdftex.def)             Requested size: 404.6194pt x 85.13235pt.
) [25 <./diagrams/continuousBeam-eps-converted-to.pdf>] [26pdfTeX warning (ext4
): destination with the same identifier (name{equation.4.2.4}) has been already
 used, duplicate ignored

\AtBegShi@Output ...ipout \box \AtBeginShipoutBox 
                                                  \fi \fi 
l.100 
      pdfTeX warning (ext4): destination with the same identifier (name{equatio
n.4.2.4}) has been already used, duplicate ignored

\AtBegShi@Output ...ipout \box \AtBeginShipoutBox 
                                                  \fi \fi 
l.100 
      ]pdfTeX warning (ext4): destination with the same identifier (name{equati
on.4.2.5}) has been already used, duplicate ignored
<to be read again> 
                   \relax 
l.106 \begin{equation}
                      pdfTeX warning (ext4): destination with the same identifi
er (name{equation.4.2.5}) has been already used, duplicate ignored
<to be read again> 
                   \relax 
l.106 \begin{equation}
                      pdfTeX warning (ext4): destination with the same identifi
er (name{equation.4.2.5}) has been already used, duplicate ignored
<to be read again> 
                   \relax 
l.106 \begin{equation}
                      pdfTeX warning (ext4): destination with the same identifi
er (name{equation.4.2.5}) has been already used, duplicate ignored
<to be read again> 
                   \relax 
l.106 \begin{equation}
                      pdfTeX warning (ext4): destination with the same identifi
er (name{equation.4.2.5}) has been already used, duplicate ignored
<to be read again> 
                   \relax 
l.119 \begin{equation}
                      pdfTeX warning (ext4): destination with the same identifi
er (name{equation.4.2.5}) has been already used, duplicate ignored
<to be read again> 
                   \relax 
l.119 \begin{equation}
                      pdfTeX warning (ext4): destination with the same identifi
er (name{equation.4.2.5}) has been already used, duplicate ignored
<to be read again> 
                   \relax 
l.119 \begin{equation}
                      pdfTeX warning (ext4): destination with the same identifi
er (name{equation.4.2.5}) has been already used, duplicate ignored
<to be read again> 
                   \relax 
l.119 \begin{equation}
                      pdfTeX warning (ext4): destination with the same identifi
er (name{equation.4.2.5}) has been already used, duplicate ignored
<to be read again> 
                   \relax 
l.136 \end{align}
                  [27] [28pdfTeX warning (ext4): destination with the same iden
tifier (name{equation.4.2.6}) has been already used, duplicate ignored

\AtBegShi@Output ...ipout \box \AtBeginShipoutBox 
                                                  \fi \fi 
l.169 \begin{equation}
                      pdfTeX warning (ext4): destination with the same identifi
er (name{equation.4.2.6}) has been already used, duplicate ignored

\AtBegShi@Output ...ipout \box \AtBeginShipoutBox 
                                                  \fi \fi 
l.169 \begin{equation}
                      ]pdfTeX warning (ext4): destination with the same identif
ier (name{equation.4.2.7}) has been already used, duplicate ignored
<to be read again> 
                   \relax 
l.169 \begin{equation}
                      pdfTeX warning (ext4): destination with the same identifi
er (name{equation.4.2.7}) has been already used, duplicate ignored
<to be read again> 
                   \relax 
l.169 \begin{equation}
                      pdfTeX warning (ext4): destination with the same identifi
er (name{equation.4.2.7}) has been already used, duplicate ignored
<to be read again> 
                   \relax 
l.169 \begin{equation}
                      pdfTeX warning (ext4): destination with the same identifi
er (name{equation.4.2.7}) has been already used, duplicate ignored
<to be read again> 
                   \relax 
l.169 \begin{equation}
                      pdfTeX warning (ext4): destination with the same identifi
er (name{equation.4.2.7}) has been already used, duplicate ignored
<to be read again> 
                   \relax 
l.173 \begin{equation}
                      pdfTeX warning (ext4): destination with the same identifi
er (name{equation.4.2.7}) has been already used, duplicate ignored
<to be read again> 
                   \relax 
l.173 \begin{equation}
                      pdfTeX warning (ext4): destination with the same identifi
er (name{equation.4.2.7}) has been already used, duplicate ignored
<to be read again> 
                   \relax 
l.173 \begin{equation}
                      pdfTeX warning (ext4): destination with the same identifi
er (name{equation.4.2.7}) has been already used, duplicate ignored
<to be read again> 
                   \relax 
l.173 \begin{equation}
                       (./diagrams/EulerBending.eps_tex
Package epstopdf Info: Source file: <./diagrams/EulerBending.eps>
(epstopdf)                    date: 2013-10-29 13:50:04
(epstopdf)                    size: 7968 bytes
(epstopdf)             Output file: <./diagrams/EulerBending-eps-converted-to.p
df>
(epstopdf)                    date: 2013-10-29 13:50:10
(epstopdf)                    size: 4953 bytes
(epstopdf)             Command: <epstopdf --outfile=./diagrams/EulerBending-eps
-converted-to.pdf ./diagrams/EulerBending.eps>
(epstopdf)             \includegraphics on input line 52.
Package epstopdf Info: Output file is already uptodate.

<./diagrams/EulerBending-eps-converted-to.pdf, id=1262, 251.94125pt x 90.3375pt
>
File: ./diagrams/EulerBending-eps-converted-to.pdf Graphic file (type pdf)
 <use ./diagrams/EulerBending-eps-converted-to.pdf>
Package pdftex.def Info: ./diagrams/EulerBending-eps-converted-to.pdf used on i
nput line 52.
(pdftex.def)             Requested size: 251.89105pt x 90.31934pt.
)
(./diagrams/BondPairBending_edit.eps_tex
Package epstopdf Info: Source file: <./diagrams/BondPairBending_edit.eps>
(epstopdf)                    date: 2014-02-17 13:50:31
(epstopdf)                    size: 35620 bytes
(epstopdf)             Output file: <./diagrams/BondPairBending_edit-eps-conver
ted-to.pdf>
(epstopdf)                    date: 2014-07-02 10:15:25
(epstopdf)                    size: 28650 bytes
(epstopdf)             Command: <epstopdf --outfile=./diagrams/BondPairBending_
edit-eps-converted-to.pdf ./diagrams/BondPairBending_edit.eps>
(epstopdf)             \includegraphics on input line 52.
Package epstopdf Info: Output file is already uptodate.

<./diagrams/BondPairBending_edit-eps-converted-to.pdf, id=1263, 158.5925pt x 92
.345pt>
File: ./diagrams/BondPairBending_edit-eps-converted-to.pdf Graphic file (type p
df)
 <use ./diagrams/BondPairBending_edit-eps-converted-to.pdf>
Package pdftex.def Info: ./diagrams/BondPairBending_edit-eps-converted-to.pdf u
sed on input line 52.
(pdftex.def)             Requested size: 158.16434pt x 92.10239pt.
)

LaTeX Warning: `h' float specifier changed to `ht'.


LaTeX Warning: `h' float specifier changed to `ht'.

[29]pdfTeX warning (ext4): destination with the same identifier (name{equation.
4.2.7}) has been already used, duplicate ignored
<to be read again> 
                   \relax 
l.216 \begin{equation}
                      pdfTeX warning (ext4): destination with the same identifi
er (name{equation.4.2.7}) has been already used, duplicate ignored
<to be read again> 
                   \relax 
l.216 \begin{equation}
                      pdfTeX warning (ext4): destination with the same identifi
er (name{equation.4.2.7}) has been already used, duplicate ignored
<to be read again> 
                   \relax 
l.216 \begin{equation}
                      pdfTeX warning (ext4): destination with the same identifi
er (name{equation.4.2.7}) has been already used, duplicate ignored
<to be read again> 
                   \relax 
l.216 \begin{equation}
                       (./diagrams/WeightProfile_Uniform.eps_tex
Package epstopdf Info: Source file: <./diagrams/WeightProfile_uniform.eps>
(epstopdf)                    date: 2014-02-05 16:41:21
(epstopdf)                    size: 4851 bytes
(epstopdf)             Output file: <./diagrams/WeightProfile_uniform-eps-conve
rted-to.pdf>
(epstopdf)                    date: 2014-02-05 16:51:35
(epstopdf)                    size: 2814 bytes
(epstopdf)             Command: <epstopdf --outfile=./diagrams/WeightProfile_un
iform-eps-converted-to.pdf ./diagrams/WeightProfile_uniform.eps>
(epstopdf)             \includegraphics on input line 52.
Package epstopdf Info: Output file is already uptodate.

<./diagrams/WeightProfile_uniform-eps-converted-to.pdf, id=1268, 104.39pt x 233
.87375pt>
File: ./diagrams/WeightProfile_uniform-eps-converted-to.pdf Graphic file (type 
pdf)
 <use ./diagrams/WeightProfile_uniform-eps-converted-to.pdf>
Package pdftex.def Info: ./diagrams/WeightProfile_uniform-eps-converted-to.pdf 
used on input line 52.
(pdftex.def)             Requested size: 108.23718pt x 242.50565pt.
)

LaTeX Warning: `h' float specifier changed to `ht'.

(./diagrams/WeightProfile_Ibeam.eps_tex
Package epstopdf Info: Source file: <./diagrams/WeightProfile_Ibeam.eps>
(epstopdf)                    date: 2014-02-05 16:53:55
(epstopdf)                    size: 4918 bytes
(epstopdf)             Output file: <./diagrams/WeightProfile_Ibeam-eps-convert
ed-to.pdf>
(epstopdf)                    date: 2014-02-05 16:54:13
(epstopdf)                    size: 2827 bytes
(epstopdf)             Command: <epstopdf --outfile=./diagrams/WeightProfile_Ib
eam-eps-converted-to.pdf ./diagrams/WeightProfile_Ibeam.eps>
(epstopdf)             \includegraphics on input line 52.
Package epstopdf Info: Output file is already uptodate.

<./diagrams/WeightProfile_Ibeam-eps-converted-to.pdf, id=1269, 108.405pt x 233.
87375pt>
File: ./diagrams/WeightProfile_Ibeam-eps-converted-to.pdf Graphic file (type pd
f)
 <use ./diagrams/WeightProfile_Ibeam-eps-converted-to.pdf>
Package pdftex.def Info: ./diagrams/WeightProfile_Ibeam-eps-converted-to.pdf us
ed on input line 52.
(pdftex.def)             Requested size: 112.25218pt x 242.18446pt.
) [30 <./diagrams/EulerBending-eps-converted-to.pdf> <./diagrams/BondPairBendin
g_edit-eps-converted-to.pdf>] [31pdfTeX warning (ext4): destination with the sa
me identifier (name{equation.4.2.8}) has been already used, duplicate ignored

\AtBegShi@Output ...ipout \box \AtBeginShipoutBox 
                                                  \fi \fi 
l.262 \begin{equation}
                       <./diagrams/WeightProfile_uniform-eps-converted-to.pdf>]
pdfTeX warning (ext4): destination with the same identifier (name{equation.4.2.
8}) has been already used, duplicate ignored
<to be read again> 
                   \relax 
l.262 \begin{equation}
                      pdfTeX warning (ext4): destination with the same identifi
er (name{equation.4.2.8}) has been already used, duplicate ignored
<to be read again> 
                   \relax 
l.262 \begin{equation}
                      pdfTeX warning (ext4): destination with the same identifi
er (name{equation.4.2.8}) has been already used, duplicate ignored
<to be read again> 
                   \relax 
l.262 \begin{equation}
                      pdfTeX warning (ext4): destination with the same identifi
er (name{equation.4.2.8}) has been already used, duplicate ignored
<to be read again> 
                   \relax 
l.262 \begin{equation}
                       [32 <./diagrams/WeightProfile_Ibeam-eps-converted-to.pdf
>] (./diagrams//continuousPlate.eps_tex
Package epstopdf Info: Source file: <./diagrams//continuousPlate.eps>
(epstopdf)                    date: 2013-10-21 09:40:11
(epstopdf)                    size: 18606 bytes
(epstopdf)             Output file: <./diagrams//continuousPlate-eps-converted-
to.pdf>
(epstopdf)                    date: 2013-10-21 09:40:13
(epstopdf)                    size: 20609 bytes
(epstopdf)             Command: <epstopdf --outfile=./diagrams//continuousPlate
-eps-converted-to.pdf ./diagrams//continuousPlate.eps>
(epstopdf)             \includegraphics on input line 52.
Package epstopdf Info: Output file is already uptodate.

<./diagrams//continuousPlate-eps-converted-to.pdf, id=1306, 314.17375pt x 167.6
2625pt>
File: ./diagrams//continuousPlate-eps-converted-to.pdf Graphic file (type pdf)
 <use ./diagrams//continuousPlate-eps-converted-to.pdf>
Package pdftex.def Info: ./diagrams//continuousPlate-eps-converted-to.pdf used 
on input line 52.
(pdftex.def)             Requested size: 313.62482pt x 167.3419pt.
) [33] [34 <./diagrams//continuousPlate-eps-converted-to.pdf>]pdfTeX warning (e
xt4): destination with the same identifier (name{equation.4.3.12}) has been alr
eady used, duplicate ignored
<to be read again> 
                   \relax 
l.357 \end{align}
                  [35] [36] (./diagrams//bondPairCombinedV.tex) [37] [38]
[39pdfTeX warning (ext4): destination with the same identifier (name{equation.4
.4.14}) has been already used, duplicate ignored

\AtBegShi@Output ...ipout \box \AtBeginShipoutBox 
                                                  \fi \fi 
l.460 \chapter
              {Numerical Simulation}pdfTeX warning (ext4): destination with the
 same identifier (name{equation.4.4.14}) has been already used, duplicate ignor
ed

\AtBegShi@Output ...ipout \box \AtBeginShipoutBox 
                                                  \fi \fi 
l.460 \chapter
              {Numerical Simulation}] [40]
Chapter 5.
[41

] (./diagrams/discretePlate.eps_tex
Package epstopdf Info: Source file: <./diagrams/discretePlate.eps>
(epstopdf)                    date: 2013-10-21 09:43:53
(epstopdf)                    size: 100391 bytes
(epstopdf)             Output file: <./diagrams/discretePlate-eps-converted-to.
pdf>
(epstopdf)                    date: 2013-10-21 09:43:56
(epstopdf)                    size: 64150 bytes
(epstopdf)             Command: <epstopdf --outfile=./diagrams/discretePlate-ep
s-converted-to.pdf ./diagrams/discretePlate.eps>
(epstopdf)             \includegraphics on input line 52.
Package epstopdf Info: Output file is already uptodate.

<./diagrams/discretePlate-eps-converted-to.pdf, id=1366, 314.17375pt x 167.6262
5pt>
File: ./diagrams/discretePlate-eps-converted-to.pdf Graphic file (type pdf)
 <use ./diagrams/discretePlate-eps-converted-to.pdf>
Package pdftex.def Info: ./diagrams/discretePlate-eps-converted-to.pdf used on 
input line 52.
(pdftex.def)             Requested size: 313.62482pt x 167.3419pt.
) [42 <./diagrams/discretePlate-eps-converted-to.pdf>] (./diagrams//VirtualPair
_T.tex)
(./diagrams//VirtualPairDeformed_T.tex) [43] (./diagrams//VirtualPoint_T.tex)
[44] (./diagrams//BaryCentric.tex) [45] [46]) [47]
\openout2 = `Results.aux'.

 (./Results.tex
(./plots/elastic_h20_g2000.pgf) (./plots/eppu_h10_g2000.pgf)

LaTeX Warning: `h' float specifier changed to `ht'.

[48


] (./plots/unloaded2_h10_g2000_n.pgf)

LaTeX Warning: `h' float specifier changed to `ht'.

(./plots/unloaded2_n1000_g2000_h.pgf)

LaTeX Warning: `h' float specifier changed to `ht'.

(./plots/brittle_h10_n200.pgf)

LaTeX Warning: `h' float specifier changed to `ht'.

[49] [50] [51] (./plots/elasticPlate_convergence_h.pgf)
(./plots/elasticPlate_convergence_dx.pgf)
(./plots/elasticPlate_convergence_n.pgf)

LaTeX Warning: `h' float specifier changed to `ht'.

[52

] (./plots/plateStiffening.pgf) (./plots/elasticPlatePoissonEffect.pgf)
[53] [54] (./plots/DoubleTorsionDD.pgf)) [55] [56]
\openout2 = `Conclusion.aux'.

 (./Conclusion.tex
Chapter 6.
[57



] [58]
Appendix A.
[59

]pdfTeX warning (ext4): destination with the same identifier (name{equation.A.2
.2}) has been already used, duplicate ignored
<to be read again> 
                   \relax 
l.85 \begin{equation}
                     pdfTeX warning (ext4): destination with the same identifie
r (name{equation.A.2.2}) has been already used, duplicate ignored
<to be read again> 
                   \relax 
l.85 \begin{equation}
                     pdfTeX warning (ext4): destination with the same identifie
r (name{equation.A.2.2}) has been already used, duplicate ignored
<to be read again> 
                   \relax 
l.85 \begin{equation}
                     pdfTeX warning (ext4): destination with the same identifie
r (name{equation.A.2.2}) has been already used, duplicate ignored
<to be read again> 
                   \relax 
l.85 \begin{equation}
                      [60] [61]
Appendix B.
) [62

] (./Dissertation_Main.bbl [63


] [64] [65] [66] [67] [68] [69] [70])
[71]

Package hyperref Warning: bookmark level for unknown vita defaults to 0.

[72]
Package atveryend Info: Empty hook `BeforeClearDocument' on input line 194.
Package atveryend Info: Empty hook `AfterLastShipout' on input line 194.
 (./Dissertation_Main.aux
Package cleveref Info: loaded `english' language definitions on input line 19.
 (./Introduction.aux) (./LitReview.aux)
(./PDBackground.aux) (./ModelDev.aux) (./Results.aux) (./Conclusion.aux))
Package atveryend Info: Executing hook `AtVeryEndDocument' on input line 194.
Package atveryend Info: Executing hook `AtEndAfterFileList' on input line 194.
Package rerunfilecheck Info: File `Dissertation_Main.out' has not changed.
(rerunfilecheck)             Checksum: 8C02EF8DBAE447D9724B41887ACACC13;8293.


LaTeX Font Warning: Size substitutions with differences
(Font)              up to 2.90001pt have occurred.

Package atveryend Info: Empty hook `AtVeryVeryEnd' on input line 194.
 ) 
Here is how much of TeX's memory you used:
 32244 strings out of 493117
 599810 string characters out of 6135433
 1972254 words of memory out of 5000000
 34835 multiletter control sequences out of 15000+600000
 59127 words of font info for 124 fonts, out of 8000000 for 9000
 1141 hyphenation exceptions out of 8191
 55i,22n,55p,10447b,784s stack positions out of 5000i,500n,10000p,200000b,80000s
{/usr/local/texlive/2014/texmf-dist/fonts/enc/dvips/base/8r.enc}</usr/local/t
exlive/2014/texmf-dist/fonts/type1/public/amsfonts/cm/cmbsy10.pfb></usr/local/t
exlive/2014/texmf-dist/fonts/type1/public/amsfonts/cm/cmbx12.pfb></usr/local/te
xlive/2014/texmf-dist/fonts/type1/public/amsfonts/cm/cmbx8.pfb></usr/local/texl
ive/2014/texmf-dist/fonts/type1/public/amsfonts/cm/cmex10.pfb></usr/local/texli
ve/2014/texmf-dist/fonts/type1/public/amsfonts/cm/cmmi10.pfb></usr/local/texliv
e/2014/texmf-dist/fonts/type1/public/amsfonts/cm/cmmi12.pfb></usr/local/texlive
/2014/texmf-dist/fonts/type1/public/amsfonts/cm/cmmi6.pfb></usr/local/texlive/2
014/texmf-dist/fonts/type1/public/amsfonts/cm/cmmi7.pfb></usr/local/texlive/201
4/texmf-dist/fonts/type1/public/amsfonts/cm/cmmi8.pfb></usr/local/texlive/2014/
texmf-dist/fonts/type1/public/amsfonts/cm/cmmib10.pfb></usr/local/texlive/2014/
texmf-dist/fonts/type1/public/amsfonts/cmextra/cmmib8.pfb></usr/local/texlive/2
014/texmf-dist/fonts/type1/public/amsfonts/cm/cmr10.pfb></usr/local/texlive/201
4/texmf-dist/fonts/type1/public/amsfonts/cm/cmr12.pfb></usr/local/texlive/2014/
texmf-dist/fonts/type1/public/amsfonts/cm/cmr6.pfb></usr/local/texlive/2014/tex
mf-dist/fonts/type1/public/amsfonts/cm/cmr7.pfb></usr/local/texlive/2014/texmf-
dist/fonts/type1/public/amsfonts/cm/cmr8.pfb></usr/local/texlive/2014/texmf-dis
t/fonts/type1/public/amsfonts/cm/cmsy10.pfb></usr/local/texlive/2014/texmf-dist
/fonts/type1/public/amsfonts/cm/cmsy6.pfb></usr/local/texlive/2014/texmf-dist/f
onts/type1/public/amsfonts/cm/cmsy8.pfb></usr/local/texlive/2014/texmf-dist/fon
ts/type1/public/amsfonts/symbols/msam10.pfb></usr/local/texlive/2014/texmf-dist
/fonts/type1/urw/times/utmb8a.pfb></usr/local/texlive/2014/texmf-dist/fonts/typ
e1/urw/times/utmr8a.pfb></usr/local/texlive/2014/texmf-dist/fonts/type1/urw/tim
es/utmri8a.pfb>
Output written on Dissertation_Main.pdf (84 pages, 2939572 bytes).
PDF statistics:
 1666 PDF objects out of 1728 (max. 8388607)
 1353 compressed objects within 14 object streams
 251 named destinations out of 1000 (max. 500000)
 513 words of extra memory for PDF output out of 10000 (max. 10000000)

