
                  X            EPPUniform2000 

                0.                 0.         
                1.E-03          -181.586E-09  
                2.E-03          -363.172E-09  
                3.E-03          -544.757E-09  
                4.E-03          -726.34E-09   
                5.E-03          -907.921E-09  
                6.E-03            -1.0895E-06 
                7.E-03            -1.27108E-06
                8.E-03            -1.45265E-06
                9.E-03            -1.63422E-06
               10.E-03            -1.81578E-06
               11.E-03            -1.99734E-06
               12.E-03            -2.17889E-06
               13.E-03            -2.36044E-06
               14.E-03            -2.54198E-06
               15.E-03            -2.72351E-06
               16.E-03            -2.90504E-06
               17.E-03            -3.08656E-06
               18.E-03            -3.26807E-06
               19.E-03            -3.44957E-06
               20.E-03            -3.63106E-06
               21.E-03            -3.81254E-06
               22.E-03            -3.99401E-06
               23.E-03            -4.17547E-06
               24.E-03            -4.35692E-06
               25.E-03            -4.53836E-06
               26.E-03            -4.71979E-06
               27.E-03            -4.9012E-06 
               28.E-03            -5.0826E-06 
               29.E-03            -5.26398E-06
               30.E-03            -5.44535E-06
               31.E-03            -5.62671E-06
               32.E-03            -5.80805E-06
               33.E-03            -5.98937E-06
               34.E-03            -6.17068E-06
               35.E-03            -6.35197E-06
               36.E-03            -6.53325E-06
               37.E-03            -6.7145E-06 
               38.E-03            -6.89574E-06
               39.E-03            -7.07696E-06
               40.E-03            -7.25816E-06
               41.E-03            -7.43935E-06
               42.E-03            -7.62051E-06
               43.E-03            -7.80165E-06
               44.E-03            -7.98277E-06
               45.E-03            -8.16387E-06
               46.E-03            -8.34494E-06
               47.E-03            -8.52599E-06
               48.E-03            -8.70703E-06
               49.E-03            -8.88803E-06
               50.E-03            -9.06902E-06
               51.E-03            -9.24997E-06
               52.E-03            -9.43091E-06
               53.E-03            -9.61182E-06
               54.E-03            -9.7927E-06 
               55.E-03            -9.97356E-06
               56.E-03           -10.1544E-06 
               57.E-03           -10.3352E-06 
               58.E-03           -10.516E-06  
               59.E-03           -10.6967E-06 
               60.E-03           -10.8774E-06 
               61.E-03           -11.0581E-06 
               62.E-03           -11.2388E-06 
               63.E-03           -11.4194E-06 
               64.E-03           -11.6E-06    
               65.E-03           -11.7806E-06 
               66.E-03           -11.9611E-06 
               67.E-03           -12.1416E-06 
               68.E-03           -12.3221E-06 
               69.E-03           -12.5025E-06 
               70.E-03           -12.6829E-06 
               71.E-03           -12.8633E-06 
               72.E-03           -13.0436E-06 
               73.E-03           -13.2239E-06 
               74.E-03           -13.4042E-06 
               75.E-03           -13.5844E-06 
               76.E-03           -13.7646E-06 
               77.E-03           -13.9448E-06 
               78.E-03           -14.1249E-06 
               79.E-03           -14.305E-06  
               80.E-03           -14.4851E-06 
               81.E-03           -14.6651E-06 
               82.E-03           -14.845E-06  
               83.E-03           -15.025E-06  
               84.E-03           -15.2049E-06 
               85.E-03           -15.3847E-06 
               86.E-03           -15.5645E-06 
               87.E-03           -15.7443E-06 
               88.E-03           -15.924E-06  
               89.E-03           -16.1037E-06 
               90.E-03           -16.2833E-06 
               91.E-03           -16.4629E-06 
               92.E-03           -16.6425E-06 
               93.E-03           -16.822E-06  
               94.E-03           -17.0015E-06 
               95.E-03           -17.1809E-06 
               96.E-03           -17.3603E-06 
               97.E-03           -17.5396E-06 
               98.E-03           -17.7189E-06 
               99.E-03           -17.8981E-06 
              100.E-03           -18.0773E-06 
              101.E-03           -18.2565E-06 
              102.E-03           -18.4356E-06 
              103.E-03           -18.6146E-06 
              104.E-03           -18.7936E-06 
              105.E-03           -18.9726E-06 
              106.E-03           -19.1515E-06 
              107.E-03           -19.3303E-06 
              108.E-03           -19.5091E-06 
              109.E-03           -19.6879E-06 
              110.E-03           -19.8666E-06 
              111.E-03           -20.0452E-06 
              112.E-03           -20.2238E-06 
              113.E-03           -20.4023E-06 
              114.E-03           -20.5808E-06 
              115.E-03           -20.7592E-06 
              116.E-03           -20.9376E-06 
              117.E-03           -21.116E-06  
              118.E-03           -21.2942E-06 
              119.E-03           -21.4724E-06 
              120.E-03           -21.6506E-06 
              121.E-03           -21.8287E-06 
              122.E-03           -22.0067E-06 
              123.E-03           -22.1847E-06 
              124.E-03           -22.3626E-06 
              125.E-03           -22.5405E-06 
              126.E-03           -22.7183E-06 
              127.E-03           -22.8961E-06 
              128.E-03           -23.0738E-06 
              129.E-03           -23.2514E-06 
              130.E-03           -23.429E-06  
              131.E-03           -23.6065E-06 
              132.E-03           -23.7839E-06 
              133.E-03           -23.9613E-06 
              134.E-03           -24.1387E-06 
              135.E-03           -24.3159E-06 
              136.E-03           -24.4931E-06 
              137.E-03           -24.6703E-06 
              138.E-03           -24.8473E-06 
              139.E-03           -25.0244E-06 
              140.E-03           -25.2013E-06 
              141.E-03           -25.3782E-06 
              142.E-03           -25.555E-06  
              143.E-03           -25.7317E-06 
              144.E-03           -25.9084E-06 
              145.E-03           -26.085E-06  
              146.E-03           -26.2616E-06 
              147.E-03           -26.4381E-06 
              148.E-03           -26.6145E-06 
              149.E-03           -26.7908E-06 
              150.E-03           -26.9671E-06 
              151.E-03           -27.1433E-06 
              152.E-03           -27.3194E-06 
              153.E-03           -27.4955E-06 
              154.E-03           -27.6715E-06 
              155.E-03           -27.8474E-06 
              156.E-03           -28.0233E-06 
              157.E-03           -28.1991E-06 
              158.E-03           -28.3748E-06 
              159.E-03           -28.5504E-06 
              160.E-03           -28.726E-06  
              161.E-03           -28.9015E-06 
              162.E-03           -29.0769E-06 
              163.E-03           -29.2522E-06 
              164.E-03           -29.4275E-06 
              165.E-03           -29.6027E-06 
              166.E-03           -29.7778E-06 
              167.E-03           -29.9528E-06 
              168.E-03           -30.1278E-06 
              169.E-03           -30.3027E-06 
              170.E-03           -30.4775E-06 
              171.E-03           -30.6522E-06 
              172.E-03           -30.8269E-06 
              173.E-03           -31.0014E-06 
              174.E-03           -31.1759E-06 
              175.E-03           -31.3503E-06 
              176.E-03           -31.5247E-06 
              177.E-03           -31.6989E-06 
              178.E-03           -31.8731E-06 
              179.E-03           -32.0472E-06 
              180.E-03           -32.2212E-06 
              181.E-03           -32.3951E-06 
              182.E-03           -32.569E-06  
              183.E-03           -32.7427E-06 
              184.E-03           -32.9164E-06 
              185.E-03           -33.09E-06   
              186.E-03           -33.2635E-06 
              187.E-03           -33.437E-06  
              188.E-03           -33.6103E-06 
              189.E-03           -33.7836E-06 
              190.E-03           -33.9567E-06 
              191.E-03           -34.1298E-06 
              192.E-03           -34.3028E-06 
              193.E-03           -34.4757E-06 
              194.E-03           -34.6486E-06 
              195.E-03           -34.8213E-06 
              196.E-03           -34.994E-06  
              197.E-03           -35.1665E-06 
              198.E-03           -35.339E-06  
              199.E-03           -35.5114E-06 
              200.E-03           -35.6837E-06 
              201.E-03           -35.8559E-06 
              202.E-03           -36.028E-06  
              203.E-03           -36.2E-06    
              204.E-03           -36.372E-06  
              205.E-03           -36.5438E-06 
              206.E-03           -36.7155E-06 
              207.E-03           -36.8872E-06 
              208.E-03           -37.0588E-06 
              209.E-03           -37.2302E-06 
              210.E-03           -37.4016E-06 
              211.E-03           -37.5729E-06 
              212.E-03           -37.7441E-06 
              213.E-03           -37.9152E-06 
              214.E-03           -38.0862E-06 
              215.E-03           -38.2571E-06 
              216.E-03           -38.4279E-06 
              217.E-03           -38.5986E-06 
              218.E-03           -38.7692E-06 
              219.E-03           -38.9397E-06 
              220.E-03           -39.1102E-06 
              221.E-03           -39.2805E-06 
              222.E-03           -39.4507E-06 
              223.E-03           -39.6208E-06 
              224.E-03           -39.7909E-06 
              225.E-03           -39.9608E-06 
              226.E-03           -40.1306E-06 
              227.E-03           -40.3003E-06 
              228.E-03           -40.47E-06   
              229.E-03           -40.6395E-06 
              230.E-03           -40.8089E-06 
              231.E-03           -40.9782E-06 
              232.E-03           -41.1474E-06 
              233.E-03           -41.3166E-06 
              234.E-03           -41.4856E-06 
              235.E-03           -41.6545E-06 
              236.E-03           -41.8233E-06 
              237.E-03           -41.992E-06  
              238.E-03           -42.1606E-06 
              239.E-03           -42.3291E-06 
              240.E-03           -42.4975E-06 
              241.E-03           -42.6658E-06 
              242.E-03           -42.8339E-06 
              243.E-03           -43.002E-06  
              244.E-03           -43.17E-06   
              245.E-03           -43.3378E-06 
              246.E-03           -43.5056E-06 
              247.E-03           -43.6732E-06 
              248.E-03           -43.8407E-06 
              249.E-03           -44.0082E-06 
              250.E-03           -44.1755E-06 
              251.E-03           -44.3427E-06 
              252.E-03           -44.5098E-06 
              253.E-03           -44.6768E-06 
              254.E-03           -44.8436E-06 
              255.E-03           -45.0104E-06 
              256.E-03           -45.1771E-06 
              257.E-03           -45.3436E-06 
              258.E-03           -45.51E-06   
              259.E-03           -45.6763E-06 
              260.E-03           -45.8426E-06 
              261.E-03           -46.0086E-06 
              262.E-03           -46.1746E-06 
              263.E-03           -46.3405E-06 
              264.E-03           -46.5062E-06 
              265.E-03           -46.6719E-06 
              266.E-03           -46.8374E-06 
              267.E-03           -47.0028E-06 
              268.E-03           -47.1681E-06 
              269.E-03           -47.3333E-06 
              270.E-03           -47.4983E-06 
              271.E-03           -47.6632E-06 
              272.E-03           -47.8281E-06 
              273.E-03           -47.9928E-06 
              274.E-03           -48.1574E-06 
              275.E-03           -48.3218E-06 
              276.E-03           -48.4862E-06 
              277.E-03           -48.6504E-06 
              278.E-03           -48.8145E-06 
              279.E-03           -48.9785E-06 
              280.E-03           -49.1424E-06 
              281.E-03           -49.3061E-06 
              282.E-03           -49.4698E-06 
              283.E-03           -49.6333E-06 
              284.E-03           -49.7967E-06 
              285.E-03           -49.9599E-06 
              286.E-03           -50.1231E-06 
              287.E-03           -50.2861E-06 
              288.E-03           -50.449E-06  
              289.E-03           -50.6118E-06 
              290.E-03           -50.7744E-06 
              291.E-03           -50.937E-06  
              292.E-03           -51.0994E-06 
              293.E-03           -51.2616E-06 
              294.E-03           -51.4238E-06 
              295.E-03           -51.5858E-06 
              296.E-03           -51.7477E-06 
              297.E-03           -51.9095E-06 
              298.E-03           -52.0712E-06 
              299.E-03           -52.2327E-06 
              300.E-03           -52.3941E-06 
              301.E-03           -52.5553E-06 
              302.E-03           -52.7165E-06 
              303.E-03           -52.8775E-06 
              304.E-03           -53.0384E-06 
              305.E-03           -53.1991E-06 
              306.E-03           -53.3598E-06 
              307.E-03           -53.5203E-06 
              308.E-03           -53.6806E-06 
              309.E-03           -53.8409E-06 
              310.E-03           -54.001E-06  
              311.E-03           -54.1609E-06 
              312.E-03           -54.3208E-06 
              313.E-03           -54.4805E-06 
              314.E-03           -54.6401E-06 
              315.E-03           -54.7995E-06 
              316.E-03           -54.9588E-06 
              317.E-03           -55.118E-06  
              318.E-03           -55.2771E-06 
              319.E-03           -55.436E-06  
              320.E-03           -55.5948E-06 
              321.E-03           -55.7534E-06 
              322.E-03           -55.9119E-06 
              323.E-03           -56.0703E-06 
              324.E-03           -56.2285E-06 
              325.E-03           -56.3866E-06 
              326.E-03           -56.5446E-06 
              327.E-03           -56.7024E-06 
              328.E-03           -56.8601E-06 
              329.E-03           -57.0177E-06 
              330.E-03           -57.1751E-06 
              331.E-03           -57.3324E-06 
              332.E-03           -57.4895E-06 
              333.E-03           -57.6465E-06 
              334.E-03           -57.8034E-06 
              335.E-03           -57.9601E-06 
              336.E-03           -58.1167E-06 
              337.E-03           -58.2732E-06 
              338.E-03           -58.4295E-06 
              339.E-03           -58.5857E-06 
              340.E-03           -58.7417E-06 
              341.E-03           -58.8976E-06 
              342.E-03           -59.0533E-06 
              343.E-03           -59.2089E-06 
              344.E-03           -59.3644E-06 
              345.E-03           -59.5197E-06 
              346.E-03           -59.6749E-06 
              347.E-03           -59.8299E-06 
              348.E-03           -59.9848E-06 
              349.E-03           -60.1395E-06 
              350.E-03           -60.2941E-06 
              351.E-03           -60.4486E-06 
              352.E-03           -60.6029E-06 
              353.E-03           -60.7571E-06 
              354.E-03           -60.9111E-06 
              355.E-03           -61.065E-06  
              356.E-03           -61.2187E-06 
              357.E-03           -61.3723E-06 
              358.E-03           -61.5257E-06 
              359.E-03           -61.679E-06  
              360.E-03           -61.8322E-06 
              361.E-03           -61.9852E-06 
              362.E-03           -62.138E-06  
              363.E-03           -62.2907E-06 
              364.E-03           -62.4433E-06 
              365.E-03           -62.5957E-06 
              366.E-03           -62.7479E-06 
              367.E-03           -62.9E-06    
              368.E-03           -63.052E-06  
              369.E-03           -63.2038E-06 
              370.E-03           -63.3554E-06 
              371.E-03           -63.5069E-06 
              372.E-03           -63.6583E-06 
              373.E-03           -63.8095E-06 
              374.E-03           -63.9605E-06 
              375.E-03           -64.1114E-06 
              376.E-03           -64.2622E-06 
              377.E-03           -64.4128E-06 
              378.E-03           -64.5632E-06 
              379.E-03           -64.7135E-06 
              380.E-03           -64.8636E-06 
              381.E-03           -65.0136E-06 
              382.E-03           -65.1634E-06 
              383.E-03           -65.3131E-06 
              384.E-03           -65.4626E-06 
              385.E-03           -65.612E-06  
              386.E-03           -65.7612E-06 
              387.E-03           -65.9102E-06 
              388.E-03           -66.0591E-06 
              389.E-03           -66.2078E-06 
              390.E-03           -66.3564E-06 
              391.E-03           -66.5048E-06 
              392.E-03           -66.6531E-06 
              393.E-03           -66.8012E-06 
              394.E-03           -66.9492E-06 
              395.E-03           -67.0969E-06 
              396.E-03           -67.2446E-06 
              397.E-03           -67.392E-06  
              398.E-03           -67.5394E-06 
              399.E-03           -67.6865E-06 
              400.E-03           -67.8335E-06 
              401.E-03           -67.9803E-06 
              402.E-03           -68.127E-06  
              403.E-03           -68.2735E-06 
              404.E-03           -68.4199E-06 
              405.E-03           -68.5661E-06 
              406.E-03           -68.7121E-06 
              407.E-03           -68.858E-06  
              408.E-03           -69.0037E-06 
              409.E-03           -69.1492E-06 
              410.E-03           -69.2946E-06 
              411.E-03           -69.4398E-06 
              412.E-03           -69.5849E-06 
              413.E-03           -69.7298E-06 
              414.E-03           -69.8745E-06 
              415.E-03           -70.0191E-06 
              416.E-03           -70.1635E-06 
              417.E-03           -70.3077E-06 
              418.E-03           -70.4518E-06 
              419.E-03           -70.5957E-06 
              420.E-03           -70.7394E-06 
              421.E-03           -70.883E-06  
              422.E-03           -71.0264E-06 
              423.E-03           -71.1696E-06 
              424.E-03           -71.3127E-06 
              425.E-03           -71.4556E-06 
              426.E-03           -71.5983E-06 
              427.E-03           -71.7409E-06 
              428.E-03           -71.8833E-06 
              429.E-03           -72.0255E-06 
              430.E-03           -72.1676E-06 
              431.E-03           -72.3095E-06 
              432.E-03           -72.4512E-06 
              433.E-03           -72.5928E-06 
              434.E-03           -72.7342E-06 
              435.E-03           -72.8754E-06 
              436.E-03           -73.0164E-06 
              437.E-03           -73.1573E-06 
              438.E-03           -73.298E-06  
              439.E-03           -73.4386E-06 
              440.E-03           -73.5789E-06 
              441.E-03           -73.7191E-06 
              442.E-03           -73.8591E-06 
              443.E-03           -73.999E-06  
              444.E-03           -74.1387E-06 
              445.E-03           -74.2782E-06 
              446.E-03           -74.4175E-06 
              447.E-03           -74.5567E-06 
              448.E-03           -74.6956E-06 
              449.E-03           -74.8345E-06 
              450.E-03           -74.9731E-06 
              451.E-03           -75.1116E-06 
              452.E-03           -75.2498E-06 
              453.E-03           -75.388E-06  
              454.E-03           -75.5259E-06 
              455.E-03           -75.6637E-06 
              456.E-03           -75.8012E-06 
              457.E-03           -75.9387E-06 
              458.E-03           -76.0759E-06 
              459.E-03           -76.2129E-06 
              460.E-03           -76.3498E-06 
              461.E-03           -76.4865E-06 
              462.E-03           -76.6231E-06 
              463.E-03           -76.7594E-06 
              464.E-03           -76.8956E-06 
              465.E-03           -77.0316E-06 
              466.E-03           -77.1674E-06 
              467.E-03           -77.303E-06  
              468.E-03           -77.4385E-06 
              469.E-03           -77.5737E-06 
              470.E-03           -77.7088E-06 
              471.E-03           -77.8438E-06 
              472.E-03           -77.9785E-06 
              473.E-03           -78.1131E-06 
              474.E-03           -78.2474E-06 
              475.E-03           -78.3816E-06 
              476.E-03           -78.5156E-06 
              477.E-03           -78.6495E-06 
              478.E-03           -78.7831E-06 
              479.E-03           -78.9166E-06 
              480.E-03           -79.0499E-06 
              481.E-03           -79.183E-06  
              482.E-03           -79.3159E-06 
              483.E-03           -79.4486E-06 
              484.E-03           -79.5812E-06 
              485.E-03           -79.7136E-06 
              486.E-03           -79.8458E-06 
              487.E-03           -79.9778E-06 
              488.E-03           -80.1096E-06 
              489.E-03           -80.2412E-06 
              490.E-03           -80.3727E-06 
              491.E-03           -80.5039E-06 
              492.E-03           -80.635E-06  
              493.E-03           -80.7659E-06 
              494.E-03           -80.8966E-06 
              495.E-03           -81.0272E-06 
              496.E-03           -81.1575E-06 
              497.E-03           -81.2876E-06 
              498.E-03           -81.4176E-06 
              499.E-03           -81.5474E-06 
              500.E-03           -81.677E-06  
              501.E-03           -81.8064E-06 
              502.E-03           -81.9356E-06 
              503.E-03           -82.0646E-06 
              504.E-03           -82.1935E-06 
              505.E-03           -82.3221E-06 
              506.E-03           -82.4506E-06 
              507.E-03           -82.5788E-06 
              508.E-03           -82.7069E-06 
              509.E-03           -82.8348E-06 
              510.E-03           -82.9625E-06 
              511.E-03           -83.09E-06   
              512.E-03           -83.2174E-06 
              513.E-03           -83.3445E-06 
              514.E-03           -83.4715E-06 
              515.E-03           -83.5982E-06 
              516.E-03           -83.7248E-06 
              517.E-03           -83.8511E-06 
              518.E-03           -83.9773E-06 
              519.E-03           -84.1033E-06 
              520.E-03           -84.2291E-06 
              521.E-03           -84.3547E-06 
              522.E-03           -84.4801E-06 
              523.E-03           -84.6053E-06 
              524.E-03           -84.7303E-06 
              525.E-03           -84.8551E-06 
              526.E-03           -84.9798E-06 
              527.E-03           -85.1042E-06 
              528.E-03           -85.2285E-06 
              529.E-03           -85.3525E-06 
              530.E-03           -85.4764E-06 
              531.E-03           -85.6001E-06 
              532.E-03           -85.7235E-06 
              533.E-03           -85.8468E-06 
              534.E-03           -85.9699E-06 
              535.E-03           -86.0928E-06 
              536.E-03           -86.2154E-06 
              537.E-03           -86.3379E-06 
              538.E-03           -86.4602E-06 
              539.E-03           -86.5823E-06 
              540.E-03           -86.7042E-06 
              541.E-03           -86.8259E-06 
              542.E-03           -86.9474E-06 
              543.E-03           -87.0687E-06 
              544.E-03           -87.1898E-06 
              545.E-03           -87.3108E-06 
              546.E-03           -87.4315E-06 
              547.E-03           -87.552E-06  
              548.E-03           -87.6723E-06 
              549.E-03           -87.7924E-06 
              550.E-03           -87.9123E-06 
              551.E-03           -88.0321E-06 
              552.E-03           -88.1516E-06 
              553.E-03           -88.2709E-06 
              554.E-03           -88.39E-06   
              555.E-03           -88.5089E-06 
              556.E-03           -88.6277E-06 
              557.E-03           -88.7462E-06 
              558.E-03           -88.8645E-06 
              559.E-03           -88.9826E-06 
              560.E-03           -89.1005E-06 
              561.E-03           -89.2182E-06 
              562.E-03           -89.3357E-06 
              563.E-03           -89.453E-06  
              564.E-03           -89.5701E-06 
              565.E-03           -89.687E-06  
              566.E-03           -89.8037E-06 
              567.E-03           -89.9202E-06 
              568.E-03           -90.0364E-06 
              569.E-03           -90.1525E-06 
              570.E-03           -90.2683E-06 
              571.E-03           -90.384E-06  
              572.E-03           -90.4995E-06 
              573.E-03           -90.6147E-06 
              574.E-03           -90.7297E-06 
              575.E-03           -90.8445E-06 
              576.E-03           -90.9591E-06 
              577.E-03           -91.0735E-06 
              578.E-03           -91.1877E-06 
              579.E-03           -91.3017E-06 
              580.E-03           -91.4154E-06 
              581.E-03           -91.529E-06  
              582.E-03           -91.6423E-06 
              583.E-03           -91.7555E-06 
              584.E-03           -91.8684E-06 
              585.E-03           -91.9811E-06 
              586.E-03           -92.0936E-06 
              587.E-03           -92.2058E-06 
              588.E-03           -92.3179E-06 
              589.E-03           -92.4297E-06 
              590.E-03           -92.5414E-06 
              591.E-03           -92.6528E-06 
              592.E-03           -92.764E-06  
              593.E-03           -92.8749E-06 
              594.E-03           -92.9857E-06 
              595.E-03           -93.0962E-06 
              596.E-03           -93.2066E-06 
              597.E-03           -93.3167E-06 
              598.E-03           -93.4266E-06 
              599.E-03           -93.5362E-06 
              600.E-03           -93.6457E-06 
              601.E-03           -93.7549E-06 
              602.E-03           -93.8639E-06 
              603.E-03           -93.9727E-06 
              604.E-03           -94.0813E-06 
              605.E-03           -94.1896E-06 
              606.E-03           -94.2977E-06 
              607.E-03           -94.4056E-06 
              608.E-03           -94.5133E-06 
              609.E-03           -94.6208E-06 
              610.E-03           -94.728E-06  
              611.E-03           -94.835E-06  
              612.E-03           -94.9418E-06 
              613.E-03           -95.0483E-06 
              614.E-03           -95.1547E-06 
              615.E-03           -95.2608E-06 
              616.E-03           -95.3667E-06 
              617.E-03           -95.4723E-06 
              618.E-03           -95.5777E-06 
              619.E-03           -95.6829E-06 
              620.E-03           -95.7879E-06 
              621.E-03           -95.8927E-06 
              622.E-03           -95.9972E-06 
              623.E-03           -96.1015E-06 
              624.E-03           -96.2055E-06 
              625.E-03           -96.3093E-06 
              626.E-03           -96.4129E-06 
              627.E-03           -96.5163E-06 
              628.E-03           -96.6195E-06 
              629.E-03           -96.7224E-06 
              630.E-03           -96.8251E-06 
              631.E-03           -96.9275E-06 
              632.E-03           -97.0297E-06 
              633.E-03           -97.1317E-06 
              634.E-03           -97.2334E-06 
              635.E-03           -97.335E-06  
              636.E-03           -97.4362E-06 
              637.E-03           -97.5373E-06 
              638.E-03           -97.6381E-06 
              639.E-03           -97.7387E-06 
              640.E-03           -97.839E-06  
              641.E-03           -97.9391E-06 
              642.E-03           -98.039E-06  
              643.E-03           -98.1386E-06 
              644.E-03           -98.2381E-06 
              645.E-03           -98.3372E-06 
              646.E-03           -98.4362E-06 
              647.E-03           -98.5349E-06 
              648.E-03           -98.6333E-06 
              649.E-03           -98.7315E-06 
              650.E-03           -98.8295E-06 
              651.E-03           -98.9272E-06 
              652.E-03           -99.0247E-06 
              653.E-03           -99.122E-06  
              654.E-03           -99.219E-06  
              655.E-03           -99.3158E-06 
              656.E-03           -99.4123E-06 
              657.E-03           -99.5086E-06 
              658.E-03           -99.6047E-06 
              659.E-03           -99.7005E-06 
              660.E-03           -99.7961E-06 
              661.E-03           -99.8914E-06 
              662.E-03           -99.9865E-06 
              663.E-03          -100.081E-06  
              664.E-03          -100.176E-06  
              665.E-03          -100.27E-06   
              666.E-03          -100.364E-06  
              667.E-03          -100.458E-06  
              668.E-03          -100.552E-06  
              669.E-03          -100.645E-06  
              670.E-03          -100.738E-06  
              671.E-03          -100.831E-06  
              672.E-03          -100.924E-06  
              673.E-03          -101.016E-06  
              674.E-03          -101.109E-06  
              675.E-03          -101.2E-06    
              676.E-03          -101.292E-06  
              677.E-03          -101.384E-06  
              678.E-03          -101.475E-06  
              679.E-03          -101.566E-06  
              680.E-03          -101.656E-06  
              681.E-03          -101.747E-06  
              682.E-03          -101.837E-06  
              683.E-03          -101.927E-06  
              684.E-03          -102.016E-06  
              685.E-03          -102.106E-06  
              686.E-03          -102.195E-06  
              687.E-03          -102.284E-06  
              688.E-03          -102.373E-06  
              689.E-03          -102.461E-06  
              690.E-03          -102.549E-06  
              691.E-03          -102.637E-06  
              692.E-03          -102.725E-06  
              693.E-03          -102.812E-06  
              694.E-03          -102.899E-06  
              695.E-03          -102.986E-06  
              696.E-03          -103.073E-06  
              697.E-03          -103.159E-06  
              698.E-03          -103.245E-06  
              699.E-03          -103.331E-06  
              700.E-03          -103.417E-06  
              701.E-03          -103.502E-06  
              702.E-03          -103.587E-06  
              703.E-03          -103.672E-06  
              704.E-03          -103.757E-06  
              705.E-03          -103.841E-06  
              706.E-03          -103.925E-06  
              707.E-03          -104.009E-06  
              708.E-03          -104.093E-06  
              709.E-03          -104.176E-06  
              710.E-03          -104.259E-06  
              711.E-03          -104.342E-06  
              712.E-03          -104.425E-06  
              713.E-03          -104.507E-06  
              714.E-03          -104.589E-06  
              715.E-03          -104.671E-06  
              716.E-03          -104.752E-06  
              717.E-03          -104.833E-06  
              718.E-03          -104.914E-06  
              719.E-03          -104.995E-06  
              720.E-03          -105.076E-06  
              721.E-03          -105.156E-06  
              722.E-03          -105.236E-06  
              723.E-03          -105.315E-06  
              724.E-03          -105.395E-06  
              725.E-03          -105.474E-06  
              726.E-03          -105.553E-06  
              727.E-03          -105.632E-06  
              728.E-03          -105.71E-06   
              729.E-03          -105.788E-06  
              730.E-03          -105.866E-06  
              731.E-03          -105.944E-06  
              732.E-03          -106.021E-06  
              733.E-03          -106.098E-06  
              734.E-03          -106.175E-06  
              735.E-03          -106.251E-06  
              736.E-03          -106.328E-06  
              737.E-03          -106.404E-06  
              738.E-03          -106.479E-06  
              739.E-03          -106.555E-06  
              740.E-03          -106.63E-06   
              741.E-03          -106.705E-06  
              742.E-03          -106.78E-06   
              743.E-03          -106.854E-06  
              744.E-03          -106.928E-06  
              745.E-03          -107.002E-06  
              746.E-03          -107.076E-06  
              747.E-03          -107.149E-06  
              748.E-03          -107.222E-06  
              749.E-03          -107.295E-06  
              750.E-03          -107.367E-06  
              751.E-03          -107.44E-06   
              752.E-03          -107.512E-06  
              753.E-03          -107.583E-06  
              754.E-03          -107.655E-06  
              755.E-03          -107.726E-06  
              756.E-03          -107.797E-06  
              757.E-03          -107.868E-06  
              758.E-03          -107.938E-06  
              759.E-03          -108.008E-06  
              760.E-03          -108.078E-06  
              761.E-03          -108.147E-06  
              762.E-03          -108.217E-06  
              763.E-03          -108.286E-06  
              764.E-03          -108.354E-06  
              765.E-03          -108.423E-06  
              766.E-03          -108.491E-06  
              767.E-03          -108.559E-06  
              768.E-03          -108.627E-06  
              769.E-03          -108.694E-06  
              770.E-03          -108.761E-06  
              771.E-03          -108.828E-06  
              772.E-03          -108.895E-06  
              773.E-03          -108.961E-06  
              774.E-03          -109.027E-06  
              775.E-03          -109.093E-06  
              776.E-03          -109.158E-06  
              777.E-03          -109.223E-06  
              778.E-03          -109.288E-06  
              779.E-03          -109.353E-06  
              780.E-03          -109.417E-06  
              781.E-03          -109.481E-06  
              782.E-03          -109.545E-06  
              783.E-03          -109.609E-06  
              784.E-03          -109.672E-06  
              785.E-03          -109.735E-06  
              786.E-03          -109.798E-06  
              787.E-03          -109.86E-06   
              788.E-03          -109.922E-06  
              789.E-03          -109.984E-06  
              790.E-03          -110.046E-06  
              791.E-03          -110.107E-06  
              792.E-03          -110.168E-06  
              793.E-03          -110.229E-06  
              794.E-03          -110.289E-06  
              795.E-03          -110.35E-06   
              796.E-03          -110.409E-06  
              797.E-03          -110.469E-06  
              798.E-03          -110.529E-06  
              799.E-03          -110.588E-06  
              800.E-03          -110.646E-06  
              801.E-03          -110.705E-06  
              802.E-03          -110.763E-06  
              803.E-03          -110.821E-06  
              804.E-03          -110.879E-06  
              805.E-03          -110.936E-06  
              806.E-03          -110.993E-06  
              807.E-03          -111.05E-06   
              808.E-03          -111.107E-06  
              809.E-03          -111.163E-06  
              810.E-03          -111.219E-06  
              811.E-03          -111.275E-06  
              812.E-03          -111.33E-06   
              813.E-03          -111.385E-06  
              814.E-03          -111.44E-06   
              815.E-03          -111.495E-06  
              816.E-03          -111.549E-06  
              817.E-03          -111.603E-06  
              818.E-03          -111.657E-06  
              819.E-03          -111.71E-06   
              820.E-03          -111.764E-06  
              821.E-03          -111.816E-06  
              822.E-03          -111.869E-06  
              823.E-03          -111.921E-06  
              824.E-03          -111.973E-06  
              825.E-03          -112.025E-06  
              826.E-03          -112.077E-06  
              827.E-03          -112.128E-06  
              828.E-03          -112.179E-06  
              829.E-03          -112.229E-06  
              830.E-03          -112.28E-06   
              831.E-03          -112.33E-06   
              832.E-03          -112.379E-06  
              833.E-03          -112.429E-06  
              834.E-03          -112.478E-06  
              835.E-03          -112.527E-06  
              836.E-03          -112.576E-06  
              837.E-03          -112.624E-06  
              838.E-03          -112.672E-06  
              839.E-03          -112.72E-06   
              840.E-03          -112.767E-06  
              841.E-03          -112.814E-06  
              842.E-03          -112.861E-06  
              843.E-03          -112.908E-06  
              844.E-03          -112.954E-06  
              845.E-03          -113.E-06     
              846.E-03          -113.046E-06  
              847.E-03          -113.091E-06  
              848.E-03          -113.136E-06  
              849.E-03          -113.181E-06  
              850.E-03          -113.226E-06  
              851.E-03          -113.27E-06   
              852.E-03          -113.314E-06  
              853.E-03          -113.358E-06  
              854.E-03          -113.401E-06  
              855.E-03          -113.445E-06  
              856.E-03          -113.487E-06  
              857.E-03          -113.53E-06   
              858.E-03          -113.572E-06  
              859.E-03          -113.614E-06  
              860.E-03          -113.656E-06  
              861.E-03          -113.697E-06  
              862.E-03          -113.738E-06  
              863.E-03          -113.779E-06  
              864.E-03          -113.82E-06   
              865.E-03          -113.86E-06   
              866.E-03          -113.9E-06    
              867.E-03          -113.94E-06   
              868.E-03          -113.979E-06  
              869.E-03          -114.018E-06  
              870.E-03          -114.057E-06  
              871.E-03          -114.095E-06  
              872.E-03          -114.133E-06  
              873.E-03          -114.171E-06  
              874.E-03          -114.209E-06  
              875.E-03          -114.246E-06  
              876.E-03          -114.283E-06  
              877.E-03          -114.32E-06   
              878.E-03          -114.357E-06  
              879.E-03          -114.393E-06  
              880.E-03          -114.429E-06  
              881.E-03          -114.464E-06  
              882.E-03          -114.499E-06  
              883.E-03          -114.534E-06  
              884.E-03          -114.569E-06  
              885.E-03          -114.603E-06  
              886.E-03          -114.638E-06  
              887.E-03          -114.671E-06  
              888.E-03          -114.705E-06  
              889.E-03          -114.738E-06  
              890.E-03          -114.771E-06  
              891.E-03          -114.804E-06  
              892.E-03          -114.836E-06  
              893.E-03          -114.868E-06  
              894.E-03          -114.9E-06    
              895.E-03          -114.931E-06  
              896.E-03          -114.962E-06  
              897.E-03          -114.993E-06  
              898.E-03          -115.024E-06  
              899.E-03          -115.054E-06  
              900.E-03          -115.084E-06  
              901.E-03          -115.114E-06  
              902.E-03          -115.143E-06  
              903.E-03          -115.172E-06  
              904.E-03          -115.201E-06  
              905.E-03          -115.23E-06   
              906.E-03          -115.258E-06  
              907.E-03          -115.286E-06  
              908.E-03          -115.313E-06  
              909.E-03          -115.341E-06  
              910.E-03          -115.368E-06  
              911.E-03          -115.394E-06  
              912.E-03          -115.421E-06  
              913.E-03          -115.447E-06  
              914.E-03          -115.473E-06  
              915.E-03          -115.498E-06  
              916.E-03          -115.524E-06  
              917.E-03          -115.549E-06  
              918.E-03          -115.573E-06  
              919.E-03          -115.598E-06  
              920.E-03          -115.622E-06  
              921.E-03          -115.645E-06  
              922.E-03          -115.669E-06  
              923.E-03          -115.692E-06  
              924.E-03          -115.715E-06  
              925.E-03          -115.738E-06  
              926.E-03          -115.76E-06   
              927.E-03          -115.782E-06  
              928.E-03          -115.803E-06  
              929.E-03          -115.825E-06  
              930.E-03          -115.846E-06  
              931.E-03          -115.867E-06  
              932.E-03          -115.887E-06  
              933.E-03          -115.907E-06  
              934.E-03          -115.927E-06  
              935.E-03          -115.947E-06  
              936.E-03          -115.966E-06  
              937.E-03          -115.985E-06  
              938.E-03          -116.004E-06  
              939.E-03          -116.022E-06  
              940.E-03          -116.04E-06   
              941.E-03          -116.058E-06  
              942.E-03          -116.076E-06  
              943.E-03          -116.093E-06  
              944.E-03          -116.11E-06   
              945.E-03          -116.127E-06  
              946.E-03          -116.143E-06  
              947.E-03          -116.159E-06  
              948.E-03          -116.175E-06  
              949.E-03          -116.19E-06   
              950.E-03          -116.205E-06  
              951.E-03          -116.22E-06   
              952.E-03          -116.235E-06  
              953.E-03          -116.249E-06  
              954.E-03          -116.263E-06  
              955.E-03          -116.276E-06  
              956.E-03          -116.29E-06   
              957.E-03          -116.303E-06  
              958.E-03          -116.316E-06  
              959.E-03          -116.328E-06  
              960.E-03          -116.34E-06   
              961.E-03          -116.352E-06  
              962.E-03          -116.363E-06  
              963.E-03          -116.375E-06  
              964.E-03          -116.386E-06  
              965.E-03          -116.396E-06  
              966.E-03          -116.407E-06  
              967.E-03          -116.417E-06  
              968.E-03          -116.426E-06  
              969.E-03          -116.436E-06  
              970.E-03          -116.445E-06  
              971.E-03          -116.454E-06  
              972.E-03          -116.462E-06  
              973.E-03          -116.471E-06  
              974.E-03          -116.479E-06  
              975.E-03          -116.486E-06  
              976.E-03          -116.494E-06  
              977.E-03          -116.501E-06  
              978.E-03          -116.507E-06  
              979.E-03          -116.514E-06  
              980.E-03          -116.52E-06   
              981.E-03          -116.526E-06  
              982.E-03          -116.531E-06  
              983.E-03          -116.537E-06  
              984.E-03          -116.542E-06  
              985.E-03          -116.546E-06  
              986.E-03          -116.551E-06  
              987.E-03          -116.555E-06  
              988.E-03          -116.558E-06  
              989.E-03          -116.562E-06  
              990.E-03          -116.565E-06  
              991.E-03          -116.568E-06  
              992.E-03          -116.57E-06   
              993.E-03          -116.573E-06  
              994.E-03          -116.575E-06  
              995.E-03          -116.576E-06  
              996.E-03          -116.578E-06  
              997.E-03          -116.579E-06  
              998.E-03          -116.579E-06  
              999.E-03          -116.58E-06   
                1.              -116.58E-06   
                1.001           -116.58E-06   
                1.002           -116.579E-06  
                1.003           -116.579E-06  
                1.004           -116.578E-06  
                1.005           -116.576E-06  
                1.006           -116.575E-06  
                1.007           -116.573E-06  
                1.008           -116.57E-06   
                1.009           -116.568E-06  
                1.01            -116.565E-06  
                1.011           -116.562E-06  
                1.012           -116.558E-06  
                1.013           -116.555E-06  
                1.014           -116.551E-06  
                1.015           -116.546E-06  
                1.016           -116.542E-06  
                1.017           -116.537E-06  
                1.018           -116.531E-06  
                1.019           -116.526E-06  
                1.02            -116.52E-06   
                1.021           -116.514E-06  
                1.022           -116.507E-06  
                1.023           -116.501E-06  
                1.024           -116.494E-06  
                1.025           -116.486E-06  
                1.026           -116.479E-06  
                1.027           -116.471E-06  
                1.028           -116.462E-06  
                1.029           -116.454E-06  
                1.03            -116.445E-06  
                1.031           -116.436E-06  
                1.032           -116.426E-06  
                1.033           -116.417E-06  
                1.034           -116.407E-06  
                1.035           -116.396E-06  
                1.036           -116.386E-06  
                1.037           -116.375E-06  
                1.038           -116.363E-06  
                1.039           -116.352E-06  
                1.04            -116.34E-06   
                1.041           -116.328E-06  
                1.042           -116.315E-06  
                1.043           -116.303E-06  
                1.044           -116.29E-06   
                1.045           -116.276E-06  
                1.046           -116.263E-06  
                1.047           -116.249E-06  
                1.048           -116.235E-06  
                1.049           -116.22E-06   
                1.05            -116.205E-06  
                1.051           -116.19E-06   
                1.052           -116.175E-06  
                1.053           -116.159E-06  
                1.054           -116.143E-06  
                1.055           -116.127E-06  
                1.056           -116.11E-06   
                1.057           -116.093E-06  
                1.058           -116.076E-06  
                1.059           -116.058E-06  
                1.06            -116.04E-06   
                1.061           -116.022E-06  
                1.062           -116.004E-06  
                1.063           -115.985E-06  
                1.064           -115.966E-06  
                1.065           -115.947E-06  
                1.066           -115.927E-06  
                1.067           -115.907E-06  
                1.068           -115.887E-06  
                1.069           -115.867E-06  
                1.07            -115.846E-06  
                1.071           -115.825E-06  
                1.072           -115.803E-06  
                1.073           -115.782E-06  
                1.074           -115.76E-06   
                1.075           -115.738E-06  
                1.076           -115.715E-06  
                1.077           -115.692E-06  
                1.078           -115.669E-06  
                1.079           -115.645E-06  
                1.08            -115.622E-06  
                1.081           -115.598E-06  
                1.082           -115.573E-06  
                1.083           -115.549E-06  
                1.084           -115.524E-06  
                1.085           -115.498E-06  
                1.086           -115.473E-06  
                1.087           -115.447E-06  
                1.088           -115.421E-06  
                1.089           -115.394E-06  
                1.09            -115.368E-06  
                1.091           -115.341E-06  
                1.092           -115.313E-06  
                1.093           -115.286E-06  
                1.094           -115.258E-06  
                1.095           -115.23E-06   
                1.096           -115.201E-06  
                1.097           -115.172E-06  
                1.098           -115.143E-06  
                1.099           -115.114E-06  
                1.1             -115.084E-06  
                1.101           -115.054E-06  
                1.102           -115.024E-06  
                1.103           -114.993E-06  
                1.104           -114.962E-06  
                1.105           -114.931E-06  
                1.106           -114.9E-06    
                1.107           -114.868E-06  
                1.108           -114.836E-06  
                1.109           -114.804E-06  
                1.11            -114.771E-06  
                1.111           -114.738E-06  
                1.112           -114.705E-06  
                1.113           -114.671E-06  
                1.114           -114.638E-06  
                1.115           -114.603E-06  
                1.116           -114.569E-06  
                1.117           -114.534E-06  
                1.118           -114.499E-06  
                1.119           -114.464E-06  
                1.12            -114.429E-06  
                1.121           -114.393E-06  
                1.122           -114.357E-06  
                1.123           -114.32E-06   
                1.124           -114.283E-06  
                1.125           -114.246E-06  
                1.126           -114.209E-06  
                1.127           -114.171E-06  
                1.128           -114.133E-06  
                1.129           -114.095E-06  
                1.13            -114.057E-06  
                1.131           -114.018E-06  
                1.132           -113.979E-06  
                1.133           -113.94E-06   
                1.134           -113.9E-06    
                1.135           -113.86E-06   
                1.136           -113.82E-06   
                1.137           -113.779E-06  
                1.138           -113.738E-06  
                1.139           -113.697E-06  
                1.14            -113.656E-06  
                1.141           -113.614E-06  
                1.142           -113.572E-06  
                1.143           -113.53E-06   
                1.144           -113.487E-06  
                1.145           -113.445E-06  
                1.146           -113.401E-06  
                1.147           -113.358E-06  
                1.148           -113.314E-06  
                1.149           -113.27E-06   
                1.15            -113.226E-06  
                1.151           -113.181E-06  
                1.152           -113.136E-06  
                1.153           -113.091E-06  
                1.154           -113.046E-06  
                1.155           -113.E-06     
                1.156           -112.954E-06  
                1.157           -112.908E-06  
                1.158           -112.861E-06  
                1.159           -112.814E-06  
                1.16            -112.767E-06  
                1.161           -112.72E-06   
                1.162           -112.672E-06  
                1.163           -112.624E-06  
                1.164           -112.576E-06  
                1.165           -112.527E-06  
                1.166           -112.478E-06  
                1.167           -112.429E-06  
                1.168           -112.379E-06  
                1.169           -112.33E-06   
                1.17            -112.28E-06   
                1.171           -112.229E-06  
                1.172           -112.179E-06  
                1.173           -112.128E-06  
                1.174           -112.077E-06  
                1.175           -112.025E-06  
                1.176           -111.973E-06  
                1.177           -111.921E-06  
                1.178           -111.869E-06  
                1.179           -111.816E-06  
                1.18            -111.764E-06  
                1.181           -111.71E-06   
                1.182           -111.657E-06  
                1.183           -111.603E-06  
                1.184           -111.549E-06  
                1.185           -111.495E-06  
                1.186           -111.44E-06   
                1.187           -111.385E-06  
                1.188           -111.33E-06   
                1.189           -111.275E-06  
                1.19            -111.219E-06  
                1.191           -111.163E-06  
                1.192           -111.107E-06  
                1.193           -111.05E-06   
                1.194           -110.993E-06  
                1.195           -110.936E-06  
                1.196           -110.879E-06  
                1.197           -110.821E-06  
                1.198           -110.763E-06  
                1.199           -110.705E-06  
                1.2             -110.646E-06  
                1.201           -110.588E-06  
                1.202           -110.529E-06  
                1.203           -110.469E-06  
                1.204           -110.409E-06  
                1.205           -110.35E-06   
                1.206           -110.289E-06  
                1.207           -110.229E-06  
                1.208           -110.168E-06  
                1.209           -110.107E-06  
                1.21            -110.046E-06  
                1.211           -109.984E-06  
                1.212           -109.922E-06  
                1.213           -109.86E-06   
                1.214           -109.798E-06  
                1.215           -109.735E-06  
                1.216           -109.672E-06  
                1.217           -109.609E-06  
                1.218           -109.545E-06  
                1.219           -109.481E-06  
                1.22            -109.417E-06  
                1.221           -109.353E-06  
                1.222           -109.288E-06  
                1.223           -109.223E-06  
                1.224           -109.158E-06  
                1.225           -109.093E-06  
                1.226           -109.027E-06  
                1.227           -108.961E-06  
                1.228           -108.895E-06  
                1.229           -108.828E-06  
                1.23            -108.761E-06  
                1.231           -108.694E-06  
                1.232           -108.627E-06  
                1.233           -108.559E-06  
                1.234           -108.491E-06  
                1.235           -108.423E-06  
                1.236           -108.354E-06  
                1.237           -108.286E-06  
                1.238           -108.217E-06  
                1.239           -108.147E-06  
                1.24            -108.078E-06  
                1.241           -108.008E-06  
                1.242           -107.938E-06  
                1.243           -107.868E-06  
                1.244           -107.797E-06  
                1.245           -107.726E-06  
                1.246           -107.655E-06  
                1.247           -107.583E-06  
                1.248           -107.512E-06  
                1.249           -107.44E-06   
                1.25            -107.367E-06  
                1.251           -107.295E-06  
                1.252           -107.222E-06  
                1.253           -107.149E-06  
                1.254           -107.076E-06  
                1.255           -107.002E-06  
                1.256           -106.928E-06  
                1.257           -106.854E-06  
                1.258           -106.78E-06   
                1.259           -106.705E-06  
                1.26            -106.63E-06   
                1.261           -106.555E-06  
                1.262           -106.479E-06  
                1.263           -106.404E-06  
                1.264           -106.328E-06  
                1.265           -106.251E-06  
                1.266           -106.175E-06  
                1.267           -106.098E-06  
                1.268           -106.021E-06  
                1.269           -105.944E-06  
                1.27            -105.866E-06  
                1.271           -105.788E-06  
                1.272           -105.71E-06   
                1.273           -105.632E-06  
                1.274           -105.553E-06  
                1.275           -105.474E-06  
                1.276           -105.395E-06  
                1.277           -105.315E-06  
                1.278           -105.236E-06  
                1.279           -105.156E-06  
                1.28            -105.076E-06  
                1.281           -104.995E-06  
                1.282           -104.914E-06  
                1.283           -104.833E-06  
                1.284           -104.752E-06  
                1.285           -104.671E-06  
                1.286           -104.589E-06  
                1.287           -104.507E-06  
                1.288           -104.425E-06  
                1.289           -104.342E-06  
                1.29            -104.259E-06  
                1.291           -104.176E-06  
                1.292           -104.093E-06  
                1.293           -104.009E-06  
                1.294           -103.925E-06  
                1.295           -103.841E-06  
                1.296           -103.757E-06  
                1.297           -103.672E-06  
                1.298           -103.587E-06  
                1.299           -103.502E-06  
                1.3             -103.417E-06  
                1.301           -103.331E-06  
                1.302           -103.245E-06  
                1.303           -103.159E-06  
                1.304           -103.073E-06  
                1.305           -102.986E-06  
                1.306           -102.899E-06  
                1.307           -102.812E-06  
                1.308           -102.725E-06  
                1.309           -102.637E-06  
                1.31            -102.549E-06  
                1.311           -102.461E-06  
                1.312           -102.373E-06  
                1.313           -102.284E-06  
                1.314           -102.195E-06  
                1.315           -102.106E-06  
                1.316           -102.016E-06  
                1.317           -101.927E-06  
                1.318           -101.837E-06  
                1.319           -101.747E-06  
                1.32            -101.656E-06  
                1.321           -101.566E-06  
                1.322           -101.475E-06  
                1.323           -101.384E-06  
                1.324           -101.292E-06  
                1.325           -101.2E-06    
                1.326           -101.109E-06  
                1.327           -101.016E-06  
                1.328           -100.924E-06  
                1.329           -100.831E-06  
                1.33            -100.738E-06  
                1.331           -100.645E-06  
                1.332           -100.552E-06  
                1.333           -100.458E-06  
                1.334           -100.364E-06  
                1.335           -100.27E-06   
                1.336           -100.176E-06  
                1.337           -100.081E-06  
                1.338            -99.9865E-06 
                1.339            -99.8914E-06 
                1.34             -99.7961E-06 
                1.341            -99.7005E-06 
                1.342            -99.6047E-06 
                1.343            -99.5086E-06 
                1.344            -99.4123E-06 
                1.345            -99.3158E-06 
                1.346            -99.219E-06  
                1.347            -99.122E-06  
                1.348            -99.0247E-06 
                1.349            -98.9272E-06 
                1.35             -98.8295E-06 
                1.351            -98.7315E-06 
                1.352            -98.6333E-06 
                1.353            -98.5348E-06 
                1.354            -98.4362E-06 
                1.355            -98.3372E-06 
                1.356            -98.2381E-06 
                1.357            -98.1387E-06 
                1.358            -98.039E-06  
                1.359            -97.9391E-06 
                1.36             -97.839E-06  
                1.361            -97.7387E-06 
                1.362            -97.6381E-06 
                1.363            -97.5373E-06 
                1.364            -97.4362E-06 
                1.365            -97.335E-06  
                1.366            -97.2334E-06 
                1.367            -97.1317E-06 
                1.368            -97.0297E-06 
                1.369            -96.9275E-06 
                1.37             -96.8251E-06 
                1.371            -96.7224E-06 
                1.372            -96.6195E-06 
                1.373            -96.5163E-06 
                1.374            -96.413E-06  
                1.375            -96.3093E-06 
                1.376            -96.2055E-06 
                1.377            -96.1015E-06 
                1.378            -95.9972E-06 
                1.379            -95.8927E-06 
                1.38             -95.7879E-06 
                1.381            -95.6829E-06 
                1.382            -95.5777E-06 
                1.383            -95.4723E-06 
                1.384            -95.3667E-06 
                1.385            -95.2608E-06 
                1.386            -95.1547E-06 
                1.387            -95.0483E-06 
                1.388            -94.9418E-06 
                1.389            -94.835E-06  
                1.39             -94.728E-06  
                1.391            -94.6208E-06 
                1.392            -94.5133E-06 
                1.393            -94.4056E-06 
                1.394            -94.2977E-06 
                1.395            -94.1896E-06 
                1.396            -94.0813E-06 
                1.397            -93.9727E-06 
                1.398            -93.8639E-06 
                1.399            -93.7549E-06 
                1.4              -93.6457E-06 
                1.401            -93.5362E-06 
                1.402            -93.4266E-06 
                1.403            -93.3167E-06 
                1.404            -93.2066E-06 
                1.405            -93.0962E-06 
                1.406            -92.9857E-06 
                1.407            -92.8749E-06 
                1.408            -92.764E-06  
                1.409            -92.6528E-06 
                1.41             -92.5414E-06 
                1.411            -92.4297E-06 
                1.412            -92.3179E-06 
                1.413            -92.2058E-06 
                1.414            -92.0936E-06 
                1.415            -91.9811E-06 
                1.416            -91.8684E-06 
                1.417            -91.7555E-06 
                1.418            -91.6423E-06 
                1.419            -91.529E-06  
                1.42             -91.4155E-06 
                1.421            -91.3017E-06 
                1.422            -91.1877E-06 
                1.423            -91.0735E-06 
                1.424            -90.9591E-06 
                1.425            -90.8445E-06 
                1.426            -90.7297E-06 
                1.427            -90.6147E-06 
                1.428            -90.4995E-06 
                1.429            -90.384E-06  
                1.43             -90.2684E-06 
                1.431            -90.1525E-06 
                1.432            -90.0364E-06 
                1.433            -89.9202E-06 
                1.434            -89.8037E-06 
                1.435            -89.687E-06  
                1.436            -89.5701E-06 
                1.437            -89.453E-06  
                1.438            -89.3357E-06 
                1.439            -89.2182E-06 
                1.44             -89.1005E-06 
                1.441            -88.9826E-06 
                1.442            -88.8645E-06 
                1.443            -88.7462E-06 
                1.444            -88.6277E-06 
                1.445            -88.5089E-06 
                1.446            -88.39E-06   
                1.447            -88.2709E-06 
                1.448            -88.1516E-06 
                1.449            -88.0321E-06 
                1.45             -87.9123E-06 
                1.451            -87.7924E-06 
                1.452            -87.6723E-06 
                1.453            -87.552E-06  
                1.454            -87.4315E-06 
                1.455            -87.3108E-06 
                1.456            -87.1898E-06 
                1.457            -87.0687E-06 
                1.458            -86.9474E-06 
                1.459            -86.8259E-06 
                1.46             -86.7042E-06 
                1.461            -86.5823E-06 
                1.462            -86.4602E-06 
                1.463            -86.3379E-06 
                1.464            -86.2154E-06 
                1.465            -86.0928E-06 
                1.466            -85.9699E-06 
                1.467            -85.8468E-06 
                1.468            -85.7235E-06 
                1.469            -85.6001E-06 
                1.47             -85.4764E-06 
                1.471            -85.3525E-06 
                1.472            -85.2285E-06 
                1.473            -85.1042E-06 
                1.474            -84.9798E-06 
                1.475            -84.8551E-06 
                1.476            -84.7303E-06 
                1.477            -84.6053E-06 
                1.478            -84.4801E-06 
                1.479            -84.3547E-06 
                1.48             -84.2291E-06 
                1.481            -84.1033E-06 
                1.482            -83.9773E-06 
                1.483            -83.8511E-06 
                1.484            -83.7248E-06 
                1.485            -83.5982E-06 
                1.486            -83.4715E-06 
                1.487            -83.3445E-06 
                1.488            -83.2174E-06 
                1.489            -83.09E-06   
                1.49             -82.9625E-06 
                1.491            -82.8348E-06 
                1.492            -82.7069E-06 
                1.493            -82.5788E-06 
                1.494            -82.4506E-06 
                1.495            -82.3221E-06 
                1.496            -82.1935E-06 
                1.497            -82.0646E-06 
                1.498            -81.9356E-06 
                1.499            -81.8064E-06 
                1.5              -81.677E-06  
                1.501            -81.5474E-06 
                1.502            -81.4176E-06 
                1.503            -81.2876E-06 
                1.504            -81.1575E-06 
                1.505            -81.0272E-06 
                1.506            -80.8966E-06 
                1.507            -80.7659E-06 
                1.508            -80.635E-06  
                1.509            -80.504E-06  
                1.51             -80.3727E-06 
                1.511            -80.2412E-06 
                1.512            -80.1096E-06 
                1.513            -79.9778E-06 
                1.514            -79.8458E-06 
                1.515            -79.7136E-06 
                1.516            -79.5812E-06 
                1.517            -79.4487E-06 
                1.518            -79.3159E-06 
                1.519            -79.183E-06  
                1.52             -79.0499E-06 
                1.521            -78.9166E-06 
                1.522            -78.7831E-06 
                1.523            -78.6495E-06 
                1.524            -78.5156E-06 
                1.525            -78.3816E-06 
                1.526            -78.2474E-06 
                1.527            -78.1131E-06 
                1.528            -77.9785E-06 
                1.529            -77.8438E-06 
                1.53             -77.7088E-06 
                1.531            -77.5737E-06 
                1.532            -77.4385E-06 
                1.533            -77.303E-06  
                1.534            -77.1674E-06 
                1.535            -77.0316E-06 
                1.536            -76.8956E-06 
                1.537            -76.7594E-06 
                1.538            -76.6231E-06 
                1.539            -76.4865E-06 
                1.54             -76.3498E-06 
                1.541            -76.2129E-06 
                1.542            -76.0759E-06 
                1.543            -75.9387E-06 
                1.544            -75.8012E-06 
                1.545            -75.6637E-06 
                1.546            -75.5259E-06 
                1.547            -75.3879E-06 
                1.548            -75.2498E-06 
                1.549            -75.1116E-06 
                1.55             -74.9731E-06 
                1.551            -74.8345E-06 
                1.552            -74.6956E-06 
                1.553            -74.5567E-06 
                1.554            -74.4175E-06 
                1.555            -74.2782E-06 
                1.556            -74.1387E-06 
                1.557            -73.999E-06  
                1.558            -73.8592E-06 
                1.559            -73.7191E-06 
                1.56             -73.5789E-06 
                1.561            -73.4386E-06 
                1.562            -73.298E-06  
                1.563            -73.1573E-06 
                1.564            -73.0164E-06 
                1.565            -72.8754E-06 
                1.566            -72.7342E-06 
                1.567            -72.5928E-06 
                1.568            -72.4512E-06 
                1.569            -72.3095E-06 
                1.57             -72.1676E-06 
                1.571            -72.0255E-06 
                1.572            -71.8833E-06 
                1.573            -71.7409E-06 
                1.574            -71.5983E-06 
                1.575            -71.4556E-06 
                1.576            -71.3127E-06 
                1.577            -71.1696E-06 
                1.578            -71.0264E-06 
                1.579            -70.883E-06  
                1.58             -70.7394E-06 
                1.581            -70.5957E-06 
                1.582            -70.4518E-06 
                1.583            -70.3077E-06 
                1.584            -70.1635E-06 
                1.585            -70.0191E-06 
                1.586            -69.8745E-06 
                1.587            -69.7298E-06 
                1.588            -69.5849E-06 
                1.589            -69.4398E-06 
                1.59             -69.2946E-06 
                1.591            -69.1492E-06 
                1.592            -69.0037E-06 
                1.593            -68.858E-06  
                1.594            -68.7121E-06 
                1.595            -68.5661E-06 
                1.596            -68.4199E-06 
                1.597            -68.2735E-06 
                1.598            -68.127E-06  
                1.599            -67.9803E-06 
                1.6              -67.8335E-06 
                1.601            -67.6865E-06 
                1.602            -67.5394E-06 
                1.603            -67.392E-06  
                1.604            -67.2446E-06 
                1.605            -67.0969E-06 
                1.606            -66.9492E-06 
                1.607            -66.8012E-06 
                1.608            -66.6531E-06 
                1.609            -66.5048E-06 
                1.61             -66.3564E-06 
                1.611            -66.2078E-06 
                1.612            -66.0591E-06 
                1.613            -65.9102E-06 
                1.614            -65.7612E-06 
                1.615            -65.612E-06  
                1.616            -65.4626E-06 
                1.617            -65.3131E-06 
                1.618            -65.1634E-06 
                1.619            -65.0136E-06 
                1.62             -64.8636E-06 
                1.621            -64.7135E-06 
                1.622            -64.5632E-06 
                1.623            -64.4128E-06 
                1.624            -64.2622E-06 
                1.625            -64.1114E-06 
                1.626            -63.9605E-06 
                1.627            -63.8095E-06 
                1.628            -63.6583E-06 
                1.629            -63.5069E-06 
                1.63             -63.3554E-06 
                1.631            -63.2038E-06 
                1.632            -63.052E-06  
                1.633            -62.9E-06    
                1.634            -62.7479E-06 
                1.635            -62.5957E-06 
                1.636            -62.4433E-06 
                1.637            -62.2907E-06 
                1.638            -62.138E-06  
                1.639            -61.9852E-06 
                1.64             -61.8322E-06 
                1.641            -61.679E-06  
                1.642            -61.5257E-06 
                1.643            -61.3723E-06 
                1.644            -61.2187E-06 
                1.645            -61.065E-06  
                1.646            -60.9111E-06 
                1.647            -60.7571E-06 
                1.648            -60.6029E-06 
                1.649            -60.4486E-06 
                1.65             -60.2941E-06 
                1.651            -60.1395E-06 
                1.652            -59.9848E-06 
                1.653            -59.8299E-06 
                1.654            -59.6749E-06 
                1.655            -59.5197E-06 
                1.656            -59.3644E-06 
                1.657            -59.2089E-06 
                1.658            -59.0533E-06 
                1.659            -58.8976E-06 
                1.66             -58.7417E-06 
                1.661            -58.5857E-06 
                1.662            -58.4295E-06 
                1.663            -58.2732E-06 
                1.664            -58.1167E-06 
                1.665            -57.9601E-06 
                1.666            -57.8034E-06 
                1.667            -57.6465E-06 
                1.668            -57.4895E-06 
                1.669            -57.3324E-06 
                1.67             -57.1751E-06 
                1.671            -57.0177E-06 
                1.672            -56.8601E-06 
                1.673            -56.7024E-06 
                1.674            -56.5446E-06 
                1.675            -56.3866E-06 
                1.676            -56.2285E-06 
                1.677            -56.0703E-06 
                1.678            -55.9119E-06 
                1.679            -55.7534E-06 
                1.68             -55.5948E-06 
                1.681            -55.436E-06  
                1.682            -55.2771E-06 
                1.683            -55.118E-06  
                1.684            -54.9588E-06 
                1.685            -54.7995E-06 
                1.686            -54.6401E-06 
                1.687            -54.4805E-06 
                1.688            -54.3208E-06 
                1.689            -54.1609E-06 
                1.69             -54.001E-06  
                1.691            -53.8409E-06 
                1.692            -53.6806E-06 
                1.693            -53.5203E-06 
                1.694            -53.3598E-06 
                1.695            -53.1991E-06 
                1.696            -53.0384E-06 
                1.697            -52.8775E-06 
                1.698            -52.7165E-06 
                1.699            -52.5553E-06 
                1.7              -52.3941E-06 
                1.701            -52.2327E-06 
                1.702            -52.0712E-06 
                1.703            -51.9095E-06 
                1.704            -51.7477E-06 
                1.705            -51.5858E-06 
                1.706            -51.4238E-06 
                1.707            -51.2616E-06 
                1.708            -51.0994E-06 
                1.709            -50.937E-06  
                1.71             -50.7744E-06 
                1.711            -50.6118E-06 
                1.712            -50.449E-06  
                1.713            -50.2861E-06 
                1.714            -50.1231E-06 
                1.715            -49.9599E-06 
                1.716            -49.7967E-06 
                1.717            -49.6333E-06 
                1.718            -49.4698E-06 
                1.719            -49.3061E-06 
                1.72             -49.1424E-06 
                1.721            -48.9785E-06 
                1.722            -48.8145E-06 
                1.723            -48.6504E-06 
                1.724            -48.4862E-06 
                1.725            -48.3218E-06 
                1.726            -48.1574E-06 
                1.727            -47.9928E-06 
                1.728            -47.8281E-06 
                1.729            -47.6633E-06 
                1.73             -47.4983E-06 
                1.731            -47.3333E-06 
                1.732            -47.1681E-06 
                1.733            -47.0028E-06 
                1.734            -46.8374E-06 
                1.735            -46.6719E-06 
                1.736            -46.5062E-06 
                1.737            -46.3405E-06 
                1.738            -46.1746E-06 
                1.739            -46.0087E-06 
                1.74             -45.8426E-06 
                1.741            -45.6763E-06 
                1.742            -45.51E-06   
                1.743            -45.3436E-06 
                1.744            -45.1771E-06 
                1.745            -45.0104E-06 
                1.746            -44.8436E-06 
                1.747            -44.6768E-06 
                1.748            -44.5098E-06 
                1.749            -44.3427E-06 
                1.75             -44.1755E-06 
                1.751            -44.0082E-06 
                1.752            -43.8407E-06 
                1.753            -43.6732E-06 
                1.754            -43.5056E-06 
                1.755            -43.3378E-06 
                1.756            -43.17E-06   
                1.757            -43.002E-06  
                1.758            -42.8339E-06 
                1.759            -42.6658E-06 
                1.76             -42.4975E-06 
                1.761            -42.3291E-06 
                1.762            -42.1606E-06 
                1.763            -41.992E-06  
                1.764            -41.8233E-06 
                1.765            -41.6545E-06 
                1.766            -41.4856E-06 
                1.767            -41.3166E-06 
                1.768            -41.1474E-06 
                1.769            -40.9782E-06 
                1.77             -40.8089E-06 
                1.771            -40.6395E-06 
                1.772            -40.47E-06   
                1.773            -40.3003E-06 
                1.774            -40.1306E-06 
                1.775            -39.9608E-06 
                1.776            -39.7908E-06 
                1.777            -39.6208E-06 
                1.778            -39.4507E-06 
                1.779            -39.2805E-06 
                1.78             -39.1102E-06 
                1.781            -38.9397E-06 
                1.782            -38.7692E-06 
                1.783            -38.5986E-06 
                1.784            -38.4279E-06 
                1.785            -38.2571E-06 
                1.786            -38.0862E-06 
                1.787            -37.9152E-06 
                1.788            -37.7441E-06 
                1.789            -37.5729E-06 
                1.79             -37.4016E-06 
                1.791            -37.2302E-06 
                1.792            -37.0588E-06 
                1.793            -36.8872E-06 
                1.794            -36.7155E-06 
                1.795            -36.5438E-06 
                1.796            -36.372E-06  
                1.797            -36.2E-06    
                1.798            -36.028E-06  
                1.799            -35.8559E-06 
                1.8              -35.6837E-06 
                1.801            -35.5114E-06 
                1.802            -35.339E-06  
                1.803            -35.1665E-06 
                1.804            -34.994E-06  
                1.805            -34.8213E-06 
                1.806            -34.6486E-06 
                1.807            -34.4757E-06 
                1.808            -34.3028E-06 
                1.809            -34.1298E-06 
                1.81             -33.9568E-06 
                1.811            -33.7836E-06 
                1.812            -33.6103E-06 
                1.813            -33.437E-06  
                1.814            -33.2635E-06 
                1.815            -33.09E-06   
                1.816            -32.9164E-06 
                1.817            -32.7427E-06 
                1.818            -32.569E-06  
                1.819            -32.3951E-06 
                1.82             -32.2212E-06 
                1.821            -32.0472E-06 
                1.822            -31.8731E-06 
                1.823            -31.6989E-06 
                1.824            -31.5247E-06 
                1.825            -31.3503E-06 
                1.826            -31.1759E-06 
                1.827            -31.0014E-06 
                1.828            -30.8269E-06 
                1.829            -30.6522E-06 
                1.83             -30.4775E-06 
                1.831            -30.3027E-06 
                1.832            -30.1278E-06 
                1.833            -29.9528E-06 
                1.834            -29.7778E-06 
                1.835            -29.6027E-06 
                1.836            -29.4275E-06 
                1.837            -29.2522E-06 
                1.838            -29.0769E-06 
                1.839            -28.9015E-06 
                1.84             -28.726E-06  
                1.841            -28.5504E-06 
                1.842            -28.3748E-06 
                1.843            -28.1991E-06 
                1.844            -28.0233E-06 
                1.845            -27.8474E-06 
                1.846            -27.6715E-06 
                1.847            -27.4955E-06 
                1.848            -27.3194E-06 
                1.849            -27.1433E-06 
                1.85             -26.9671E-06 
                1.851            -26.7908E-06 
                1.852            -26.6145E-06 
                1.853            -26.4381E-06 
                1.854            -26.2616E-06 
                1.855            -26.085E-06  
                1.856            -25.9084E-06 
                1.857            -25.7317E-06 
                1.858            -25.555E-06  
                1.859            -25.3782E-06 
                1.86             -25.2013E-06 
                1.861            -25.0244E-06 
                1.862            -24.8473E-06 
                1.863            -24.6703E-06 
                1.864            -24.4931E-06 
                1.865            -24.3159E-06 
                1.866            -24.1387E-06 
                1.867            -23.9613E-06 
                1.868            -23.7839E-06 
                1.869            -23.6065E-06 
                1.87             -23.429E-06  
                1.871            -23.2514E-06 
                1.872            -23.0738E-06 
                1.873            -22.8961E-06 
                1.874            -22.7183E-06 
                1.875            -22.5405E-06 
                1.876            -22.3626E-06 
                1.877            -22.1847E-06 
                1.878            -22.0067E-06 
                1.879            -21.8287E-06 
                1.88             -21.6506E-06 
                1.881            -21.4724E-06 
                1.882            -21.2942E-06 
                1.883            -21.1159E-06 
                1.884            -20.9376E-06 
                1.885            -20.7593E-06 
                1.886            -20.5808E-06 
                1.887            -20.4023E-06 
                1.888            -20.2238E-06 
                1.889            -20.0452E-06 
                1.89             -19.8666E-06 
                1.891            -19.6879E-06 
                1.892            -19.5091E-06 
                1.893            -19.3303E-06 
                1.894            -19.1514E-06 
                1.895            -18.9726E-06 
                1.896            -18.7936E-06 
                1.897            -18.6146E-06 
                1.898            -18.4356E-06 
                1.899            -18.2565E-06 
                1.9              -18.0773E-06 
                1.901            -17.8981E-06 
                1.902            -17.7189E-06 
                1.903            -17.5396E-06 
                1.904            -17.3603E-06 
                1.905            -17.1809E-06 
                1.906            -17.0015E-06 
                1.907            -16.822E-06  
                1.908            -16.6425E-06 
                1.909            -16.4629E-06 
                1.91             -16.2833E-06 
                1.911            -16.1037E-06 
                1.912            -15.924E-06  
                1.913            -15.7443E-06 
                1.914            -15.5645E-06 
                1.915            -15.3847E-06 
                1.916            -15.2049E-06 
                1.917            -15.025E-06  
                1.918            -14.845E-06  
                1.919            -14.6651E-06 
                1.92             -14.4851E-06 
                1.921            -14.305E-06  
                1.922            -14.1249E-06 
                1.923            -13.9448E-06 
                1.924            -13.7646E-06 
                1.925            -13.5845E-06 
                1.926            -13.4042E-06 
                1.927            -13.2239E-06 
                1.928            -13.0436E-06 
                1.929            -12.8633E-06 
                1.93             -12.6829E-06 
                1.931            -12.5025E-06 
                1.932            -12.3221E-06 
                1.933            -12.1416E-06 
                1.934            -11.9611E-06 
                1.935            -11.7806E-06 
                1.936            -11.6E-06    
                1.937            -11.4194E-06 
                1.938            -11.2388E-06 
                1.939            -11.0581E-06 
                1.94             -10.8774E-06 
                1.941            -10.6967E-06 
                1.942            -10.516E-06  
                1.943            -10.3352E-06 
                1.944            -10.1544E-06 
                1.945             -9.97355E-06
                1.946             -9.7927E-06 
                1.947             -9.61181E-06
                1.948             -9.43092E-06
                1.949             -9.24997E-06
                1.95              -9.06901E-06
                1.951             -8.88803E-06
                1.952             -8.70702E-06
                1.953             -8.526E-06  
                1.954             -8.34494E-06
                1.955             -8.16386E-06
                1.956             -7.98277E-06
                1.957             -7.80164E-06
                1.958             -7.62052E-06
                1.959             -7.43935E-06
                1.96              -7.25816E-06
                1.961             -7.07697E-06
                1.962             -6.89574E-06
                1.963             -6.71449E-06
                1.964             -6.53325E-06
                1.965             -6.35197E-06
                1.966             -6.17069E-06
                1.967             -5.98937E-06
                1.968             -5.80804E-06
                1.969             -5.62671E-06
                1.97              -5.44535E-06
                1.971             -5.26399E-06
                1.972             -5.0826E-06 
                1.973             -4.90119E-06
                1.974             -4.71979E-06
                1.975             -4.53836E-06
                1.976             -4.35693E-06
                1.977             -4.17547E-06
                1.978             -3.99401E-06
                1.979             -3.81255E-06
                1.98              -3.63106E-06
                1.981             -3.44958E-06
                1.982             -3.26807E-06
                1.983             -3.08655E-06
                1.984             -2.90505E-06
                1.985             -2.72351E-06
                1.986             -2.54199E-06
                1.987             -2.36044E-06
                1.988             -2.17888E-06
                1.989             -1.99735E-06
                1.99              -1.81578E-06
                1.991             -1.63421E-06
                1.992             -1.45265E-06
                1.993             -1.27107E-06
                1.994             -1.08951E-06
                1.995           -907.921E-09  
                1.996           -726.331E-09  
                1.997           -544.76E-09   
                1.998           -363.167E-09  
                1.999           -181.595E-09  
                2.                 0.         




