
                  X             Elastic20SS   

                0.                -0.         
                1.E-03          -166.679E-09  
                2.E-03          -333.358E-09  
                3.E-03          -500.036E-09  
                4.E-03          -666.712E-09  
                5.E-03          -833.387E-09  
                6.E-03            -1.00006E-06
                7.E-03            -1.16673E-06
                8.E-03            -1.33339E-06
                9.E-03            -1.50005E-06
               10.E-03            -1.66671E-06
               11.E-03            -1.83336E-06
               12.E-03            -2.00001E-06
               13.E-03            -2.16665E-06
               14.E-03            -2.33328E-06
               15.E-03            -2.49991E-06
               16.E-03            -2.66653E-06
               17.E-03            -2.83314E-06
               18.E-03            -2.99974E-06
               19.E-03            -3.16634E-06
               20.E-03            -3.33292E-06
               21.E-03            -3.4995E-06 
               22.E-03            -3.66606E-06
               23.E-03            -3.83262E-06
               24.E-03            -3.99916E-06
               25.E-03            -4.16569E-06
               26.E-03            -4.33221E-06
               27.E-03            -4.49871E-06
               28.E-03            -4.6652E-06 
               29.E-03            -4.83168E-06
               30.E-03            -4.99814E-06
               31.E-03            -5.16459E-06
               32.E-03            -5.33103E-06
               33.E-03            -5.49744E-06
               34.E-03            -5.66385E-06
               35.E-03            -5.83023E-06
               36.E-03            -5.9966E-06 
               37.E-03            -6.16295E-06
               38.E-03            -6.32928E-06
               39.E-03            -6.49559E-06
               40.E-03            -6.66189E-06
               41.E-03            -6.82816E-06
               42.E-03            -6.99442E-06
               43.E-03            -7.16065E-06
               44.E-03            -7.32686E-06
               45.E-03            -7.49305E-06
               46.E-03            -7.65922E-06
               47.E-03            -7.82537E-06
               48.E-03            -7.99149E-06
               49.E-03            -8.15759E-06
               50.E-03            -8.32367E-06
               51.E-03            -8.48972E-06
               52.E-03            -8.65575E-06
               53.E-03            -8.82175E-06
               54.E-03            -8.98773E-06
               55.E-03            -9.15368E-06
               56.E-03            -9.3196E-06 
               57.E-03            -9.48549E-06
               58.E-03            -9.65136E-06
               59.E-03            -9.8172E-06 
               60.E-03            -9.98301E-06
               61.E-03           -10.1488E-06 
               62.E-03           -10.3145E-06 
               63.E-03           -10.4803E-06 
               64.E-03           -10.646E-06  
               65.E-03           -10.8116E-06 
               66.E-03           -10.9773E-06 
               67.E-03           -11.1428E-06 
               68.E-03           -11.3084E-06 
               69.E-03           -11.4739E-06 
               70.E-03           -11.6394E-06 
               71.E-03           -11.8049E-06 
               72.E-03           -11.9703E-06 
               73.E-03           -12.1357E-06 
               74.E-03           -12.3011E-06 
               75.E-03           -12.4664E-06 
               76.E-03           -12.6317E-06 
               77.E-03           -12.797E-06  
               78.E-03           -12.9622E-06 
               79.E-03           -13.1274E-06 
               80.E-03           -13.2925E-06 
               81.E-03           -13.4576E-06 
               82.E-03           -13.6227E-06 
               83.E-03           -13.7877E-06 
               84.E-03           -13.9527E-06 
               85.E-03           -14.1176E-06 
               86.E-03           -14.2825E-06 
               87.E-03           -14.4474E-06 
               88.E-03           -14.6122E-06 
               89.E-03           -14.777E-06  
               90.E-03           -14.9417E-06 
               91.E-03           -15.1064E-06 
               92.E-03           -15.2711E-06 
               93.E-03           -15.4357E-06 
               94.E-03           -15.6002E-06 
               95.E-03           -15.7647E-06 
               96.E-03           -15.9292E-06 
               97.E-03           -16.0936E-06 
               98.E-03           -16.258E-06  
               99.E-03           -16.4223E-06 
              100.E-03           -16.5866E-06 
              101.E-03           -16.7509E-06 
              102.E-03           -16.9151E-06 
              103.E-03           -17.0792E-06 
              104.E-03           -17.2433E-06 
              105.E-03           -17.4073E-06 
              106.E-03           -17.5713E-06 
              107.E-03           -17.7353E-06 
              108.E-03           -17.8992E-06 
              109.E-03           -18.063E-06  
              110.E-03           -18.2268E-06 
              111.E-03           -18.3905E-06 
              112.E-03           -18.5542E-06 
              113.E-03           -18.7178E-06 
              114.E-03           -18.8814E-06 
              115.E-03           -19.045E-06  
              116.E-03           -19.2084E-06 
              117.E-03           -19.3718E-06 
              118.E-03           -19.5352E-06 
              119.E-03           -19.6985E-06 
              120.E-03           -19.8618E-06 
              121.E-03           -20.025E-06  
              122.E-03           -20.1881E-06 
              123.E-03           -20.3512E-06 
              124.E-03           -20.5142E-06 
              125.E-03           -20.6772E-06 
              126.E-03           -20.8401E-06 
              127.E-03           -21.0029E-06 
              128.E-03           -21.1657E-06 
              129.E-03           -21.3284E-06 
              130.E-03           -21.4911E-06 
              131.E-03           -21.6537E-06 
              132.E-03           -21.8162E-06 
              133.E-03           -21.9787E-06 
              134.E-03           -22.1411E-06 
              135.E-03           -22.3035E-06 
              136.E-03           -22.4658E-06 
              137.E-03           -22.628E-06  
              138.E-03           -22.7902E-06 
              139.E-03           -22.9523E-06 
              140.E-03           -23.1143E-06 
              141.E-03           -23.2763E-06 
              142.E-03           -23.4382E-06 
              143.E-03           -23.6001E-06 
              144.E-03           -23.7618E-06 
              145.E-03           -23.9235E-06 
              146.E-03           -24.0852E-06 
              147.E-03           -24.2468E-06 
              148.E-03           -24.4083E-06 
              149.E-03           -24.5697E-06 
              150.E-03           -24.7311E-06 
              151.E-03           -24.8924E-06 
              152.E-03           -25.0536E-06 
              153.E-03           -25.2148E-06 
              154.E-03           -25.3758E-06 
              155.E-03           -25.5369E-06 
              156.E-03           -25.6978E-06 
              157.E-03           -25.8587E-06 
              158.E-03           -26.0195E-06 
              159.E-03           -26.1802E-06 
              160.E-03           -26.3409E-06 
              161.E-03           -26.5014E-06 
              162.E-03           -26.662E-06  
              163.E-03           -26.8224E-06 
              164.E-03           -26.9827E-06 
              165.E-03           -27.143E-06  
              166.E-03           -27.3032E-06 
              167.E-03           -27.4634E-06 
              168.E-03           -27.6234E-06 
              169.E-03           -27.7834E-06 
              170.E-03           -27.9433E-06 
              171.E-03           -28.1031E-06 
              172.E-03           -28.2629E-06 
              173.E-03           -28.4225E-06 
              174.E-03           -28.5821E-06 
              175.E-03           -28.7416E-06 
              176.E-03           -28.9011E-06 
              177.E-03           -29.0604E-06 
              178.E-03           -29.2197E-06 
              179.E-03           -29.3789E-06 
              180.E-03           -29.538E-06  
              181.E-03           -29.697E-06  
              182.E-03           -29.8559E-06 
              183.E-03           -30.0148E-06 
              184.E-03           -30.1736E-06 
              185.E-03           -30.3322E-06 
              186.E-03           -30.4908E-06 
              187.E-03           -30.6494E-06 
              188.E-03           -30.8078E-06 
              189.E-03           -30.9662E-06 
              190.E-03           -31.1244E-06 
              191.E-03           -31.2826E-06 
              192.E-03           -31.4407E-06 
              193.E-03           -31.5987E-06 
              194.E-03           -31.7566E-06 
              195.E-03           -31.9145E-06 
              196.E-03           -32.0722E-06 
              197.E-03           -32.2299E-06 
              198.E-03           -32.3874E-06 
              199.E-03           -32.5449E-06 
              200.E-03           -32.7023E-06 
              201.E-03           -32.8596E-06 
              202.E-03           -33.0168E-06 
              203.E-03           -33.1739E-06 
              204.E-03           -33.3309E-06 
              205.E-03           -33.4879E-06 
              206.E-03           -33.6447E-06 
              207.E-03           -33.8015E-06 
              208.E-03           -33.9581E-06 
              209.E-03           -34.1147E-06 
              210.E-03           -34.2712E-06 
              211.E-03           -34.4275E-06 
              212.E-03           -34.5838E-06 
              213.E-03           -34.74E-06   
              214.E-03           -34.8961E-06 
              215.E-03           -35.0521E-06 
              216.E-03           -35.208E-06  
              217.E-03           -35.3638E-06 
              218.E-03           -35.5195E-06 
              219.E-03           -35.6751E-06 
              220.E-03           -35.8306E-06 
              221.E-03           -35.986E-06  
              222.E-03           -36.1414E-06 
              223.E-03           -36.2966E-06 
              224.E-03           -36.4517E-06 
              225.E-03           -36.6067E-06 
              226.E-03           -36.7616E-06 
              227.E-03           -36.9165E-06 
              228.E-03           -37.0712E-06 
              229.E-03           -37.2258E-06 
              230.E-03           -37.3803E-06 
              231.E-03           -37.5347E-06 
              232.E-03           -37.689E-06  
              233.E-03           -37.8432E-06 
              234.E-03           -37.9974E-06 
              235.E-03           -38.1514E-06 
              236.E-03           -38.3053E-06 
              237.E-03           -38.4591E-06 
              238.E-03           -38.6127E-06 
              239.E-03           -38.7663E-06 
              240.E-03           -38.9198E-06 
              241.E-03           -39.0732E-06 
              242.E-03           -39.2265E-06 
              243.E-03           -39.3796E-06 
              244.E-03           -39.5327E-06 
              245.E-03           -39.6856E-06 
              246.E-03           -39.8385E-06 
              247.E-03           -39.9912E-06 
              248.E-03           -40.1438E-06 
              249.E-03           -40.2963E-06 
              250.E-03           -40.4487E-06 
              251.E-03           -40.601E-06  
              252.E-03           -40.7532E-06 
              253.E-03           -40.9053E-06 
              254.E-03           -41.0573E-06 
              255.E-03           -41.2091E-06 
              256.E-03           -41.3609E-06 
              257.E-03           -41.5125E-06 
              258.E-03           -41.664E-06  
              259.E-03           -41.8155E-06 
              260.E-03           -41.9668E-06 
              261.E-03           -42.1179E-06 
              262.E-03           -42.269E-06  
              263.E-03           -42.42E-06   
              264.E-03           -42.5708E-06 
              265.E-03           -42.7215E-06 
              266.E-03           -42.8721E-06 
              267.E-03           -43.0226E-06 
              268.E-03           -43.173E-06  
              269.E-03           -43.3233E-06 
              270.E-03           -43.4734E-06 
              271.E-03           -43.6235E-06 
              272.E-03           -43.7734E-06 
              273.E-03           -43.9232E-06 
              274.E-03           -44.0729E-06 
              275.E-03           -44.2224E-06 
              276.E-03           -44.3719E-06 
              277.E-03           -44.5212E-06 
              278.E-03           -44.6704E-06 
              279.E-03           -44.8195E-06 
              280.E-03           -44.9685E-06 
              281.E-03           -45.1173E-06 
              282.E-03           -45.266E-06  
              283.E-03           -45.4146E-06 
              284.E-03           -45.5631E-06 
              285.E-03           -45.7115E-06 
              286.E-03           -45.8597E-06 
              287.E-03           -46.0078E-06 
              288.E-03           -46.1558E-06 
              289.E-03           -46.3037E-06 
              290.E-03           -46.4514E-06 
              291.E-03           -46.599E-06  
              292.E-03           -46.7465E-06 
              293.E-03           -46.8939E-06 
              294.E-03           -47.0412E-06 
              295.E-03           -47.1883E-06 
              296.E-03           -47.3353E-06 
              297.E-03           -47.4822E-06 
              298.E-03           -47.6289E-06 
              299.E-03           -47.7755E-06 
              300.E-03           -47.922E-06  
              301.E-03           -48.0684E-06 
              302.E-03           -48.2146E-06 
              303.E-03           -48.3607E-06 
              304.E-03           -48.5067E-06 
              305.E-03           -48.6525E-06 
              306.E-03           -48.7982E-06 
              307.E-03           -48.9438E-06 
              308.E-03           -49.0893E-06 
              309.E-03           -49.2346E-06 
              310.E-03           -49.3798E-06 
              311.E-03           -49.5249E-06 
              312.E-03           -49.6698E-06 
              313.E-03           -49.8146E-06 
              314.E-03           -49.9593E-06 
              315.E-03           -50.1038E-06 
              316.E-03           -50.2482E-06 
              317.E-03           -50.3925E-06 
              318.E-03           -50.5367E-06 
              319.E-03           -50.6807E-06 
              320.E-03           -50.8245E-06 
              321.E-03           -50.9683E-06 
              322.E-03           -51.1119E-06 
              323.E-03           -51.2554E-06 
              324.E-03           -51.3987E-06 
              325.E-03           -51.5419E-06 
              326.E-03           -51.6849E-06 
              327.E-03           -51.8279E-06 
              328.E-03           -51.9707E-06 
              329.E-03           -52.1133E-06 
              330.E-03           -52.2558E-06 
              331.E-03           -52.3982E-06 
              332.E-03           -52.5404E-06 
              333.E-03           -52.6825E-06 
              334.E-03           -52.8245E-06 
              335.E-03           -52.9663E-06 
              336.E-03           -53.108E-06  
              337.E-03           -53.2495E-06 
              338.E-03           -53.3909E-06 
              339.E-03           -53.5322E-06 
              340.E-03           -53.6733E-06 
              341.E-03           -53.8143E-06 
              342.E-03           -53.9552E-06 
              343.E-03           -54.0958E-06 
              344.E-03           -54.2364E-06 
              345.E-03           -54.3768E-06 
              346.E-03           -54.5171E-06 
              347.E-03           -54.6572E-06 
              348.E-03           -54.7972E-06 
              349.E-03           -54.937E-06  
              350.E-03           -55.0767E-06 
              351.E-03           -55.2163E-06 
              352.E-03           -55.3557E-06 
              353.E-03           -55.4949E-06 
              354.E-03           -55.6341E-06 
              355.E-03           -55.773E-06  
              356.E-03           -55.9119E-06 
              357.E-03           -56.0505E-06 
              358.E-03           -56.1891E-06 
              359.E-03           -56.3274E-06 
              360.E-03           -56.4657E-06 
              361.E-03           -56.6038E-06 
              362.E-03           -56.7417E-06 
              363.E-03           -56.8795E-06 
              364.E-03           -57.0171E-06 
              365.E-03           -57.1546E-06 
              366.E-03           -57.292E-06  
              367.E-03           -57.4292E-06 
              368.E-03           -57.5662E-06 
              369.E-03           -57.7031E-06 
              370.E-03           -57.8399E-06 
              371.E-03           -57.9765E-06 
              372.E-03           -58.1129E-06 
              373.E-03           -58.2492E-06 
              374.E-03           -58.3853E-06 
              375.E-03           -58.5213E-06 
              376.E-03           -58.6572E-06 
              377.E-03           -58.7929E-06 
              378.E-03           -58.9284E-06 
              379.E-03           -59.0638E-06 
              380.E-03           -59.199E-06  
              381.E-03           -59.3341E-06 
              382.E-03           -59.469E-06  
              383.E-03           -59.6037E-06 
              384.E-03           -59.7383E-06 
              385.E-03           -59.8728E-06 
              386.E-03           -60.0071E-06 
              387.E-03           -60.1412E-06 
              388.E-03           -60.2752E-06 
              389.E-03           -60.409E-06  
              390.E-03           -60.5427E-06 
              391.E-03           -60.6762E-06 
              392.E-03           -60.8096E-06 
              393.E-03           -60.9428E-06 
              394.E-03           -61.0758E-06 
              395.E-03           -61.2087E-06 
              396.E-03           -61.3414E-06 
              397.E-03           -61.474E-06  
              398.E-03           -61.6064E-06 
              399.E-03           -61.7387E-06 
              400.E-03           -61.8707E-06 
              401.E-03           -62.0027E-06 
              402.E-03           -62.1344E-06 
              403.E-03           -62.266E-06  
              404.E-03           -62.3975E-06 
              405.E-03           -62.5288E-06 
              406.E-03           -62.6599E-06 
              407.E-03           -62.7909E-06 
              408.E-03           -62.9216E-06 
              409.E-03           -63.0523E-06 
              410.E-03           -63.1828E-06 
              411.E-03           -63.3131E-06 
              412.E-03           -63.4432E-06 
              413.E-03           -63.5732E-06 
              414.E-03           -63.703E-06  
              415.E-03           -63.8327E-06 
              416.E-03           -63.9622E-06 
              417.E-03           -64.0915E-06 
              418.E-03           -64.2207E-06 
              419.E-03           -64.3497E-06 
              420.E-03           -64.4785E-06 
              421.E-03           -64.6072E-06 
              422.E-03           -64.7357E-06 
              423.E-03           -64.864E-06  
              424.E-03           -64.9922E-06 
              425.E-03           -65.1202E-06 
              426.E-03           -65.248E-06  
              427.E-03           -65.3756E-06 
              428.E-03           -65.5032E-06 
              429.E-03           -65.6305E-06 
              430.E-03           -65.7576E-06 
              431.E-03           -65.8846E-06 
              432.E-03           -66.0114E-06 
              433.E-03           -66.1381E-06 
              434.E-03           -66.2646E-06 
              435.E-03           -66.3909E-06 
              436.E-03           -66.517E-06  
              437.E-03           -66.643E-06  
              438.E-03           -66.7688E-06 
              439.E-03           -66.8944E-06 
              440.E-03           -67.0199E-06 
              441.E-03           -67.1452E-06 
              442.E-03           -67.2703E-06 
              443.E-03           -67.3952E-06 
              444.E-03           -67.52E-06   
              445.E-03           -67.6446E-06 
              446.E-03           -67.769E-06  
              447.E-03           -67.8933E-06 
              448.E-03           -68.0174E-06 
              449.E-03           -68.1413E-06 
              450.E-03           -68.265E-06  
              451.E-03           -68.3885E-06 
              452.E-03           -68.5119E-06 
              453.E-03           -68.6351E-06 
              454.E-03           -68.7582E-06 
              455.E-03           -68.881E-06  
              456.E-03           -69.0037E-06 
              457.E-03           -69.1262E-06 
              458.E-03           -69.2485E-06 
              459.E-03           -69.3707E-06 
              460.E-03           -69.4926E-06 
              461.E-03           -69.6144E-06 
              462.E-03           -69.7361E-06 
              463.E-03           -69.8575E-06 
              464.E-03           -69.9788E-06 
              465.E-03           -70.0999E-06 
              466.E-03           -70.2208E-06 
              467.E-03           -70.3415E-06 
              468.E-03           -70.462E-06  
              469.E-03           -70.5824E-06 
              470.E-03           -70.7026E-06 
              471.E-03           -70.8226E-06 
              472.E-03           -70.9424E-06 
              473.E-03           -71.0621E-06 
              474.E-03           -71.1815E-06 
              475.E-03           -71.3008E-06 
              476.E-03           -71.4199E-06 
              477.E-03           -71.5389E-06 
              478.E-03           -71.6576E-06 
              479.E-03           -71.7762E-06 
              480.E-03           -71.8946E-06 
              481.E-03           -72.0128E-06 
              482.E-03           -72.1308E-06 
              483.E-03           -72.2486E-06 
              484.E-03           -72.3663E-06 
              485.E-03           -72.4837E-06 
              486.E-03           -72.601E-06  
              487.E-03           -72.7181E-06 
              488.E-03           -72.835E-06  
              489.E-03           -72.9518E-06 
              490.E-03           -73.0683E-06 
              491.E-03           -73.1847E-06 
              492.E-03           -73.3008E-06 
              493.E-03           -73.4168E-06 
              494.E-03           -73.5326E-06 
              495.E-03           -73.6482E-06 
              496.E-03           -73.7637E-06 
              497.E-03           -73.8789E-06 
              498.E-03           -73.994E-06  
              499.E-03           -74.1088E-06 
              500.E-03           -74.2235E-06 
              501.E-03           -74.338E-06  
              502.E-03           -74.4523E-06 
              503.E-03           -74.5665E-06 
              504.E-03           -74.6804E-06 
              505.E-03           -74.7941E-06 
              506.E-03           -74.9077E-06 
              507.E-03           -75.021E-06  
              508.E-03           -75.1342E-06 
              509.E-03           -75.2472E-06 
              510.E-03           -75.36E-06   
              511.E-03           -75.4726E-06 
              512.E-03           -75.585E-06  
              513.E-03           -75.6973E-06 
              514.E-03           -75.8093E-06 
              515.E-03           -75.9211E-06 
              516.E-03           -76.0328E-06 
              517.E-03           -76.1442E-06 
              518.E-03           -76.2555E-06 
              519.E-03           -76.3666E-06 
              520.E-03           -76.4775E-06 
              521.E-03           -76.5882E-06 
              522.E-03           -76.6987E-06 
              523.E-03           -76.809E-06  
              524.E-03           -76.9191E-06 
              525.E-03           -77.029E-06  
              526.E-03           -77.1388E-06 
              527.E-03           -77.2483E-06 
              528.E-03           -77.3576E-06 
              529.E-03           -77.4668E-06 
              530.E-03           -77.5757E-06 
              531.E-03           -77.6845E-06 
              532.E-03           -77.793E-06  
              533.E-03           -77.9014E-06 
              534.E-03           -78.0096E-06 
              535.E-03           -78.1176E-06 
              536.E-03           -78.2253E-06 
              537.E-03           -78.3329E-06 
              538.E-03           -78.4403E-06 
              539.E-03           -78.5475E-06 
              540.E-03           -78.6545E-06 
              541.E-03           -78.7613E-06 
              542.E-03           -78.8679E-06 
              543.E-03           -78.9743E-06 
              544.E-03           -79.0805E-06 
              545.E-03           -79.1865E-06 
              546.E-03           -79.2923E-06 
              547.E-03           -79.3979E-06 
              548.E-03           -79.5033E-06 
              549.E-03           -79.6085E-06 
              550.E-03           -79.7135E-06 
              551.E-03           -79.8183E-06 
              552.E-03           -79.923E-06  
              553.E-03           -80.0274E-06 
              554.E-03           -80.1316E-06 
              555.E-03           -80.2356E-06 
              556.E-03           -80.3394E-06 
              557.E-03           -80.443E-06  
              558.E-03           -80.5464E-06 
              559.E-03           -80.6496E-06 
              560.E-03           -80.7527E-06 
              561.E-03           -80.8555E-06 
              562.E-03           -80.9581E-06 
              563.E-03           -81.0605E-06 
              564.E-03           -81.1627E-06 
              565.E-03           -81.2647E-06 
              566.E-03           -81.3664E-06 
              567.E-03           -81.468E-06  
              568.E-03           -81.5694E-06 
              569.E-03           -81.6706E-06 
              570.E-03           -81.7716E-06 
              571.E-03           -81.8724E-06 
              572.E-03           -81.973E-06  
              573.E-03           -82.0733E-06 
              574.E-03           -82.1735E-06 
              575.E-03           -82.2735E-06 
              576.E-03           -82.3732E-06 
              577.E-03           -82.4728E-06 
              578.E-03           -82.5721E-06 
              579.E-03           -82.6712E-06 
              580.E-03           -82.7702E-06 
              581.E-03           -82.8689E-06 
              582.E-03           -82.9674E-06 
              583.E-03           -83.0658E-06 
              584.E-03           -83.1638E-06 
              585.E-03           -83.2617E-06 
              586.E-03           -83.3595E-06 
              587.E-03           -83.4569E-06 
              588.E-03           -83.5542E-06 
              589.E-03           -83.6513E-06 
              590.E-03           -83.7482E-06 
              591.E-03           -83.8448E-06 
              592.E-03           -83.9413E-06 
              593.E-03           -84.0375E-06 
              594.E-03           -84.1335E-06 
              595.E-03           -84.2294E-06 
              596.E-03           -84.325E-06  
              597.E-03           -84.4204E-06 
              598.E-03           -84.5156E-06 
              599.E-03           -84.6106E-06 
              600.E-03           -84.7053E-06 
              601.E-03           -84.7999E-06 
              602.E-03           -84.8943E-06 
              603.E-03           -84.9884E-06 
              604.E-03           -85.0823E-06 
              605.E-03           -85.1761E-06 
              606.E-03           -85.2696E-06 
              607.E-03           -85.3629E-06 
              608.E-03           -85.456E-06  
              609.E-03           -85.5489E-06 
              610.E-03           -85.6415E-06 
              611.E-03           -85.734E-06  
              612.E-03           -85.8262E-06 
              613.E-03           -85.9183E-06 
              614.E-03           -86.0101E-06 
              615.E-03           -86.1017E-06 
              616.E-03           -86.1931E-06 
              617.E-03           -86.2842E-06 
              618.E-03           -86.3752E-06 
              619.E-03           -86.466E-06  
              620.E-03           -86.5565E-06 
              621.E-03           -86.6468E-06 
              622.E-03           -86.7369E-06 
              623.E-03           -86.8268E-06 
              624.E-03           -86.9165E-06 
              625.E-03           -87.006E-06  
              626.E-03           -87.0952E-06 
              627.E-03           -87.1843E-06 
              628.E-03           -87.2731E-06 
              629.E-03           -87.3617E-06 
              630.E-03           -87.4501E-06 
              631.E-03           -87.5383E-06 
              632.E-03           -87.6262E-06 
              633.E-03           -87.714E-06  
              634.E-03           -87.8015E-06 
              635.E-03           -87.8888E-06 
              636.E-03           -87.9759E-06 
              637.E-03           -88.0628E-06 
              638.E-03           -88.1495E-06 
              639.E-03           -88.2359E-06 
              640.E-03           -88.3221E-06 
              641.E-03           -88.4081E-06 
              642.E-03           -88.4939E-06 
              643.E-03           -88.5795E-06 
              644.E-03           -88.6648E-06 
              645.E-03           -88.75E-06   
              646.E-03           -88.8349E-06 
              647.E-03           -88.9196E-06 
              648.E-03           -89.0041E-06 
              649.E-03           -89.0883E-06 
              650.E-03           -89.1724E-06 
              651.E-03           -89.2562E-06 
              652.E-03           -89.3398E-06 
              653.E-03           -89.4232E-06 
              654.E-03           -89.5063E-06 
              655.E-03           -89.5893E-06 
              656.E-03           -89.672E-06  
              657.E-03           -89.7545E-06 
              658.E-03           -89.8368E-06 
              659.E-03           -89.9189E-06 
              660.E-03           -90.0007E-06 
              661.E-03           -90.0823E-06 
              662.E-03           -90.1637E-06 
              663.E-03           -90.2449E-06 
              664.E-03           -90.3258E-06 
              665.E-03           -90.4066E-06 
              666.E-03           -90.4871E-06 
              667.E-03           -90.5674E-06 
              668.E-03           -90.6474E-06 
              669.E-03           -90.7273E-06 
              670.E-03           -90.8069E-06 
              671.E-03           -90.8863E-06 
              672.E-03           -90.9655E-06 
              673.E-03           -91.0444E-06 
              674.E-03           -91.1232E-06 
              675.E-03           -91.2017E-06 
              676.E-03           -91.2799E-06 
              677.E-03           -91.358E-06  
              678.E-03           -91.4358E-06 
              679.E-03           -91.5135E-06 
              680.E-03           -91.5908E-06 
              681.E-03           -91.668E-06  
              682.E-03           -91.7449E-06 
              683.E-03           -91.8216E-06 
              684.E-03           -91.8981E-06 
              685.E-03           -91.9744E-06 
              686.E-03           -92.0504E-06 
              687.E-03           -92.1262E-06 
              688.E-03           -92.2018E-06 
              689.E-03           -92.2772E-06 
              690.E-03           -92.3523E-06 
              691.E-03           -92.4272E-06 
              692.E-03           -92.5019E-06 
              693.E-03           -92.5764E-06 
              694.E-03           -92.6506E-06 
              695.E-03           -92.7246E-06 
              696.E-03           -92.7984E-06 
              697.E-03           -92.8719E-06 
              698.E-03           -92.9452E-06 
              699.E-03           -93.0183E-06 
              700.E-03           -93.0912E-06 
              701.E-03           -93.1638E-06 
              702.E-03           -93.2363E-06 
              703.E-03           -93.3084E-06 
              704.E-03           -93.3804E-06 
              705.E-03           -93.4521E-06 
              706.E-03           -93.5236E-06 
              707.E-03           -93.5949E-06 
              708.E-03           -93.6659E-06 
              709.E-03           -93.7368E-06 
              710.E-03           -93.8073E-06 
              711.E-03           -93.8777E-06 
              712.E-03           -93.9478E-06 
              713.E-03           -94.0177E-06 
              714.E-03           -94.0874E-06 
              715.E-03           -94.1568E-06 
              716.E-03           -94.226E-06  
              717.E-03           -94.295E-06  
              718.E-03           -94.3638E-06 
              719.E-03           -94.4323E-06 
              720.E-03           -94.5006E-06 
              721.E-03           -94.5686E-06 
              722.E-03           -94.6365E-06 
              723.E-03           -94.7041E-06 
              724.E-03           -94.7714E-06 
              725.E-03           -94.8386E-06 
              726.E-03           -94.9055E-06 
              727.E-03           -94.9721E-06 
              728.E-03           -95.0386E-06 
              729.E-03           -95.1048E-06 
              730.E-03           -95.1708E-06 
              731.E-03           -95.2365E-06 
              732.E-03           -95.302E-06  
              733.E-03           -95.3673E-06 
              734.E-03           -95.4324E-06 
              735.E-03           -95.4972E-06 
              736.E-03           -95.5618E-06 
              737.E-03           -95.6261E-06 
              738.E-03           -95.6902E-06 
              739.E-03           -95.7541E-06 
              740.E-03           -95.8178E-06 
              741.E-03           -95.8812E-06 
              742.E-03           -95.9444E-06 
              743.E-03           -96.0074E-06 
              744.E-03           -96.0701E-06 
              745.E-03           -96.1326E-06 
              746.E-03           -96.1948E-06 
              747.E-03           -96.2569E-06 
              748.E-03           -96.3186E-06 
              749.E-03           -96.3802E-06 
              750.E-03           -96.4415E-06 
              751.E-03           -96.5026E-06 
              752.E-03           -96.5634E-06 
              753.E-03           -96.6241E-06 
              754.E-03           -96.6844E-06 
              755.E-03           -96.7446E-06 
              756.E-03           -96.8045E-06 
              757.E-03           -96.8642E-06 
              758.E-03           -96.9236E-06 
              759.E-03           -96.9828E-06 
              760.E-03           -97.0418E-06 
              761.E-03           -97.1005E-06 
              762.E-03           -97.159E-06  
              763.E-03           -97.2173E-06 
              764.E-03           -97.2753E-06 
              765.E-03           -97.3331E-06 
              766.E-03           -97.3906E-06 
              767.E-03           -97.448E-06  
              768.E-03           -97.505E-06  
              769.E-03           -97.5619E-06 
              770.E-03           -97.6185E-06 
              771.E-03           -97.6749E-06 
              772.E-03           -97.731E-06  
              773.E-03           -97.7869E-06 
              774.E-03           -97.8425E-06 
              775.E-03           -97.898E-06  
              776.E-03           -97.9532E-06 
              777.E-03           -98.0081E-06 
              778.E-03           -98.0628E-06 
              779.E-03           -98.1173E-06 
              780.E-03           -98.1715E-06 
              781.E-03           -98.2255E-06 
              782.E-03           -98.2793E-06 
              783.E-03           -98.3328E-06 
              784.E-03           -98.3861E-06 
              785.E-03           -98.4391E-06 
              786.E-03           -98.4919E-06 
              787.E-03           -98.5445E-06 
              788.E-03           -98.5968E-06 
              789.E-03           -98.6489E-06 
              790.E-03           -98.7008E-06 
              791.E-03           -98.7524E-06 
              792.E-03           -98.8037E-06 
              793.E-03           -98.8549E-06 
              794.E-03           -98.9058E-06 
              795.E-03           -98.9564E-06 
              796.E-03           -99.0068E-06 
              797.E-03           -99.057E-06  
              798.E-03           -99.1069E-06 
              799.E-03           -99.1566E-06 
              800.E-03           -99.2061E-06 
              801.E-03           -99.2553E-06 
              802.E-03           -99.3043E-06 
              803.E-03           -99.353E-06  
              804.E-03           -99.4015E-06 
              805.E-03           -99.4498E-06 
              806.E-03           -99.4978E-06 
              807.E-03           -99.5456E-06 
              808.E-03           -99.5931E-06 
              809.E-03           -99.6404E-06 
              810.E-03           -99.6874E-06 
              811.E-03           -99.7343E-06 
              812.E-03           -99.7808E-06 
              813.E-03           -99.8271E-06 
              814.E-03           -99.8732E-06 
              815.E-03           -99.9191E-06 
              816.E-03           -99.9647E-06 
              817.E-03          -100.01E-06   
              818.E-03          -100.055E-06  
              819.E-03          -100.1E-06    
              820.E-03          -100.145E-06  
              821.E-03          -100.189E-06  
              822.E-03          -100.233E-06  
              823.E-03          -100.277E-06  
              824.E-03          -100.321E-06  
              825.E-03          -100.364E-06  
              826.E-03          -100.407E-06  
              827.E-03          -100.45E-06   
              828.E-03          -100.493E-06  
              829.E-03          -100.536E-06  
              830.E-03          -100.578E-06  
              831.E-03          -100.62E-06   
              832.E-03          -100.661E-06  
              833.E-03          -100.703E-06  
              834.E-03          -100.744E-06  
              835.E-03          -100.785E-06  
              836.E-03          -100.826E-06  
              837.E-03          -100.866E-06  
              838.E-03          -100.907E-06  
              839.E-03          -100.947E-06  
              840.E-03          -100.987E-06  
              841.E-03          -101.026E-06  
              842.E-03          -101.065E-06  
              843.E-03          -101.104E-06  
              844.E-03          -101.143E-06  
              845.E-03          -101.182E-06  
              846.E-03          -101.22E-06   
              847.E-03          -101.258E-06  
              848.E-03          -101.296E-06  
              849.E-03          -101.334E-06  
              850.E-03          -101.371E-06  
              851.E-03          -101.408E-06  
              852.E-03          -101.445E-06  
              853.E-03          -101.481E-06  
              854.E-03          -101.518E-06  
              855.E-03          -101.554E-06  
              856.E-03          -101.59E-06   
              857.E-03          -101.625E-06  
              858.E-03          -101.661E-06  
              859.E-03          -101.696E-06  
              860.E-03          -101.731E-06  
              861.E-03          -101.766E-06  
              862.E-03          -101.8E-06    
              863.E-03          -101.834E-06  
              864.E-03          -101.868E-06  
              865.E-03          -101.902E-06  
              866.E-03          -101.935E-06  
              867.E-03          -101.968E-06  
              868.E-03          -102.001E-06  
              869.E-03          -102.034E-06  
              870.E-03          -102.066E-06  
              871.E-03          -102.099E-06  
              872.E-03          -102.131E-06  
              873.E-03          -102.162E-06  
              874.E-03          -102.194E-06  
              875.E-03          -102.225E-06  
              876.E-03          -102.256E-06  
              877.E-03          -102.287E-06  
              878.E-03          -102.317E-06  
              879.E-03          -102.347E-06  
              880.E-03          -102.377E-06  
              881.E-03          -102.407E-06  
              882.E-03          -102.436E-06  
              883.E-03          -102.466E-06  
              884.E-03          -102.495E-06  
              885.E-03          -102.523E-06  
              886.E-03          -102.552E-06  
              887.E-03          -102.58E-06   
              888.E-03          -102.608E-06  
              889.E-03          -102.636E-06  
              890.E-03          -102.663E-06  
              891.E-03          -102.691E-06  
              892.E-03          -102.718E-06  
              893.E-03          -102.745E-06  
              894.E-03          -102.771E-06  
              895.E-03          -102.797E-06  
              896.E-03          -102.823E-06  
              897.E-03          -102.849E-06  
              898.E-03          -102.875E-06  
              899.E-03          -102.9E-06    
              900.E-03          -102.925E-06  
              901.E-03          -102.95E-06   
              902.E-03          -102.974E-06  
              903.E-03          -102.999E-06  
              904.E-03          -103.023E-06  
              905.E-03          -103.047E-06  
              906.E-03          -103.07E-06   
              907.E-03          -103.093E-06  
              908.E-03          -103.116E-06  
              909.E-03          -103.139E-06  
              910.E-03          -103.162E-06  
              911.E-03          -103.184E-06  
              912.E-03          -103.206E-06  
              913.E-03          -103.228E-06  
              914.E-03          -103.25E-06   
              915.E-03          -103.271E-06  
              916.E-03          -103.292E-06  
              917.E-03          -103.313E-06  
              918.E-03          -103.333E-06  
              919.E-03          -103.354E-06  
              920.E-03          -103.374E-06  
              921.E-03          -103.394E-06  
              922.E-03          -103.413E-06  
              923.E-03          -103.433E-06  
              924.E-03          -103.452E-06  
              925.E-03          -103.471E-06  
              926.E-03          -103.489E-06  
              927.E-03          -103.507E-06  
              928.E-03          -103.526E-06  
              929.E-03          -103.543E-06  
              930.E-03          -103.561E-06  
              931.E-03          -103.578E-06  
              932.E-03          -103.595E-06  
              933.E-03          -103.612E-06  
              934.E-03          -103.629E-06  
              935.E-03          -103.645E-06  
              936.E-03          -103.661E-06  
              937.E-03          -103.677E-06  
              938.E-03          -103.693E-06  
              939.E-03          -103.708E-06  
              940.E-03          -103.723E-06  
              941.E-03          -103.738E-06  
              942.E-03          -103.753E-06  
              943.E-03          -103.767E-06  
              944.E-03          -103.781E-06  
              945.E-03          -103.795E-06  
              946.E-03          -103.809E-06  
              947.E-03          -103.822E-06  
              948.E-03          -103.835E-06  
              949.E-03          -103.848E-06  
              950.E-03          -103.861E-06  
              951.E-03          -103.873E-06  
              952.E-03          -103.885E-06  
              953.E-03          -103.897E-06  
              954.E-03          -103.909E-06  
              955.E-03          -103.92E-06   
              956.E-03          -103.931E-06  
              957.E-03          -103.942E-06  
              958.E-03          -103.953E-06  
              959.E-03          -103.963E-06  
              960.E-03          -103.973E-06  
              961.E-03          -103.983E-06  
              962.E-03          -103.993E-06  
              963.E-03          -104.002E-06  
              964.E-03          -104.011E-06  
              965.E-03          -104.02E-06   
              966.E-03          -104.029E-06  
              967.E-03          -104.037E-06  
              968.E-03          -104.045E-06  
              969.E-03          -104.053E-06  
              970.E-03          -104.061E-06  
              971.E-03          -104.068E-06  
              972.E-03          -104.075E-06  
              973.E-03          -104.082E-06  
              974.E-03          -104.089E-06  
              975.E-03          -104.095E-06  
              976.E-03          -104.101E-06  
              977.E-03          -104.107E-06  
              978.E-03          -104.113E-06  
              979.E-03          -104.118E-06  
              980.E-03          -104.123E-06  
              981.E-03          -104.128E-06  
              982.E-03          -104.133E-06  
              983.E-03          -104.137E-06  
              984.E-03          -104.141E-06  
              985.E-03          -104.145E-06  
              986.E-03          -104.149E-06  
              987.E-03          -104.152E-06  
              988.E-03          -104.155E-06  
              989.E-03          -104.158E-06  
              990.E-03          -104.161E-06  
              991.E-03          -104.163E-06  
              992.E-03          -104.165E-06  
              993.E-03          -104.167E-06  
              994.E-03          -104.169E-06  
              995.E-03          -104.17E-06   
              996.E-03          -104.171E-06  
              997.E-03          -104.172E-06  
              998.E-03          -104.173E-06  
              999.E-03          -104.173E-06  
                1.              -104.173E-06  
                1.001           -104.173E-06  
                1.002           -104.173E-06  
                1.003           -104.172E-06  
                1.004           -104.171E-06  
                1.005           -104.17E-06   
                1.006           -104.169E-06  
                1.007           -104.167E-06  
                1.008           -104.165E-06  
                1.009           -104.163E-06  
                1.01            -104.161E-06  
                1.011           -104.158E-06  
                1.012           -104.155E-06  
                1.013           -104.152E-06  
                1.014           -104.149E-06  
                1.015           -104.145E-06  
                1.016           -104.141E-06  
                1.017           -104.137E-06  
                1.018           -104.133E-06  
                1.019           -104.128E-06  
                1.02            -104.123E-06  
                1.021           -104.118E-06  
                1.022           -104.113E-06  
                1.023           -104.107E-06  
                1.024           -104.101E-06  
                1.025           -104.095E-06  
                1.026           -104.089E-06  
                1.027           -104.082E-06  
                1.028           -104.075E-06  
                1.029           -104.068E-06  
                1.03            -104.061E-06  
                1.031           -104.053E-06  
                1.032           -104.045E-06  
                1.033           -104.037E-06  
                1.034           -104.029E-06  
                1.035           -104.02E-06   
                1.036           -104.011E-06  
                1.037           -104.002E-06  
                1.038           -103.993E-06  
                1.039           -103.983E-06  
                1.04            -103.973E-06  
                1.041           -103.963E-06  
                1.042           -103.953E-06  
                1.043           -103.942E-06  
                1.044           -103.931E-06  
                1.045           -103.92E-06   
                1.046           -103.909E-06  
                1.047           -103.897E-06  
                1.048           -103.885E-06  
                1.049           -103.873E-06  
                1.05            -103.861E-06  
                1.051           -103.848E-06  
                1.052           -103.835E-06  
                1.053           -103.822E-06  
                1.054           -103.809E-06  
                1.055           -103.795E-06  
                1.056           -103.781E-06  
                1.057           -103.767E-06  
                1.058           -103.753E-06  
                1.059           -103.738E-06  
                1.06            -103.723E-06  
                1.061           -103.708E-06  
                1.062           -103.693E-06  
                1.063           -103.677E-06  
                1.064           -103.661E-06  
                1.065           -103.645E-06  
                1.066           -103.629E-06  
                1.067           -103.612E-06  
                1.068           -103.595E-06  
                1.069           -103.578E-06  
                1.07            -103.561E-06  
                1.071           -103.543E-06  
                1.072           -103.526E-06  
                1.073           -103.507E-06  
                1.074           -103.489E-06  
                1.075           -103.471E-06  
                1.076           -103.452E-06  
                1.077           -103.433E-06  
                1.078           -103.413E-06  
                1.079           -103.394E-06  
                1.08            -103.374E-06  
                1.081           -103.354E-06  
                1.082           -103.333E-06  
                1.083           -103.313E-06  
                1.084           -103.292E-06  
                1.085           -103.271E-06  
                1.086           -103.25E-06   
                1.087           -103.228E-06  
                1.088           -103.206E-06  
                1.089           -103.184E-06  
                1.09            -103.162E-06  
                1.091           -103.139E-06  
                1.092           -103.116E-06  
                1.093           -103.093E-06  
                1.094           -103.07E-06   
                1.095           -103.047E-06  
                1.096           -103.023E-06  
                1.097           -102.999E-06  
                1.098           -102.974E-06  
                1.099           -102.95E-06   
                1.1             -102.925E-06  
                1.101           -102.9E-06    
                1.102           -102.875E-06  
                1.103           -102.849E-06  
                1.104           -102.823E-06  
                1.105           -102.797E-06  
                1.106           -102.771E-06  
                1.107           -102.745E-06  
                1.108           -102.718E-06  
                1.109           -102.691E-06  
                1.11            -102.664E-06  
                1.111           -102.636E-06  
                1.112           -102.608E-06  
                1.113           -102.58E-06   
                1.114           -102.552E-06  
                1.115           -102.523E-06  
                1.116           -102.495E-06  
                1.117           -102.466E-06  
                1.118           -102.436E-06  
                1.119           -102.407E-06  
                1.12            -102.377E-06  
                1.121           -102.347E-06  
                1.122           -102.317E-06  
                1.123           -102.287E-06  
                1.124           -102.256E-06  
                1.125           -102.225E-06  
                1.126           -102.194E-06  
                1.127           -102.162E-06  
                1.128           -102.131E-06  
                1.129           -102.099E-06  
                1.13            -102.066E-06  
                1.131           -102.034E-06  
                1.132           -102.001E-06  
                1.133           -101.968E-06  
                1.134           -101.935E-06  
                1.135           -101.902E-06  
                1.136           -101.868E-06  
                1.137           -101.834E-06  
                1.138           -101.8E-06    
                1.139           -101.766E-06  
                1.14            -101.731E-06  
                1.141           -101.696E-06  
                1.142           -101.661E-06  
                1.143           -101.625E-06  
                1.144           -101.59E-06   
                1.145           -101.554E-06  
                1.146           -101.518E-06  
                1.147           -101.481E-06  
                1.148           -101.445E-06  
                1.149           -101.408E-06  
                1.15            -101.371E-06  
                1.151           -101.334E-06  
                1.152           -101.296E-06  
                1.153           -101.258E-06  
                1.154           -101.22E-06   
                1.155           -101.182E-06  
                1.156           -101.143E-06  
                1.157           -101.104E-06  
                1.158           -101.065E-06  
                1.159           -101.026E-06  
                1.16            -100.987E-06  
                1.161           -100.947E-06  
                1.162           -100.907E-06  
                1.163           -100.866E-06  
                1.164           -100.826E-06  
                1.165           -100.785E-06  
                1.166           -100.744E-06  
                1.167           -100.703E-06  
                1.168           -100.661E-06  
                1.169           -100.62E-06   
                1.17            -100.578E-06  
                1.171           -100.536E-06  
                1.172           -100.493E-06  
                1.173           -100.45E-06   
                1.174           -100.407E-06  
                1.175           -100.364E-06  
                1.176           -100.321E-06  
                1.177           -100.277E-06  
                1.178           -100.233E-06  
                1.179           -100.189E-06  
                1.18            -100.145E-06  
                1.181           -100.1E-06    
                1.182           -100.055E-06  
                1.183           -100.01E-06   
                1.184            -99.9647E-06 
                1.185            -99.9191E-06 
                1.186            -99.8732E-06 
                1.187            -99.8271E-06 
                1.188            -99.7808E-06 
                1.189            -99.7343E-06 
                1.19             -99.6874E-06 
                1.191            -99.6404E-06 
                1.192            -99.5931E-06 
                1.193            -99.5456E-06 
                1.194            -99.4978E-06 
                1.195            -99.4498E-06 
                1.196            -99.4015E-06 
                1.197            -99.353E-06  
                1.198            -99.3043E-06 
                1.199            -99.2553E-06 
                1.2              -99.2061E-06 
                1.201            -99.1566E-06 
                1.202            -99.1069E-06 
                1.203            -99.057E-06  
                1.204            -99.0068E-06 
                1.205            -98.9564E-06 
                1.206            -98.9058E-06 
                1.207            -98.8549E-06 
                1.208            -98.8037E-06 
                1.209            -98.7524E-06 
                1.21             -98.7008E-06 
                1.211            -98.6489E-06 
                1.212            -98.5968E-06 
                1.213            -98.5445E-06 
                1.214            -98.4919E-06 
                1.215            -98.4391E-06 
                1.216            -98.3861E-06 
                1.217            -98.3328E-06 
                1.218            -98.2793E-06 
                1.219            -98.2255E-06 
                1.22             -98.1715E-06 
                1.221            -98.1173E-06 
                1.222            -98.0628E-06 
                1.223            -98.0081E-06 
                1.224            -97.9532E-06 
                1.225            -97.898E-06  
                1.226            -97.8426E-06 
                1.227            -97.7869E-06 
                1.228            -97.731E-06  
                1.229            -97.6749E-06 
                1.23             -97.6185E-06 
                1.231            -97.5619E-06 
                1.232            -97.505E-06  
                1.233            -97.448E-06  
                1.234            -97.3906E-06 
                1.235            -97.3331E-06 
                1.236            -97.2753E-06 
                1.237            -97.2173E-06 
                1.238            -97.159E-06  
                1.239            -97.1005E-06 
                1.24             -97.0418E-06 
                1.241            -96.9828E-06 
                1.242            -96.9236E-06 
                1.243            -96.8642E-06 
                1.244            -96.8045E-06 
                1.245            -96.7446E-06 
                1.246            -96.6844E-06 
                1.247            -96.6241E-06 
                1.248            -96.5634E-06 
                1.249            -96.5026E-06 
                1.25             -96.4415E-06 
                1.251            -96.3802E-06 
                1.252            -96.3186E-06 
                1.253            -96.2569E-06 
                1.254            -96.1948E-06 
                1.255            -96.1326E-06 
                1.256            -96.0701E-06 
                1.257            -96.0074E-06 
                1.258            -95.9444E-06 
                1.259            -95.8812E-06 
                1.26             -95.8178E-06 
                1.261            -95.7541E-06 
                1.262            -95.6903E-06 
                1.263            -95.6261E-06 
                1.264            -95.5618E-06 
                1.265            -95.4972E-06 
                1.266            -95.4324E-06 
                1.267            -95.3673E-06 
                1.268            -95.302E-06  
                1.269            -95.2365E-06 
                1.27             -95.1708E-06 
                1.271            -95.1048E-06 
                1.272            -95.0386E-06 
                1.273            -94.9721E-06 
                1.274            -94.9055E-06 
                1.275            -94.8386E-06 
                1.276            -94.7714E-06 
                1.277            -94.7041E-06 
                1.278            -94.6365E-06 
                1.279            -94.5686E-06 
                1.28             -94.5006E-06 
                1.281            -94.4323E-06 
                1.282            -94.3638E-06 
                1.283            -94.295E-06  
                1.284            -94.226E-06  
                1.285            -94.1568E-06 
                1.286            -94.0874E-06 
                1.287            -94.0177E-06 
                1.288            -93.9478E-06 
                1.289            -93.8777E-06 
                1.29             -93.8073E-06 
                1.291            -93.7368E-06 
                1.292            -93.6659E-06 
                1.293            -93.5949E-06 
                1.294            -93.5236E-06 
                1.295            -93.4521E-06 
                1.296            -93.3804E-06 
                1.297            -93.3084E-06 
                1.298            -93.2363E-06 
                1.299            -93.1638E-06 
                1.3              -93.0912E-06 
                1.301            -93.0183E-06 
                1.302            -92.9452E-06 
                1.303            -92.8719E-06 
                1.304            -92.7984E-06 
                1.305            -92.7246E-06 
                1.306            -92.6506E-06 
                1.307            -92.5764E-06 
                1.308            -92.5019E-06 
                1.309            -92.4272E-06 
                1.31             -92.3523E-06 
                1.311            -92.2772E-06 
                1.312            -92.2018E-06 
                1.313            -92.1262E-06 
                1.314            -92.0504E-06 
                1.315            -91.9744E-06 
                1.316            -91.8981E-06 
                1.317            -91.8216E-06 
                1.318            -91.7449E-06 
                1.319            -91.668E-06  
                1.32             -91.5908E-06 
                1.321            -91.5135E-06 
                1.322            -91.4358E-06 
                1.323            -91.358E-06  
                1.324            -91.2799E-06 
                1.325            -91.2017E-06 
                1.326            -91.1232E-06 
                1.327            -91.0444E-06 
                1.328            -90.9655E-06 
                1.329            -90.8863E-06 
                1.33             -90.8069E-06 
                1.331            -90.7273E-06 
                1.332            -90.6474E-06 
                1.333            -90.5674E-06 
                1.334            -90.4871E-06 
                1.335            -90.4066E-06 
                1.336            -90.3258E-06 
                1.337            -90.2449E-06 
                1.338            -90.1637E-06 
                1.339            -90.0823E-06 
                1.34             -90.0007E-06 
                1.341            -89.9189E-06 
                1.342            -89.8368E-06 
                1.343            -89.7545E-06 
                1.344            -89.672E-06  
                1.345            -89.5893E-06 
                1.346            -89.5063E-06 
                1.347            -89.4232E-06 
                1.348            -89.3398E-06 
                1.349            -89.2562E-06 
                1.35             -89.1724E-06 
                1.351            -89.0883E-06 
                1.352            -89.0041E-06 
                1.353            -88.9196E-06 
                1.354            -88.8349E-06 
                1.355            -88.75E-06   
                1.356            -88.6649E-06 
                1.357            -88.5795E-06 
                1.358            -88.4939E-06 
                1.359            -88.4081E-06 
                1.36             -88.3221E-06 
                1.361            -88.2359E-06 
                1.362            -88.1495E-06 
                1.363            -88.0628E-06 
                1.364            -87.9759E-06 
                1.365            -87.8888E-06 
                1.366            -87.8015E-06 
                1.367            -87.714E-06  
                1.368            -87.6262E-06 
                1.369            -87.5383E-06 
                1.37             -87.4501E-06 
                1.371            -87.3617E-06 
                1.372            -87.2731E-06 
                1.373            -87.1843E-06 
                1.374            -87.0953E-06 
                1.375            -87.006E-06  
                1.376            -86.9165E-06 
                1.377            -86.8268E-06 
                1.378            -86.7369E-06 
                1.379            -86.6469E-06 
                1.38             -86.5565E-06 
                1.381            -86.466E-06  
                1.382            -86.3752E-06 
                1.383            -86.2843E-06 
                1.384            -86.1931E-06 
                1.385            -86.1017E-06 
                1.386            -86.0101E-06 
                1.387            -85.9183E-06 
                1.388            -85.8262E-06 
                1.389            -85.734E-06  
                1.39             -85.6415E-06 
                1.391            -85.5489E-06 
                1.392            -85.456E-06  
                1.393            -85.3629E-06 
                1.394            -85.2696E-06 
                1.395            -85.1761E-06 
                1.396            -85.0824E-06 
                1.397            -84.9884E-06 
                1.398            -84.8943E-06 
                1.399            -84.7999E-06 
                1.4              -84.7053E-06 
                1.401            -84.6106E-06 
                1.402            -84.5156E-06 
                1.403            -84.4204E-06 
                1.404            -84.325E-06  
                1.405            -84.2294E-06 
                1.406            -84.1335E-06 
                1.407            -84.0375E-06 
                1.408            -83.9413E-06 
                1.409            -83.8448E-06 
                1.41             -83.7482E-06 
                1.411            -83.6513E-06 
                1.412            -83.5542E-06 
                1.413            -83.4569E-06 
                1.414            -83.3594E-06 
                1.415            -83.2618E-06 
                1.416            -83.1638E-06 
                1.417            -83.0657E-06 
                1.418            -82.9674E-06 
                1.419            -82.8689E-06 
                1.42             -82.7702E-06 
                1.421            -82.6712E-06 
                1.422            -82.5721E-06 
                1.423            -82.4728E-06 
                1.424            -82.3732E-06 
                1.425            -82.2735E-06 
                1.426            -82.1735E-06 
                1.427            -82.0733E-06 
                1.428            -81.973E-06  
                1.429            -81.8724E-06 
                1.43             -81.7716E-06 
                1.431            -81.6706E-06 
                1.432            -81.5694E-06 
                1.433            -81.4681E-06 
                1.434            -81.3664E-06 
                1.435            -81.2647E-06 
                1.436            -81.1627E-06 
                1.437            -81.0605E-06 
                1.438            -80.9581E-06 
                1.439            -80.8555E-06 
                1.44             -80.7526E-06 
                1.441            -80.6496E-06 
                1.442            -80.5464E-06 
                1.443            -80.443E-06  
                1.444            -80.3394E-06 
                1.445            -80.2356E-06 
                1.446            -80.1316E-06 
                1.447            -80.0274E-06 
                1.448            -79.923E-06  
                1.449            -79.8184E-06 
                1.45             -79.7135E-06 
                1.451            -79.6085E-06 
                1.452            -79.5033E-06 
                1.453            -79.3979E-06 
                1.454            -79.2923E-06 
                1.455            -79.1865E-06 
                1.456            -79.0805E-06 
                1.457            -78.9743E-06 
                1.458            -78.8679E-06 
                1.459            -78.7613E-06 
                1.46             -78.6545E-06 
                1.461            -78.5475E-06 
                1.462            -78.4403E-06 
                1.463            -78.3329E-06 
                1.464            -78.2253E-06 
                1.465            -78.1176E-06 
                1.466            -78.0096E-06 
                1.467            -77.9014E-06 
                1.468            -77.793E-06  
                1.469            -77.6845E-06 
                1.47             -77.5757E-06 
                1.471            -77.4668E-06 
                1.472            -77.3576E-06 
                1.473            -77.2483E-06 
                1.474            -77.1388E-06 
                1.475            -77.029E-06  
                1.476            -76.9191E-06 
                1.477            -76.809E-06  
                1.478            -76.6987E-06 
                1.479            -76.5882E-06 
                1.48             -76.4775E-06 
                1.481            -76.3666E-06 
                1.482            -76.2555E-06 
                1.483            -76.1442E-06 
                1.484            -76.0328E-06 
                1.485            -75.9211E-06 
                1.486            -75.8093E-06 
                1.487            -75.6973E-06 
                1.488            -75.585E-06  
                1.489            -75.4726E-06 
                1.49             -75.36E-06   
                1.491            -75.2472E-06 
                1.492            -75.1342E-06 
                1.493            -75.021E-06  
                1.494            -74.9077E-06 
                1.495            -74.7941E-06 
                1.496            -74.6804E-06 
                1.497            -74.5665E-06 
                1.498            -74.4523E-06 
                1.499            -74.338E-06  
                1.5              -74.2235E-06 
                1.501            -74.1088E-06 
                1.502            -73.994E-06  
                1.503            -73.8789E-06 
                1.504            -73.7637E-06 
                1.505            -73.6482E-06 
                1.506            -73.5326E-06 
                1.507            -73.4168E-06 
                1.508            -73.3008E-06 
                1.509            -73.1847E-06 
                1.51             -73.0683E-06 
                1.511            -72.9518E-06 
                1.512            -72.835E-06  
                1.513            -72.7181E-06 
                1.514            -72.601E-06  
                1.515            -72.4837E-06 
                1.516            -72.3663E-06 
                1.517            -72.2486E-06 
                1.518            -72.1308E-06 
                1.519            -72.0128E-06 
                1.52             -71.8946E-06 
                1.521            -71.7762E-06 
                1.522            -71.6576E-06 
                1.523            -71.5389E-06 
                1.524            -71.4199E-06 
                1.525            -71.3008E-06 
                1.526            -71.1815E-06 
                1.527            -71.0621E-06 
                1.528            -70.9424E-06 
                1.529            -70.8226E-06 
                1.53             -70.7026E-06 
                1.531            -70.5824E-06 
                1.532            -70.462E-06  
                1.533            -70.3415E-06 
                1.534            -70.2208E-06 
                1.535            -70.0999E-06 
                1.536            -69.9788E-06 
                1.537            -69.8575E-06 
                1.538            -69.7361E-06 
                1.539            -69.6144E-06 
                1.54             -69.4927E-06 
                1.541            -69.3707E-06 
                1.542            -69.2485E-06 
                1.543            -69.1262E-06 
                1.544            -69.0037E-06 
                1.545            -68.881E-06  
                1.546            -68.7582E-06 
                1.547            -68.6351E-06 
                1.548            -68.5119E-06 
                1.549            -68.3885E-06 
                1.55             -68.265E-06  
                1.551            -68.1413E-06 
                1.552            -68.0173E-06 
                1.553            -67.8933E-06 
                1.554            -67.769E-06  
                1.555            -67.6446E-06 
                1.556            -67.52E-06   
                1.557            -67.3952E-06 
                1.558            -67.2703E-06 
                1.559            -67.1452E-06 
                1.56             -67.0199E-06 
                1.561            -66.8944E-06 
                1.562            -66.7688E-06 
                1.563            -66.643E-06  
                1.564            -66.517E-06  
                1.565            -66.3909E-06 
                1.566            -66.2646E-06 
                1.567            -66.1381E-06 
                1.568            -66.0115E-06 
                1.569            -65.8846E-06 
                1.57             -65.7576E-06 
                1.571            -65.6305E-06 
                1.572            -65.5031E-06 
                1.573            -65.3757E-06 
                1.574            -65.248E-06  
                1.575            -65.1201E-06 
                1.576            -64.9922E-06 
                1.577            -64.864E-06  
                1.578            -64.7357E-06 
                1.579            -64.6072E-06 
                1.58             -64.4785E-06 
                1.581            -64.3497E-06 
                1.582            -64.2207E-06 
                1.583            -64.0915E-06 
                1.584            -63.9622E-06 
                1.585            -63.8327E-06 
                1.586            -63.703E-06  
                1.587            -63.5732E-06 
                1.588            -63.4432E-06 
                1.589            -63.3131E-06 
                1.59             -63.1828E-06 
                1.591            -63.0523E-06 
                1.592            -62.9217E-06 
                1.593            -62.7909E-06 
                1.594            -62.6599E-06 
                1.595            -62.5288E-06 
                1.596            -62.3975E-06 
                1.597            -62.266E-06  
                1.598            -62.1344E-06 
                1.599            -62.0027E-06 
                1.6              -61.8707E-06 
                1.601            -61.7387E-06 
                1.602            -61.6064E-06 
                1.603            -61.474E-06  
                1.604            -61.3414E-06 
                1.605            -61.2087E-06 
                1.606            -61.0758E-06 
                1.607            -60.9428E-06 
                1.608            -60.8096E-06 
                1.609            -60.6762E-06 
                1.61             -60.5427E-06 
                1.611            -60.4091E-06 
                1.612            -60.2752E-06 
                1.613            -60.1412E-06 
                1.614            -60.0071E-06 
                1.615            -59.8728E-06 
                1.616            -59.7383E-06 
                1.617            -59.6037E-06 
                1.618            -59.469E-06  
                1.619            -59.3341E-06 
                1.62             -59.199E-06  
                1.621            -59.0638E-06 
                1.622            -58.9284E-06 
                1.623            -58.7929E-06 
                1.624            -58.6572E-06 
                1.625            -58.5213E-06 
                1.626            -58.3853E-06 
                1.627            -58.2492E-06 
                1.628            -58.1129E-06 
                1.629            -57.9765E-06 
                1.63             -57.8399E-06 
                1.631            -57.7031E-06 
                1.632            -57.5662E-06 
                1.633            -57.4292E-06 
                1.634            -57.292E-06  
                1.635            -57.1546E-06 
                1.636            -57.0171E-06 
                1.637            -56.8795E-06 
                1.638            -56.7417E-06 
                1.639            -56.6038E-06 
                1.64             -56.4657E-06 
                1.641            -56.3274E-06 
                1.642            -56.1891E-06 
                1.643            -56.0505E-06 
                1.644            -55.9118E-06 
                1.645            -55.773E-06  
                1.646            -55.6341E-06 
                1.647            -55.4949E-06 
                1.648            -55.3557E-06 
                1.649            -55.2163E-06 
                1.65             -55.0767E-06 
                1.651            -54.937E-06  
                1.652            -54.7972E-06 
                1.653            -54.6572E-06 
                1.654            -54.5171E-06 
                1.655            -54.3768E-06 
                1.656            -54.2364E-06 
                1.657            -54.0959E-06 
                1.658            -53.9552E-06 
                1.659            -53.8143E-06 
                1.66             -53.6733E-06 
                1.661            -53.5322E-06 
                1.662            -53.391E-06  
                1.663            -53.2495E-06 
                1.664            -53.108E-06  
                1.665            -52.9663E-06 
                1.666            -52.8245E-06 
                1.667            -52.6825E-06 
                1.668            -52.5404E-06 
                1.669            -52.3982E-06 
                1.67             -52.2558E-06 
                1.671            -52.1133E-06 
                1.672            -51.9707E-06 
                1.673            -51.8279E-06 
                1.674            -51.6849E-06 
                1.675            -51.5419E-06 
                1.676            -51.3987E-06 
                1.677            -51.2554E-06 
                1.678            -51.1119E-06 
                1.679            -50.9683E-06 
                1.68             -50.8246E-06 
                1.681            -50.6807E-06 
                1.682            -50.5367E-06 
                1.683            -50.3925E-06 
                1.684            -50.2482E-06 
                1.685            -50.1039E-06 
                1.686            -49.9593E-06 
                1.687            -49.8146E-06 
                1.688            -49.6698E-06 
                1.689            -49.5249E-06 
                1.69             -49.3798E-06 
                1.691            -49.2346E-06 
                1.692            -49.0893E-06 
                1.693            -48.9438E-06 
                1.694            -48.7982E-06 
                1.695            -48.6525E-06 
                1.696            -48.5067E-06 
                1.697            -48.3607E-06 
                1.698            -48.2146E-06 
                1.699            -48.0684E-06 
                1.7              -47.922E-06  
                1.701            -47.7755E-06 
                1.702            -47.6289E-06 
                1.703            -47.4822E-06 
                1.704            -47.3353E-06 
                1.705            -47.1883E-06 
                1.706            -47.0412E-06 
                1.707            -46.8939E-06 
                1.708            -46.7466E-06 
                1.709            -46.5991E-06 
                1.71             -46.4514E-06 
                1.711            -46.3037E-06 
                1.712            -46.1558E-06 
                1.713            -46.0078E-06 
                1.714            -45.8597E-06 
                1.715            -45.7115E-06 
                1.716            -45.5631E-06 
                1.717            -45.4146E-06 
                1.718            -45.266E-06  
                1.719            -45.1173E-06 
                1.72             -44.9685E-06 
                1.721            -44.8195E-06 
                1.722            -44.6704E-06 
                1.723            -44.5212E-06 
                1.724            -44.3719E-06 
                1.725            -44.2224E-06 
                1.726            -44.0729E-06 
                1.727            -43.9232E-06 
                1.728            -43.7734E-06 
                1.729            -43.6235E-06 
                1.73             -43.4734E-06 
                1.731            -43.3233E-06 
                1.732            -43.173E-06  
                1.733            -43.0226E-06 
                1.734            -42.8722E-06 
                1.735            -42.7215E-06 
                1.736            -42.5708E-06 
                1.737            -42.42E-06   
                1.738            -42.269E-06  
                1.739            -42.1179E-06 
                1.74             -41.9668E-06 
                1.741            -41.8154E-06 
                1.742            -41.664E-06  
                1.743            -41.5125E-06 
                1.744            -41.3609E-06 
                1.745            -41.2091E-06 
                1.746            -41.0573E-06 
                1.747            -40.9053E-06 
                1.748            -40.7532E-06 
                1.749            -40.6011E-06 
                1.75             -40.4488E-06 
                1.751            -40.2963E-06 
                1.752            -40.1438E-06 
                1.753            -39.9912E-06 
                1.754            -39.8385E-06 
                1.755            -39.6856E-06 
                1.756            -39.5327E-06 
                1.757            -39.3796E-06 
                1.758            -39.2265E-06 
                1.759            -39.0732E-06 
                1.76             -38.9198E-06 
                1.761            -38.7663E-06 
                1.762            -38.6128E-06 
                1.763            -38.4591E-06 
                1.764            -38.3052E-06 
                1.765            -38.1514E-06 
                1.766            -37.9974E-06 
                1.767            -37.8433E-06 
                1.768            -37.689E-06  
                1.769            -37.5347E-06 
                1.77             -37.3803E-06 
                1.771            -37.2258E-06 
                1.772            -37.0712E-06 
                1.773            -36.9165E-06 
                1.774            -36.7616E-06 
                1.775            -36.6067E-06 
                1.776            -36.4517E-06 
                1.777            -36.2966E-06 
                1.778            -36.1414E-06 
                1.779            -35.986E-06  
                1.78             -35.8306E-06 
                1.781            -35.6751E-06 
                1.782            -35.5195E-06 
                1.783            -35.3638E-06 
                1.784            -35.208E-06  
                1.785            -35.0521E-06 
                1.786            -34.8961E-06 
                1.787            -34.74E-06   
                1.788            -34.5838E-06 
                1.789            -34.4275E-06 
                1.79             -34.2712E-06 
                1.791            -34.1147E-06 
                1.792            -33.9581E-06 
                1.793            -33.8015E-06 
                1.794            -33.6447E-06 
                1.795            -33.4879E-06 
                1.796            -33.3309E-06 
                1.797            -33.1739E-06 
                1.798            -33.0168E-06 
                1.799            -32.8596E-06 
                1.8              -32.7023E-06 
                1.801            -32.5449E-06 
                1.802            -32.3874E-06 
                1.803            -32.2299E-06 
                1.804            -32.0722E-06 
                1.805            -31.9145E-06 
                1.806            -31.7566E-06 
                1.807            -31.5987E-06 
                1.808            -31.4407E-06 
                1.809            -31.2826E-06 
                1.81             -31.1244E-06 
                1.811            -30.9662E-06 
                1.812            -30.8078E-06 
                1.813            -30.6494E-06 
                1.814            -30.4908E-06 
                1.815            -30.3322E-06 
                1.816            -30.1736E-06 
                1.817            -30.0148E-06 
                1.818            -29.8559E-06 
                1.819            -29.697E-06  
                1.82             -29.538E-06  
                1.821            -29.3789E-06 
                1.822            -29.2197E-06 
                1.823            -29.0604E-06 
                1.824            -28.9011E-06 
                1.825            -28.7416E-06 
                1.826            -28.5821E-06 
                1.827            -28.4225E-06 
                1.828            -28.2629E-06 
                1.829            -28.1031E-06 
                1.83             -27.9433E-06 
                1.831            -27.7834E-06 
                1.832            -27.6234E-06 
                1.833            -27.4634E-06 
                1.834            -27.3032E-06 
                1.835            -27.143E-06  
                1.836            -26.9828E-06 
                1.837            -26.8224E-06 
                1.838            -26.6619E-06 
                1.839            -26.5014E-06 
                1.84             -26.3409E-06 
                1.841            -26.1802E-06 
                1.842            -26.0195E-06 
                1.843            -25.8587E-06 
                1.844            -25.6978E-06 
                1.845            -25.5369E-06 
                1.846            -25.3759E-06 
                1.847            -25.2148E-06 
                1.848            -25.0536E-06 
                1.849            -24.8924E-06 
                1.85             -24.7311E-06 
                1.851            -24.5697E-06 
                1.852            -24.4083E-06 
                1.853            -24.2467E-06 
                1.854            -24.0852E-06 
                1.855            -23.9235E-06 
                1.856            -23.7618E-06 
                1.857            -23.6001E-06 
                1.858            -23.4382E-06 
                1.859            -23.2763E-06 
                1.86             -23.1143E-06 
                1.861            -22.9523E-06 
                1.862            -22.7902E-06 
                1.863            -22.628E-06  
                1.864            -22.4658E-06 
                1.865            -22.3035E-06 
                1.866            -22.1411E-06 
                1.867            -21.9787E-06 
                1.868            -21.8162E-06 
                1.869            -21.6537E-06 
                1.87             -21.4911E-06 
                1.871            -21.3284E-06 
                1.872            -21.1657E-06 
                1.873            -21.0029E-06 
                1.874            -20.8401E-06 
                1.875            -20.6772E-06 
                1.876            -20.5142E-06 
                1.877            -20.3512E-06 
                1.878            -20.1881E-06 
                1.879            -20.025E-06  
                1.88             -19.8618E-06 
                1.881            -19.6985E-06 
                1.882            -19.5352E-06 
                1.883            -19.3718E-06 
                1.884            -19.2084E-06 
                1.885            -19.045E-06  
                1.886            -18.8814E-06 
                1.887            -18.7179E-06 
                1.888            -18.5542E-06 
                1.889            -18.3905E-06 
                1.89             -18.2268E-06 
                1.891            -18.063E-06  
                1.892            -17.8992E-06 
                1.893            -17.7353E-06 
                1.894            -17.5713E-06 
                1.895            -17.4073E-06 
                1.896            -17.2433E-06 
                1.897            -17.0792E-06 
                1.898            -16.9151E-06 
                1.899            -16.7509E-06 
                1.9              -16.5866E-06 
                1.901            -16.4223E-06 
                1.902            -16.258E-06  
                1.903            -16.0936E-06 
                1.904            -15.9292E-06 
                1.905            -15.7647E-06 
                1.906            -15.6002E-06 
                1.907            -15.4357E-06 
                1.908            -15.2711E-06 
                1.909            -15.1064E-06 
                1.91             -14.9417E-06 
                1.911            -14.777E-06  
                1.912            -14.6122E-06 
                1.913            -14.4474E-06 
                1.914            -14.2825E-06 
                1.915            -14.1176E-06 
                1.916            -13.9527E-06 
                1.917            -13.7877E-06 
                1.918            -13.6227E-06 
                1.919            -13.4576E-06 
                1.92             -13.2925E-06 
                1.921            -13.1274E-06 
                1.922            -12.9622E-06 
                1.923            -12.797E-06  
                1.924            -12.6317E-06 
                1.925            -12.4664E-06 
                1.926            -12.3011E-06 
                1.927            -12.1357E-06 
                1.928            -11.9703E-06 
                1.929            -11.8049E-06 
                1.93             -11.6395E-06 
                1.931            -11.4739E-06 
                1.932            -11.3084E-06 
                1.933            -11.1429E-06 
                1.934            -10.9772E-06 
                1.935            -10.8116E-06 
                1.936            -10.646E-06  
                1.937            -10.4803E-06 
                1.938            -10.3146E-06 
                1.939            -10.1488E-06 
                1.94              -9.983E-06  
                1.941             -9.81721E-06
                1.942             -9.65136E-06
                1.943             -9.4855E-06 
                1.944             -9.3196E-06 
                1.945             -9.15367E-06
                1.946             -8.98773E-06
                1.947             -8.82175E-06
                1.948             -8.65576E-06
                1.949             -8.48972E-06
                1.95              -8.32366E-06
                1.951             -8.1576E-06 
                1.952             -7.99149E-06
                1.953             -7.82538E-06
                1.954             -7.65922E-06
                1.955             -7.49305E-06
                1.956             -7.32687E-06
                1.957             -7.16065E-06
                1.958             -6.99443E-06
                1.959             -6.82816E-06
                1.96              -6.66188E-06
                1.961             -6.4956E-06 
                1.962             -6.32928E-06
                1.963             -6.16294E-06
                1.964             -5.9966E-06 
                1.965             -5.83023E-06
                1.966             -5.66385E-06
                1.967             -5.49744E-06
                1.968             -5.33102E-06
                1.969             -5.1646E-06 
                1.97              -4.99814E-06
                1.971             -4.83169E-06
                1.972             -4.6652E-06 
                1.973             -4.4987E-06 
                1.974             -4.33221E-06
                1.975             -4.16568E-06
                1.976             -3.99917E-06
                1.977             -3.83262E-06
                1.978             -3.66606E-06
                1.979             -3.4995E-06 
                1.98              -3.33292E-06
                1.981             -3.16635E-06
                1.982             -2.99975E-06
                1.983             -2.83313E-06
                1.984             -2.66653E-06
                1.985             -2.49991E-06
                1.986             -2.33329E-06
                1.987             -2.16665E-06
                1.988             -2.E-06     
                1.989             -1.83337E-06
                1.99              -1.66671E-06
                1.991             -1.50004E-06
                1.992             -1.3334E-06 
                1.993             -1.16672E-06
                1.994             -1.00007E-06
                1.995           -833.387E-09  
                1.996           -666.704E-09  
                1.997           -500.039E-09  
                1.998           -333.353E-09  
                1.999           -166.688E-09  
                2.                -0.         




